<?xml version="1.0" encoding="utf-8"?>
<!DOCTYPE coverage SYSTEM "http://cobertura.sourceforge.net/xml/coverage-04.dtd">
<coverage line-rate="0.643375680580762" branch-rate="0.414965986394558" lines-covered="1418" lines-valid="2204" branches-covered="122" branches-valid="294" complexity="640" version="0" timestamp="1691752848">
  <sources>
    <source>C:\</source>
  </sources>
  <packages>
    <package name="TalentConsulting.TalentSuite.Projects.API" line-rate="0.844133099824869" branch-rate="0.602941176470588" complexity="158">
      <classes>
        <class name="TalentConsulting.TalentSuite.Projects.API.Commands.CreateProject.CreateProjectCommand" filename="C:\Projects\TalentConsulting\talentsuite-project-api\src\TalentConsulting.TalentSuite.Projects.API\Commands\CreateProject\CreateProjectCommand.cs" line-rate="1" branch-rate="1" complexity="2">
          <methods>
            <method name="get_ProjectDto" signature="()" line-rate="1" branch-rate="1" complexity="1">
              <lines>
                <line number="18" hits="55" branch="false" />
              </lines>
            </method>
            <method name=".ctor" signature="(...)" line-rate="1" branch-rate="1" complexity="1">
              <lines>
                <line number="13" hits="11" branch="false" />
                <line number="14" hits="11" branch="false" />
                <line number="15" hits="11" branch="false" />
                <line number="16" hits="11" branch="false" />
              </lines>
            </method>
          </methods>
          <lines>
            <line number="13" hits="11" branch="false" />
            <line number="14" hits="11" branch="false" />
            <line number="15" hits="11" branch="false" />
            <line number="16" hits="11" branch="false" />
            <line number="18" hits="55" branch="false" />
          </lines>
        </class>
        <class name="TalentConsulting.TalentSuite.Projects.API.Commands.CreateProject.CreateProjectCommandHandler" filename="C:\Projects\TalentConsulting\talentsuite-project-api\src\TalentConsulting.TalentSuite.Projects.API\Commands\CreateProject\CreateProjectCommand.cs" line-rate="0.968421052631579" branch-rate="0.717391304347826" complexity="47">
          <methods>
            <method name="AttachExistingClientProjects" signature="(...)" line-rate="1" branch-rate="0.75" complexity="8">
              <lines>
                <line number="66" hits="4" branch="false" />
                <line number="67" hits="4" branch="false" />
                <line number="69" hits="4" branch="true" condition-coverage="50% (2/4)" />
                <line number="70" hits="2" branch="false" />
                <line number="72" hits="2" branch="false" />
                <line number="74" hits="8" branch="true" condition-coverage="100% (2/2)" />
                <line number="75" hits="2" branch="false" />
                <line number="76" hits="2" branch="false" />
                <line number="77" hits="3" branch="false" />
                <line number="78" hits="2" branch="true" condition-coverage="100% (2/2)" />
                <line number="79" hits="2" branch="false" />
                <line number="81" hits="2" branch="false" />
                <line number="82" hits="4" branch="false" />
              </lines>
            </method>
            <method name="AttachExistingContacts" signature="(...)" line-rate="1" branch-rate="0.75" complexity="8">
              <lines>
                <line number="85" hits="4" branch="false" />
                <line number="86" hits="4" branch="false" />
                <line number="88" hits="4" branch="true" condition-coverage="50% (2/4)" />
                <line number="89" hits="2" branch="false" />
                <line number="91" hits="2" branch="false" />
                <line number="93" hits="8" branch="true" condition-coverage="100% (2/2)" />
                <line number="94" hits="2" branch="false" />
                <line number="95" hits="2" branch="false" />
                <line number="96" hits="3" branch="false" />
                <line number="97" hits="2" branch="true" condition-coverage="100% (2/2)" />
                <line number="98" hits="2" branch="false" />
                <line number="100" hits="2" branch="false" />
                <line number="101" hits="4" branch="false" />
              </lines>
            </method>
            <method name="AttachExistingReports" signature="(...)" line-rate="1" branch-rate="0.75" complexity="8">
              <lines>
                <line number="104" hits="4" branch="false" />
                <line number="105" hits="4" branch="false" />
                <line number="107" hits="4" branch="true" condition-coverage="50% (2/4)" />
                <line number="108" hits="2" branch="false" />
                <line number="110" hits="2" branch="false" />
                <line number="112" hits="8" branch="true" condition-coverage="100% (2/2)" />
                <line number="113" hits="2" branch="false" />
                <line number="114" hits="2" branch="false" />
                <line number="115" hits="2" branch="false" />
                <line number="116" hits="2" branch="false" />
                <line number="117" hits="2" branch="true" condition-coverage="100% (2/2)" />
                <line number="118" hits="2" branch="false" />
                <line number="120" hits="2" branch="false" />
                <line number="121" hits="4" branch="false" />
              </lines>
            </method>
            <method name="AttachExistingRisks" signature="(...)" line-rate="0.923076923076923" branch-rate="0.75" complexity="8">
              <lines>
                <line number="124" hits="2" branch="false" />
                <line number="125" hits="2" branch="false" />
                <line number="127" hits="2" branch="true" condition-coverage="50% (2/4)" />
                <line number="128" hits="0" branch="false" />
                <line number="130" hits="2" branch="false" />
                <line number="132" hits="8" branch="true" condition-coverage="100% (2/2)" />
                <line number="133" hits="2" branch="false" />
                <line number="134" hits="2" branch="false" />
                <line number="135" hits="3" branch="false" />
                <line number="136" hits="2" branch="true" condition-coverage="100% (2/2)" />
                <line number="137" hits="2" branch="false" />
                <line number="139" hits="2" branch="false" />
                <line number="140" hits="2" branch="false" />
              </lines>
            </method>
            <method name="AttachExistingSows" signature="(...)" line-rate="1" branch-rate="0.75" complexity="8">
              <lines>
                <line number="143" hits="4" branch="false" />
                <line number="144" hits="4" branch="false" />
                <line number="146" hits="4" branch="true" condition-coverage="50% (2/4)" />
                <line number="147" hits="2" branch="false" />
                <line number="149" hits="2" branch="false" />
                <line number="151" hits="8" branch="true" condition-coverage="100% (2/2)" />
                <line number="152" hits="2" branch="false" />
                <line number="153" hits="2" branch="false" />
                <line number="154" hits="3" branch="false" />
                <line number="155" hits="2" branch="true" condition-coverage="100% (2/2)" />
                <line number="156" hits="2" branch="false" />
                <line number="158" hits="2" branch="false" />
                <line number="159" hits="4" branch="false" />
              </lines>
            </method>
            <method name=".ctor" signature="(...)" line-rate="1" branch-rate="1" complexity="1">
              <lines>
                <line number="26" hits="5" branch="false" />
                <line number="27" hits="5" branch="false" />
                <line number="28" hits="5" branch="false" />
                <line number="29" hits="5" branch="false" />
                <line number="30" hits="5" branch="false" />
                <line number="31" hits="5" branch="false" />
              </lines>
            </method>
            <method name="Handle" signature="()" line-rate="0.91304347826087" branch-rate="0.5" complexity="6">
              <lines>
                <line number="33" hits="5" branch="false" />
                <line number="35" hits="5" branch="false" />
                <line number="36" hits="5" branch="false" />
                <line number="37" hits="5" branch="false" />
                <line number="39" hits="4" branch="false" />
                <line number="41" hits="4" branch="true" condition-coverage="50% (1/2)" />
                <line number="42" hits="0" branch="false" />
                <line number="44" hits="4" branch="false" />
                <line number="45" hits="4" branch="false" />
                <line number="46" hits="4" branch="false" />
                <line number="47" hits="4" branch="false" />
                <line number="49" hits="4" branch="false" />
                <line number="50" hits="4" branch="false" />
                <line number="51" hits="4" branch="false" />
                <line number="52" hits="4" branch="false" />
                <line number="53" hits="1" branch="false" />
                <line number="54" hits="1" branch="false" />
                <line number="55" hits="1" branch="false" />
                <line number="56" hits="1" branch="false" />
                <line number="59" hits="4" branch="true" condition-coverage="50% (2/4)" />
                <line number="60" hits="4" branch="false" />
                <line number="62" hits="0" branch="false" />
                <line number="63" hits="4" branch="false" />
              </lines>
            </method>
          </methods>
          <lines>
            <line number="26" hits="5" branch="false" />
            <line number="27" hits="5" branch="false" />
            <line number="28" hits="5" branch="false" />
            <line number="29" hits="5" branch="false" />
            <line number="30" hits="5" branch="false" />
            <line number="31" hits="5" branch="false" />
            <line number="33" hits="5" branch="false" />
            <line number="35" hits="5" branch="false" />
            <line number="36" hits="5" branch="false" />
            <line number="37" hits="5" branch="false" />
            <line number="39" hits="4" branch="false" />
            <line number="41" hits="4" branch="true" condition-coverage="50% (1/2)" />
            <line number="42" hits="0" branch="false" />
            <line number="44" hits="4" branch="false" />
            <line number="45" hits="4" branch="false" />
            <line number="46" hits="4" branch="false" />
            <line number="47" hits="4" branch="false" />
            <line number="49" hits="4" branch="false" />
            <line number="50" hits="4" branch="false" />
            <line number="51" hits="4" branch="false" />
            <line number="52" hits="4" branch="false" />
            <line number="53" hits="1" branch="false" />
            <line number="54" hits="1" branch="false" />
            <line number="55" hits="1" branch="false" />
            <line number="56" hits="1" branch="false" />
            <line number="59" hits="4" branch="true" condition-coverage="50% (2/4)" />
            <line number="60" hits="4" branch="false" />
            <line number="62" hits="0" branch="false" />
            <line number="63" hits="4" branch="false" />
            <line number="66" hits="4" branch="false" />
            <line number="67" hits="4" branch="false" />
            <line number="69" hits="4" branch="true" condition-coverage="50% (2/4)" />
            <line number="70" hits="2" branch="false" />
            <line number="72" hits="2" branch="false" />
            <line number="74" hits="8" branch="true" condition-coverage="100% (2/2)" />
            <line number="75" hits="2" branch="false" />
            <line number="76" hits="2" branch="false" />
            <line number="77" hits="3" branch="false" />
            <line number="78" hits="2" branch="true" condition-coverage="100% (2/2)" />
            <line number="79" hits="2" branch="false" />
            <line number="81" hits="2" branch="false" />
            <line number="82" hits="4" branch="false" />
            <line number="85" hits="4" branch="false" />
            <line number="86" hits="4" branch="false" />
            <line number="88" hits="4" branch="true" condition-coverage="50% (2/4)" />
            <line number="89" hits="2" branch="false" />
            <line number="91" hits="2" branch="false" />
            <line number="93" hits="8" branch="true" condition-coverage="100% (2/2)" />
            <line number="94" hits="2" branch="false" />
            <line number="95" hits="2" branch="false" />
            <line number="96" hits="3" branch="false" />
            <line number="97" hits="2" branch="true" condition-coverage="100% (2/2)" />
            <line number="98" hits="2" branch="false" />
            <line number="100" hits="2" branch="false" />
            <line number="101" hits="4" branch="false" />
            <line number="104" hits="4" branch="false" />
            <line number="105" hits="4" branch="false" />
            <line number="107" hits="4" branch="true" condition-coverage="50% (2/4)" />
            <line number="108" hits="2" branch="false" />
            <line number="110" hits="2" branch="false" />
            <line number="112" hits="8" branch="true" condition-coverage="100% (2/2)" />
            <line number="113" hits="2" branch="false" />
            <line number="114" hits="2" branch="false" />
            <line number="115" hits="2" branch="false" />
            <line number="116" hits="2" branch="false" />
            <line number="117" hits="2" branch="true" condition-coverage="100% (2/2)" />
            <line number="118" hits="2" branch="false" />
            <line number="120" hits="2" branch="false" />
            <line number="121" hits="4" branch="false" />
            <line number="124" hits="2" branch="false" />
            <line number="125" hits="2" branch="false" />
            <line number="127" hits="2" branch="true" condition-coverage="50% (2/4)" />
            <line number="128" hits="0" branch="false" />
            <line number="130" hits="2" branch="false" />
            <line number="132" hits="8" branch="true" condition-coverage="100% (2/2)" />
            <line number="133" hits="2" branch="false" />
            <line number="134" hits="2" branch="false" />
            <line number="135" hits="3" branch="false" />
            <line number="136" hits="2" branch="true" condition-coverage="100% (2/2)" />
            <line number="137" hits="2" branch="false" />
            <line number="139" hits="2" branch="false" />
            <line number="140" hits="2" branch="false" />
            <line number="143" hits="4" branch="false" />
            <line number="144" hits="4" branch="false" />
            <line number="146" hits="4" branch="true" condition-coverage="50% (2/4)" />
            <line number="147" hits="2" branch="false" />
            <line number="149" hits="2" branch="false" />
            <line number="151" hits="8" branch="true" condition-coverage="100% (2/2)" />
            <line number="152" hits="2" branch="false" />
            <line number="153" hits="2" branch="false" />
            <line number="154" hits="3" branch="false" />
            <line number="155" hits="2" branch="true" condition-coverage="100% (2/2)" />
            <line number="156" hits="2" branch="false" />
            <line number="158" hits="2" branch="false" />
            <line number="159" hits="4" branch="false" />
          </lines>
        </class>
        <class name="TalentConsulting.TalentSuite.Projects.API.Commands.CreateProject.CreateProjectCommandValidator" filename="C:\Projects\TalentConsulting\talentsuite-project-api\src\TalentConsulting.TalentSuite.Projects.API\Commands\CreateProject\CreateProjectCommandValidator.cs" line-rate="1" branch-rate="1" complexity="1">
          <methods>
            <method name=".ctor" signature="()" line-rate="1" branch-rate="1" complexity="1">
              <lines>
                <line number="7" hits="6" branch="false" />
                <line number="8" hits="6" branch="false" />
                <line number="9" hits="6" branch="false" />
                <line number="10" hits="6" branch="false" />
                <line number="12" hits="6" branch="false" />
                <line number="13" hits="6" branch="false" />
                <line number="14" hits="6" branch="false" />
                <line number="15" hits="6" branch="false" />
                <line number="17" hits="6" branch="false" />
                <line number="18" hits="6" branch="false" />
                <line number="19" hits="6" branch="false" />
                <line number="20" hits="6" branch="false" />
                <line number="22" hits="6" branch="false" />
                <line number="23" hits="6" branch="false" />
                <line number="24" hits="6" branch="false" />
                <line number="25" hits="6" branch="false" />
                <line number="27" hits="6" branch="false" />
                <line number="28" hits="6" branch="false" />
                <line number="29" hits="6" branch="false" />
                <line number="30" hits="6" branch="false" />
                <line number="32" hits="6" branch="false" />
                <line number="33" hits="6" branch="false" />
                <line number="35" hits="6" branch="false" />
                <line number="36" hits="6" branch="false" />
                <line number="37" hits="6" branch="false" />
              </lines>
            </method>
          </methods>
          <lines>
            <line number="7" hits="6" branch="false" />
            <line number="8" hits="6" branch="false" />
            <line number="9" hits="6" branch="false" />
            <line number="10" hits="6" branch="false" />
            <line number="12" hits="6" branch="false" />
            <line number="13" hits="6" branch="false" />
            <line number="14" hits="6" branch="false" />
            <line number="15" hits="6" branch="false" />
            <line number="17" hits="6" branch="false" />
            <line number="18" hits="6" branch="false" />
            <line number="19" hits="6" branch="false" />
            <line number="20" hits="6" branch="false" />
            <line number="22" hits="6" branch="false" />
            <line number="23" hits="6" branch="false" />
            <line number="24" hits="6" branch="false" />
            <line number="25" hits="6" branch="false" />
            <line number="27" hits="6" branch="false" />
            <line number="28" hits="6" branch="false" />
            <line number="29" hits="6" branch="false" />
            <line number="30" hits="6" branch="false" />
            <line number="32" hits="6" branch="false" />
            <line number="33" hits="6" branch="false" />
            <line number="35" hits="6" branch="false" />
            <line number="36" hits="6" branch="false" />
            <line number="37" hits="6" branch="false" />
          </lines>
        </class>
        <class name="TalentConsulting.TalentSuite.Projects.API.Commands.UpdateProject.UpdateProjectCommand" filename="C:\Projects\TalentConsulting\talentsuite-project-api\src\TalentConsulting.TalentSuite.Projects.API\Commands\UpdateProject\UpdateProjectCommand.cs" line-rate="1" branch-rate="1" complexity="3">
          <methods>
            <method name="get_Id" signature="()" line-rate="1" branch-rate="1" complexity="1">
              <lines>
                <line number="19" hits="5" branch="false" />
              </lines>
            </method>
            <method name="get_ProjectDto" signature="()" line-rate="1" branch-rate="1" complexity="1">
              <lines>
                <line number="20" hits="72" branch="false" />
              </lines>
            </method>
            <method name=".ctor" signature="(...)" line-rate="1" branch-rate="1" complexity="1">
              <lines>
                <line number="13" hits="11" branch="false" />
                <line number="14" hits="11" branch="false" />
                <line number="15" hits="11" branch="false" />
                <line number="16" hits="11" branch="false" />
                <line number="17" hits="11" branch="false" />
              </lines>
            </method>
          </methods>
          <lines>
            <line number="13" hits="11" branch="false" />
            <line number="14" hits="11" branch="false" />
            <line number="15" hits="11" branch="false" />
            <line number="16" hits="11" branch="false" />
            <line number="17" hits="11" branch="false" />
            <line number="19" hits="5" branch="false" />
            <line number="20" hits="72" branch="false" />
          </lines>
        </class>
        <class name="TalentConsulting.TalentSuite.Projects.API.Commands.UpdateProject.UpdateProjectCommandHandler" filename="C:\Projects\TalentConsulting\talentsuite-project-api\src\TalentConsulting.TalentSuite.Projects.API\Commands\UpdateProject\UpdateProjectCommand.cs" line-rate="0.774436090225564" branch-rate="0.571428571428571" complexity="57">
          <methods>
            <method name="AttachExistingClientProjects" signature="(...)" line-rate="1" branch-rate="0.7" complexity="10">
              <lines>
                <line number="70" hits="2" branch="false" />
                <line number="71" hits="2" branch="false" />
                <line number="73" hits="2" branch="true" condition-coverage="50% (2/4)" />
                <line number="74" hits="1" branch="false" />
                <line number="76" hits="1" branch="false" />
                <line number="78" hits="4" branch="true" condition-coverage="100% (2/2)" />
                <line number="79" hits="1" branch="false" />
                <line number="80" hits="1" branch="false" />
                <line number="81" hits="2" branch="false" />
                <line number="83" hits="1" branch="true" condition-coverage="100% (2/2)" />
                <line number="84" hits="1" branch="false" />
                <line number="85" hits="1" branch="false" />
                <line number="86" hits="1" branch="false" />
                <line number="88" hits="1" branch="false" />
                <line number="90" hits="1" branch="true" condition-coverage="50% (1/2)" />
                <line number="92" hits="1" branch="false" />
                <line number="94" hits="1" branch="false" />
                <line number="95" hits="2" branch="false" />
              </lines>
            </method>
            <method name="AttachExistingContacts" signature="(...)" line-rate="1" branch-rate="0.7" complexity="10">
              <lines>
                <line number="98" hits="2" branch="false" />
                <line number="99" hits="2" branch="false" />
                <line number="101" hits="2" branch="true" condition-coverage="50% (2/4)" />
                <line number="102" hits="1" branch="false" />
                <line number="104" hits="1" branch="false" />
                <line number="106" hits="4" branch="true" condition-coverage="100% (2/2)" />
                <line number="107" hits="1" branch="false" />
                <line number="108" hits="1" branch="false" />
                <line number="109" hits="2" branch="false" />
                <line number="111" hits="1" branch="true" condition-coverage="100% (2/2)" />
                <line number="112" hits="1" branch="false" />
                <line number="113" hits="1" branch="false" />
                <line number="114" hits="1" branch="false" />
                <line number="115" hits="1" branch="false" />
                <line number="116" hits="1" branch="false" />
                <line number="117" hits="1" branch="false" />
                <line number="119" hits="1" branch="true" condition-coverage="50% (1/2)" />
                <line number="120" hits="1" branch="false" />
                <line number="122" hits="1" branch="false" />
                <line number="123" hits="2" branch="false" />
              </lines>
            </method>
            <method name="AttachExistingReports" signature="(...)" line-rate="0.608695652173913" branch-rate="0.7" complexity="10">
              <lines>
                <line number="126" hits="2" branch="false" />
                <line number="127" hits="2" branch="false" />
                <line number="129" hits="2" branch="true" condition-coverage="50% (2/4)" />
                <line number="130" hits="1" branch="false" />
                <line number="132" hits="1" branch="false" />
                <line number="134" hits="4" branch="true" condition-coverage="100% (2/2)" />
                <line number="135" hits="1" branch="false" />
                <line number="136" hits="1" branch="false" />
                <line number="137" hits="1" branch="false" />
                <line number="139" hits="1" branch="true" condition-coverage="50% (1/2)" />
                <line number="140" hits="0" branch="false" />
                <line number="141" hits="0" branch="false" />
                <line number="142" hits="0" branch="false" />
                <line number="143" hits="0" branch="false" />
                <line number="144" hits="0" branch="false" />
                <line number="145" hits="0" branch="false" />
                <line number="146" hits="0" branch="false" />
                <line number="147" hits="0" branch="false" />
                <line number="148" hits="0" branch="false" />
                <line number="150" hits="1" branch="true" condition-coverage="100% (2/2)" />
                <line number="151" hits="1" branch="false" />
                <line number="153" hits="1" branch="false" />
                <line number="154" hits="2" branch="false" />
              </lines>
            </method>
            <method name="AttachExistingRisks" signature="(...)" line-rate="0" branch-rate="0" complexity="10">
              <lines>
                <line number="157" hits="0" branch="false" />
                <line number="158" hits="0" branch="false" />
                <line number="160" hits="0" branch="true" condition-coverage="0% (0/4)" />
                <line number="161" hits="0" branch="false" />
                <line number="163" hits="0" branch="false" />
                <line number="165" hits="0" branch="true" condition-coverage="0% (0/2)" />
                <line number="166" hits="0" branch="false" />
                <line number="167" hits="0" branch="false" />
                <line number="168" hits="0" branch="false" />
                <line number="170" hits="0" branch="true" condition-coverage="0% (0/2)" />
                <line number="171" hits="0" branch="false" />
                <line number="172" hits="0" branch="false" />
                <line number="173" hits="0" branch="false" />
                <line number="174" hits="0" branch="false" />
                <line number="175" hits="0" branch="false" />
                <line number="176" hits="0" branch="false" />
                <line number="178" hits="0" branch="true" condition-coverage="0% (0/2)" />
                <line number="179" hits="0" branch="false" />
                <line number="181" hits="0" branch="false" />
                <line number="182" hits="0" branch="false" />
              </lines>
            </method>
            <method name="AttachExistingSows" signature="(...)" line-rate="1" branch-rate="0.7" complexity="10">
              <lines>
                <line number="185" hits="2" branch="false" />
                <line number="186" hits="2" branch="false" />
                <line number="188" hits="2" branch="true" condition-coverage="50% (2/4)" />
                <line number="189" hits="1" branch="false" />
                <line number="191" hits="1" branch="false" />
                <line number="193" hits="4" branch="true" condition-coverage="100% (2/2)" />
                <line number="194" hits="1" branch="false" />
                <line number="195" hits="1" branch="false" />
                <line number="196" hits="2" branch="false" />
                <line number="198" hits="1" branch="true" condition-coverage="100% (2/2)" />
                <line number="199" hits="1" branch="false" />
                <line number="200" hits="1" branch="false" />
                <line number="201" hits="1" branch="false" />
                <line number="202" hits="1" branch="false" />
                <line number="203" hits="1" branch="false" />
                <line number="204" hits="1" branch="false" />
                <line number="205" hits="1" branch="false" />
                <line number="207" hits="1" branch="true" condition-coverage="50% (1/2)" />
                <line number="208" hits="1" branch="false" />
                <line number="210" hits="1" branch="false" />
                <line number="211" hits="2" branch="false" />
              </lines>
            </method>
            <method name=".ctor" signature="(...)" line-rate="1" branch-rate="1" complexity="1">
              <lines>
                <line number="28" hits="4" branch="false" />
                <line number="29" hits="4" branch="false" />
                <line number="30" hits="4" branch="false" />
                <line number="31" hits="4" branch="false" />
                <line number="32" hits="4" branch="false" />
                <line number="33" hits="4" branch="false" />
              </lines>
            </method>
            <method name="Handle" signature="()" line-rate="0.96" branch-rate="0.666666666666667" complexity="6">
              <lines>
                <line number="35" hits="4" branch="false" />
                <line number="36" hits="4" branch="false" />
                <line number="37" hits="4" branch="true" condition-coverage="100% (2/2)" />
                <line number="38" hits="1" branch="false" />
                <line number="39" hits="1" branch="false" />
                <line number="43" hits="3" branch="false" />
                <line number="44" hits="3" branch="false" />
                <line number="45" hits="2" branch="false" />
                <line number="46" hits="2" branch="false" />
                <line number="47" hits="2" branch="false" />
                <line number="48" hits="2" branch="false" />
                <line number="50" hits="2" branch="false" />
                <line number="51" hits="2" branch="false" />
                <line number="52" hits="2" branch="false" />
                <line number="53" hits="2" branch="false" />
                <line number="55" hits="2" branch="false" />
                <line number="56" hits="2" branch="false" />
                <line number="57" hits="1" branch="false" />
                <line number="58" hits="1" branch="false" />
                <line number="59" hits="1" branch="false" />
                <line number="60" hits="1" branch="false" />
                <line number="63" hits="2" branch="true" condition-coverage="50% (2/4)" />
                <line number="64" hits="2" branch="false" />
                <line number="66" hits="0" branch="false" />
                <line number="67" hits="2" branch="false" />
              </lines>
            </method>
          </methods>
          <lines>
            <line number="28" hits="4" branch="false" />
            <line number="29" hits="4" branch="false" />
            <line number="30" hits="4" branch="false" />
            <line number="31" hits="4" branch="false" />
            <line number="32" hits="4" branch="false" />
            <line number="33" hits="4" branch="false" />
            <line number="35" hits="4" branch="false" />
            <line number="36" hits="4" branch="false" />
            <line number="37" hits="4" branch="true" condition-coverage="100% (2/2)" />
            <line number="38" hits="1" branch="false" />
            <line number="39" hits="1" branch="false" />
            <line number="43" hits="3" branch="false" />
            <line number="44" hits="3" branch="false" />
            <line number="45" hits="2" branch="false" />
            <line number="46" hits="2" branch="false" />
            <line number="47" hits="2" branch="false" />
            <line number="48" hits="2" branch="false" />
            <line number="50" hits="2" branch="false" />
            <line number="51" hits="2" branch="false" />
            <line number="52" hits="2" branch="false" />
            <line number="53" hits="2" branch="false" />
            <line number="55" hits="2" branch="false" />
            <line number="56" hits="2" branch="false" />
            <line number="57" hits="1" branch="false" />
            <line number="58" hits="1" branch="false" />
            <line number="59" hits="1" branch="false" />
            <line number="60" hits="1" branch="false" />
            <line number="63" hits="2" branch="true" condition-coverage="50% (2/4)" />
            <line number="64" hits="2" branch="false" />
            <line number="66" hits="0" branch="false" />
            <line number="67" hits="2" branch="false" />
            <line number="70" hits="2" branch="false" />
            <line number="71" hits="2" branch="false" />
            <line number="73" hits="2" branch="true" condition-coverage="50% (2/4)" />
            <line number="74" hits="1" branch="false" />
            <line number="76" hits="1" branch="false" />
            <line number="78" hits="4" branch="true" condition-coverage="100% (2/2)" />
            <line number="79" hits="1" branch="false" />
            <line number="80" hits="1" branch="false" />
            <line number="81" hits="2" branch="false" />
            <line number="83" hits="1" branch="true" condition-coverage="100% (2/2)" />
            <line number="84" hits="1" branch="false" />
            <line number="85" hits="1" branch="false" />
            <line number="86" hits="1" branch="false" />
            <line number="88" hits="1" branch="false" />
            <line number="90" hits="1" branch="true" condition-coverage="50% (1/2)" />
            <line number="92" hits="1" branch="false" />
            <line number="94" hits="1" branch="false" />
            <line number="95" hits="2" branch="false" />
            <line number="98" hits="2" branch="false" />
            <line number="99" hits="2" branch="false" />
            <line number="101" hits="2" branch="true" condition-coverage="50% (2/4)" />
            <line number="102" hits="1" branch="false" />
            <line number="104" hits="1" branch="false" />
            <line number="106" hits="4" branch="true" condition-coverage="100% (2/2)" />
            <line number="107" hits="1" branch="false" />
            <line number="108" hits="1" branch="false" />
            <line number="109" hits="2" branch="false" />
            <line number="111" hits="1" branch="true" condition-coverage="100% (2/2)" />
            <line number="112" hits="1" branch="false" />
            <line number="113" hits="1" branch="false" />
            <line number="114" hits="1" branch="false" />
            <line number="115" hits="1" branch="false" />
            <line number="116" hits="1" branch="false" />
            <line number="117" hits="1" branch="false" />
            <line number="119" hits="1" branch="true" condition-coverage="50% (1/2)" />
            <line number="120" hits="1" branch="false" />
            <line number="122" hits="1" branch="false" />
            <line number="123" hits="2" branch="false" />
            <line number="126" hits="2" branch="false" />
            <line number="127" hits="2" branch="false" />
            <line number="129" hits="2" branch="true" condition-coverage="50% (2/4)" />
            <line number="130" hits="1" branch="false" />
            <line number="132" hits="1" branch="false" />
            <line number="134" hits="4" branch="true" condition-coverage="100% (2/2)" />
            <line number="135" hits="1" branch="false" />
            <line number="136" hits="1" branch="false" />
            <line number="137" hits="1" branch="false" />
            <line number="139" hits="1" branch="true" condition-coverage="50% (1/2)" />
            <line number="140" hits="0" branch="false" />
            <line number="141" hits="0" branch="false" />
            <line number="142" hits="0" branch="false" />
            <line number="143" hits="0" branch="false" />
            <line number="144" hits="0" branch="false" />
            <line number="145" hits="0" branch="false" />
            <line number="146" hits="0" branch="false" />
            <line number="147" hits="0" branch="false" />
            <line number="148" hits="0" branch="false" />
            <line number="150" hits="1" branch="true" condition-coverage="100% (2/2)" />
            <line number="151" hits="1" branch="false" />
            <line number="153" hits="1" branch="false" />
            <line number="154" hits="2" branch="false" />
            <line number="157" hits="0" branch="false" />
            <line number="158" hits="0" branch="false" />
            <line number="160" hits="0" branch="true" condition-coverage="0% (0/4)" />
            <line number="161" hits="0" branch="false" />
            <line number="163" hits="0" branch="false" />
            <line number="165" hits="0" branch="true" condition-coverage="0% (0/2)" />
            <line number="166" hits="0" branch="false" />
            <line number="167" hits="0" branch="false" />
            <line number="168" hits="0" branch="false" />
            <line number="170" hits="0" branch="true" condition-coverage="0% (0/2)" />
            <line number="171" hits="0" branch="false" />
            <line number="172" hits="0" branch="false" />
            <line number="173" hits="0" branch="false" />
            <line number="174" hits="0" branch="false" />
            <line number="175" hits="0" branch="false" />
            <line number="176" hits="0" branch="false" />
            <line number="178" hits="0" branch="true" condition-coverage="0% (0/2)" />
            <line number="179" hits="0" branch="false" />
            <line number="181" hits="0" branch="false" />
            <line number="182" hits="0" branch="false" />
            <line number="185" hits="2" branch="false" />
            <line number="186" hits="2" branch="false" />
            <line number="188" hits="2" branch="true" condition-coverage="50% (2/4)" />
            <line number="189" hits="1" branch="false" />
            <line number="191" hits="1" branch="false" />
            <line number="193" hits="4" branch="true" condition-coverage="100% (2/2)" />
            <line number="194" hits="1" branch="false" />
            <line number="195" hits="1" branch="false" />
            <line number="196" hits="2" branch="false" />
            <line number="198" hits="1" branch="true" condition-coverage="100% (2/2)" />
            <line number="199" hits="1" branch="false" />
            <line number="200" hits="1" branch="false" />
            <line number="201" hits="1" branch="false" />
            <line number="202" hits="1" branch="false" />
            <line number="203" hits="1" branch="false" />
            <line number="204" hits="1" branch="false" />
            <line number="205" hits="1" branch="false" />
            <line number="207" hits="1" branch="true" condition-coverage="50% (1/2)" />
            <line number="208" hits="1" branch="false" />
            <line number="210" hits="1" branch="false" />
            <line number="211" hits="2" branch="false" />
          </lines>
        </class>
        <class name="TalentConsulting.TalentSuite.Projects.API.Commands.UpdateProject.UpdateProjectCommandValidator" filename="C:\Projects\TalentConsulting\talentsuite-project-api\src\TalentConsulting.TalentSuite.Projects.API\Commands\UpdateProject\UpdateProjectCommandValidator.cs" line-rate="1" branch-rate="1" complexity="1">
          <methods>
            <method name=".ctor" signature="()" line-rate="1" branch-rate="1" complexity="1">
              <lines>
                <line number="7" hits="7" branch="false" />
                <line number="8" hits="7" branch="false" />
                <line number="9" hits="7" branch="false" />
                <line number="10" hits="7" branch="false" />
                <line number="12" hits="7" branch="false" />
                <line number="13" hits="7" branch="false" />
                <line number="14" hits="7" branch="false" />
                <line number="15" hits="7" branch="false" />
                <line number="17" hits="7" branch="false" />
                <line number="18" hits="7" branch="false" />
                <line number="19" hits="7" branch="false" />
                <line number="20" hits="7" branch="false" />
                <line number="22" hits="7" branch="false" />
                <line number="23" hits="7" branch="false" />
                <line number="24" hits="7" branch="false" />
                <line number="25" hits="7" branch="false" />
                <line number="27" hits="7" branch="false" />
                <line number="28" hits="7" branch="false" />
                <line number="29" hits="7" branch="false" />
                <line number="30" hits="7" branch="false" />
                <line number="32" hits="7" branch="false" />
                <line number="33" hits="7" branch="false" />
                <line number="35" hits="7" branch="false" />
                <line number="36" hits="7" branch="false" />
                <line number="37" hits="7" branch="false" />
              </lines>
            </method>
          </methods>
          <lines>
            <line number="7" hits="7" branch="false" />
            <line number="8" hits="7" branch="false" />
            <line number="9" hits="7" branch="false" />
            <line number="10" hits="7" branch="false" />
            <line number="12" hits="7" branch="false" />
            <line number="13" hits="7" branch="false" />
            <line number="14" hits="7" branch="false" />
            <line number="15" hits="7" branch="false" />
            <line number="17" hits="7" branch="false" />
            <line number="18" hits="7" branch="false" />
            <line number="19" hits="7" branch="false" />
            <line number="20" hits="7" branch="false" />
            <line number="22" hits="7" branch="false" />
            <line number="23" hits="7" branch="false" />
            <line number="24" hits="7" branch="false" />
            <line number="25" hits="7" branch="false" />
            <line number="27" hits="7" branch="false" />
            <line number="28" hits="7" branch="false" />
            <line number="29" hits="7" branch="false" />
            <line number="30" hits="7" branch="false" />
            <line number="32" hits="7" branch="false" />
            <line number="33" hits="7" branch="false" />
            <line number="35" hits="7" branch="false" />
            <line number="36" hits="7" branch="false" />
            <line number="37" hits="7" branch="false" />
          </lines>
        </class>
        <class name="TalentConsulting.TalentSuite.Projects.API.ConfigureServices" filename="C:\Projects\TalentConsulting\talentsuite-project-api\src\TalentConsulting.TalentSuite.Projects.API\ConfigureServices.cs" line-rate="1" branch-rate="1" complexity="1">
          <methods>
            <method name="AddApplicationServices" signature="(...)" line-rate="1" branch-rate="1" complexity="1">
              <lines>
                <line number="14" hits="3" branch="false" />
                <line number="15" hits="3" branch="false" />
                <line number="16" hits="3" branch="false" />
                <line number="17" hits="3" branch="false" />
                <line number="19" hits="3" branch="false" />
                <line number="20" hits="3" branch="false" />
                <line number="21" hits="11988" branch="false" />
                <line number="22" hits="3" branch="false" />
                <line number="23" hits="6" branch="false" />
                <line number="25" hits="3" branch="false" />
                <line number="27" hits="3" branch="false" />
                <line number="29" hits="3" branch="false" />
                <line number="31" hits="3" branch="false" />
                <line number="33" hits="3" branch="false" />
                <line number="34" hits="3" branch="false" />
              </lines>
            </method>
          </methods>
          <lines>
            <line number="14" hits="3" branch="false" />
            <line number="15" hits="3" branch="false" />
            <line number="16" hits="3" branch="false" />
            <line number="17" hits="3" branch="false" />
            <line number="19" hits="3" branch="false" />
            <line number="20" hits="3" branch="false" />
            <line number="21" hits="11988" branch="false" />
            <line number="22" hits="3" branch="false" />
            <line number="23" hits="6" branch="false" />
            <line number="25" hits="3" branch="false" />
            <line number="27" hits="3" branch="false" />
            <line number="29" hits="3" branch="false" />
            <line number="31" hits="3" branch="false" />
            <line number="33" hits="3" branch="false" />
            <line number="34" hits="3" branch="false" />
          </lines>
        </class>
        <class name="TalentConsulting.TalentSuite.Projects.API.CurrentUserService" filename="C:\Projects\TalentConsulting\talentsuite-project-api\src\TalentConsulting.TalentSuite.Projects.API\CurrentUserService.cs" line-rate="0.8" branch-rate="0" complexity="5">
          <methods>
            <method name="get_UserId" signature="()" line-rate="0" branch-rate="0" complexity="4">
              <lines>
                <line number="15" hits="0" branch="true" condition-coverage="0% (0/4)" />
              </lines>
            </method>
            <method name=".ctor" signature="(...)" line-rate="1" branch-rate="1" complexity="1">
              <lines>
                <line number="10" hits="10" branch="false" />
                <line number="11" hits="10" branch="false" />
                <line number="12" hits="10" branch="false" />
                <line number="13" hits="10" branch="false" />
              </lines>
            </method>
          </methods>
          <lines>
            <line number="10" hits="10" branch="false" />
            <line number="11" hits="10" branch="false" />
            <line number="12" hits="10" branch="false" />
            <line number="13" hits="10" branch="false" />
            <line number="15" hits="0" branch="true" condition-coverage="0% (0/4)" />
          </lines>
        </class>
        <class name="TalentConsulting.TalentSuite.Projects.API.Endpoints.MinimalGeneralEndPoints" filename="C:\Projects\TalentConsulting\talentsuite-project-api\src\TalentConsulting.TalentSuite.Projects.API\Endpoints\MinimalGeneralEndPoints.cs" line-rate="0.45" branch-rate="1" complexity="1">
          <methods>
            <method name="RegisterMinimalGeneralEndPoints" signature="(...)" line-rate="0.45" branch-rate="1" complexity="1">
              <lines>
                <line number="8" hits="3" branch="false" />
                <line number="9" hits="3" branch="false" />
                <line number="10" hits="0" branch="false" />
                <line number="11" hits="3" branch="false" />
                <line number="12" hits="0" branch="false" />
                <line number="13" hits="0" branch="false" />
                <line number="14" hits="3" branch="false" />
                <line number="15" hits="0" branch="false" />
                <line number="16" hits="0" branch="false" />
                <line number="17" hits="3" branch="false" />
                <line number="18" hits="0" branch="false" />
                <line number="19" hits="3" branch="false" />
                <line number="20" hits="0" branch="false" />
                <line number="21" hits="0" branch="false" />
                <line number="22" hits="0" branch="false" />
                <line number="23" hits="0" branch="false" />
                <line number="24" hits="0" branch="false" />
                <line number="25" hits="3" branch="false" />
                <line number="26" hits="3" branch="false" />
                <line number="27" hits="3" branch="false" />
              </lines>
            </method>
          </methods>
          <lines>
            <line number="8" hits="3" branch="false" />
            <line number="9" hits="3" branch="false" />
            <line number="10" hits="0" branch="false" />
            <line number="11" hits="3" branch="false" />
            <line number="12" hits="0" branch="false" />
            <line number="13" hits="0" branch="false" />
            <line number="14" hits="3" branch="false" />
            <line number="15" hits="0" branch="false" />
            <line number="16" hits="0" branch="false" />
            <line number="17" hits="3" branch="false" />
            <line number="18" hits="0" branch="false" />
            <line number="19" hits="3" branch="false" />
            <line number="20" hits="0" branch="false" />
            <line number="21" hits="0" branch="false" />
            <line number="22" hits="0" branch="false" />
            <line number="23" hits="0" branch="false" />
            <line number="24" hits="0" branch="false" />
            <line number="25" hits="3" branch="false" />
            <line number="26" hits="3" branch="false" />
            <line number="27" hits="3" branch="false" />
          </lines>
        </class>
        <class name="TalentConsulting.TalentSuite.Projects.API.Endpoints.MinimalProjectEndPoints" filename="C:\Projects\TalentConsulting\talentsuite-project-api\src\TalentConsulting.TalentSuite.Projects.API\Endpoints\MinimalProjectEndPoints.cs" line-rate="0.627118644067797" branch-rate="1" complexity="1">
          <methods>
            <method name="RegisterProjectEndPoints" signature="(...)" line-rate="0.627118644067797" branch-rate="1" complexity="1">
              <lines>
                <line number="15" hits="3" branch="false" />
                <line number="16" hits="3" branch="false" />
                <line number="17" hits="2" branch="false" />
                <line number="18" hits="3" branch="false" />
                <line number="19" hits="2" branch="false" />
                <line number="20" hits="2" branch="false" />
                <line number="21" hits="2" branch="false" />
                <line number="22" hits="2" branch="false" />
                <line number="23" hits="3" branch="false" />
                <line number="24" hits="0" branch="false" />
                <line number="25" hits="0" branch="false" />
                <line number="26" hits="0" branch="false" />
                <line number="27" hits="0" branch="false" />
                <line number="28" hits="3" branch="false" />
                <line number="29" hits="5" branch="false" />
                <line number="31" hits="3" branch="false" />
                <line number="32" hits="1" branch="false" />
                <line number="33" hits="3" branch="false" />
                <line number="34" hits="1" branch="false" />
                <line number="35" hits="1" branch="false" />
                <line number="36" hits="1" branch="false" />
                <line number="37" hits="1" branch="false" />
                <line number="38" hits="3" branch="false" />
                <line number="39" hits="0" branch="false" />
                <line number="40" hits="0" branch="false" />
                <line number="41" hits="0" branch="false" />
                <line number="42" hits="0" branch="false" />
                <line number="43" hits="0" branch="false" />
                <line number="44" hits="3" branch="false" />
                <line number="45" hits="4" branch="false" />
                <line number="49" hits="3" branch="false" />
                <line number="50" hits="0" branch="false" />
                <line number="51" hits="3" branch="false" />
                <line number="52" hits="0" branch="false" />
                <line number="53" hits="0" branch="false" />
                <line number="54" hits="0" branch="false" />
                <line number="55" hits="0" branch="false" />
                <line number="56" hits="3" branch="false" />
                <line number="57" hits="0" branch="false" />
                <line number="58" hits="0" branch="false" />
                <line number="59" hits="0" branch="false" />
                <line number="60" hits="0" branch="false" />
                <line number="61" hits="3" branch="false" />
                <line number="62" hits="3" branch="false" />
                <line number="64" hits="3" branch="false" />
                <line number="65" hits="1" branch="false" />
                <line number="66" hits="3" branch="false" />
                <line number="67" hits="1" branch="false" />
                <line number="68" hits="1" branch="false" />
                <line number="69" hits="1" branch="false" />
                <line number="70" hits="1" branch="false" />
                <line number="71" hits="3" branch="false" />
                <line number="72" hits="0" branch="false" />
                <line number="73" hits="0" branch="false" />
                <line number="74" hits="0" branch="false" />
                <line number="75" hits="0" branch="false" />
                <line number="76" hits="3" branch="false" />
                <line number="77" hits="4" branch="false" />
                <line number="80" hits="3" branch="false" />
              </lines>
            </method>
          </methods>
          <lines>
            <line number="15" hits="3" branch="false" />
            <line number="16" hits="3" branch="false" />
            <line number="17" hits="2" branch="false" />
            <line number="18" hits="3" branch="false" />
            <line number="19" hits="2" branch="false" />
            <line number="20" hits="2" branch="false" />
            <line number="21" hits="2" branch="false" />
            <line number="22" hits="2" branch="false" />
            <line number="23" hits="3" branch="false" />
            <line number="24" hits="0" branch="false" />
            <line number="25" hits="0" branch="false" />
            <line number="26" hits="0" branch="false" />
            <line number="27" hits="0" branch="false" />
            <line number="28" hits="3" branch="false" />
            <line number="29" hits="5" branch="false" />
            <line number="31" hits="3" branch="false" />
            <line number="32" hits="1" branch="false" />
            <line number="33" hits="3" branch="false" />
            <line number="34" hits="1" branch="false" />
            <line number="35" hits="1" branch="false" />
            <line number="36" hits="1" branch="false" />
            <line number="37" hits="1" branch="false" />
            <line number="38" hits="3" branch="false" />
            <line number="39" hits="0" branch="false" />
            <line number="40" hits="0" branch="false" />
            <line number="41" hits="0" branch="false" />
            <line number="42" hits="0" branch="false" />
            <line number="43" hits="0" branch="false" />
            <line number="44" hits="3" branch="false" />
            <line number="45" hits="4" branch="false" />
            <line number="49" hits="3" branch="false" />
            <line number="50" hits="0" branch="false" />
            <line number="51" hits="3" branch="false" />
            <line number="52" hits="0" branch="false" />
            <line number="53" hits="0" branch="false" />
            <line number="54" hits="0" branch="false" />
            <line number="55" hits="0" branch="false" />
            <line number="56" hits="3" branch="false" />
            <line number="57" hits="0" branch="false" />
            <line number="58" hits="0" branch="false" />
            <line number="59" hits="0" branch="false" />
            <line number="60" hits="0" branch="false" />
            <line number="61" hits="3" branch="false" />
            <line number="62" hits="3" branch="false" />
            <line number="64" hits="3" branch="false" />
            <line number="65" hits="1" branch="false" />
            <line number="66" hits="3" branch="false" />
            <line number="67" hits="1" branch="false" />
            <line number="68" hits="1" branch="false" />
            <line number="69" hits="1" branch="false" />
            <line number="70" hits="1" branch="false" />
            <line number="71" hits="3" branch="false" />
            <line number="72" hits="0" branch="false" />
            <line number="73" hits="0" branch="false" />
            <line number="74" hits="0" branch="false" />
            <line number="75" hits="0" branch="false" />
            <line number="76" hits="3" branch="false" />
            <line number="77" hits="4" branch="false" />
            <line number="80" hits="3" branch="false" />
          </lines>
        </class>
        <class name="TalentConsulting.TalentSuite.Projects.API.Program" filename="C:\Projects\TalentConsulting\talentsuite-project-api\src\TalentConsulting.TalentSuite.Projects.API\Program.cs" line-rate="0.666666666666667" branch-rate="0" complexity="4">
          <methods>
            <method name="get_ServiceProvider" signature="()" line-rate="1" branch-rate="1" complexity="1">
              <lines>
                <line number="8" hits="3" branch="false" />
              </lines>
            </method>
            <method name=".ctor" signature="()" line-rate="0" branch-rate="1" complexity="1">
              <lines>
                <line number="7" hits="0" branch="false" />
              </lines>
            </method>
            <method name="Main" signature="()" line-rate="0.68" branch-rate="0" complexity="2">
              <lines>
                <line number="11" hits="3" branch="false" />
                <line number="15" hits="3" branch="false" />
                <line number="16" hits="3" branch="false" />
                <line number="17" hits="3" branch="false" />
                <line number="18" hits="3" branch="false" />
                <line number="20" hits="3" branch="false" />
                <line number="22" hits="3" branch="false" />
                <line number="24" hits="3" branch="false" />
                <line number="26" hits="3" branch="false" />
                <line number="28" hits="3" branch="false" />
                <line number="30" hits="3" branch="false" />
                <line number="32" hits="3" branch="false" />
                <line number="33" hits="3" branch="false" />
                <line number="34" hits="0" branch="false" />
                <line number="35" hits="0" branch="false" />
                <line number="36" hits="0" branch="false" />
                <line number="37" hits="0" branch="true" condition-coverage="0% (0/2)" />
                <line number="38" hits="0" branch="false" />
                <line number="39" hits="0" branch="false" />
                <line number="42" hits="0" branch="false" />
                <line number="43" hits="0" branch="false" />
                <line number="45" hits="3" branch="false" />
                <line number="46" hits="3" branch="false" />
                <line number="47" hits="3" branch="false" />
                <line number="48" hits="3" branch="false" />
              </lines>
            </method>
          </methods>
          <lines>
            <line number="7" hits="0" branch="false" />
            <line number="8" hits="3" branch="false" />
            <line number="11" hits="3" branch="false" />
            <line number="15" hits="3" branch="false" />
            <line number="16" hits="3" branch="false" />
            <line number="17" hits="3" branch="false" />
            <line number="18" hits="3" branch="false" />
            <line number="20" hits="3" branch="false" />
            <line number="22" hits="3" branch="false" />
            <line number="24" hits="3" branch="false" />
            <line number="26" hits="3" branch="false" />
            <line number="28" hits="3" branch="false" />
            <line number="30" hits="3" branch="false" />
            <line number="32" hits="3" branch="false" />
            <line number="33" hits="3" branch="false" />
            <line number="34" hits="0" branch="false" />
            <line number="35" hits="0" branch="false" />
            <line number="36" hits="0" branch="false" />
            <line number="37" hits="0" branch="true" condition-coverage="0% (0/2)" />
            <line number="38" hits="0" branch="false" />
            <line number="39" hits="0" branch="false" />
            <line number="42" hits="0" branch="false" />
            <line number="43" hits="0" branch="false" />
            <line number="45" hits="3" branch="false" />
            <line number="46" hits="3" branch="false" />
            <line number="47" hits="3" branch="false" />
            <line number="48" hits="3" branch="false" />
          </lines>
        </class>
        <class name="TalentConsulting.TalentSuite.Projects.API.Queries.GetProjects.GetProjectByIdCommand" filename="C:\Projects\TalentConsulting\talentsuite-project-api\src\TalentConsulting.TalentSuite.Projects.API\Queries\GetProjects\GetProjectByIdCommand.cs" line-rate="1" branch-rate="1" complexity="2">
          <methods>
            <method name="get_Id" signature="()" line-rate="1" branch-rate="1" complexity="1">
              <lines>
                <line number="18" hits="11" branch="false" />
              </lines>
            </method>
            <method name=".ctor" signature="(...)" line-rate="1" branch-rate="1" complexity="1">
              <lines>
                <line number="13" hits="5" branch="false" />
                <line number="14" hits="5" branch="false" />
                <line number="15" hits="5" branch="false" />
                <line number="16" hits="5" branch="false" />
              </lines>
            </method>
          </methods>
          <lines>
            <line number="13" hits="5" branch="false" />
            <line number="14" hits="5" branch="false" />
            <line number="15" hits="5" branch="false" />
            <line number="16" hits="5" branch="false" />
            <line number="18" hits="11" branch="false" />
          </lines>
        </class>
        <class name="TalentConsulting.TalentSuite.Projects.API.Queries.GetProjects.GetProjectByIdCommandHandler" filename="C:\Projects\TalentConsulting\talentsuite-project-api\src\TalentConsulting.TalentSuite.Projects.API\Queries\GetProjects\GetProjectByIdCommand.cs" line-rate="1" branch-rate="1" complexity="3">
          <methods>
            <method name=".ctor" signature="(...)" line-rate="1" branch-rate="1" complexity="1">
              <lines>
                <line number="26" hits="2" branch="false" />
                <line number="27" hits="2" branch="false" />
                <line number="28" hits="2" branch="false" />
                <line number="29" hits="2" branch="false" />
              </lines>
            </method>
            <method name="Handle" signature="()" line-rate="1" branch-rate="1" complexity="2">
              <lines>
                <line number="31" hits="2" branch="false" />
                <line number="32" hits="2" branch="false" />
                <line number="33" hits="2" branch="false" />
                <line number="34" hits="2" branch="false" />
                <line number="35" hits="2" branch="false" />
                <line number="36" hits="2" branch="false" />
                <line number="37" hits="2" branch="false" />
                <line number="38" hits="2" branch="false" />
                <line number="40" hits="2" branch="true" condition-coverage="100% (2/2)" />
                <line number="41" hits="1" branch="false" />
                <line number="42" hits="1" branch="false" />
                <line number="45" hits="1" branch="false" />
                <line number="47" hits="1" branch="false" />
                <line number="48" hits="1" branch="false" />
              </lines>
            </method>
          </methods>
          <lines>
            <line number="26" hits="2" branch="false" />
            <line number="27" hits="2" branch="false" />
            <line number="28" hits="2" branch="false" />
            <line number="29" hits="2" branch="false" />
            <line number="31" hits="2" branch="false" />
            <line number="32" hits="2" branch="false" />
            <line number="33" hits="2" branch="false" />
            <line number="34" hits="2" branch="false" />
            <line number="35" hits="2" branch="false" />
            <line number="36" hits="2" branch="false" />
            <line number="37" hits="2" branch="false" />
            <line number="38" hits="2" branch="false" />
            <line number="40" hits="2" branch="true" condition-coverage="100% (2/2)" />
            <line number="41" hits="1" branch="false" />
            <line number="42" hits="1" branch="false" />
            <line number="45" hits="1" branch="false" />
            <line number="47" hits="1" branch="false" />
            <line number="48" hits="1" branch="false" />
          </lines>
        </class>
        <class name="TalentConsulting.TalentSuite.Projects.API.Queries.GetProjects.GetProjectByIdCommandValidator" filename="C:\Projects\TalentConsulting\talentsuite-project-api\src\TalentConsulting.TalentSuite.Projects.API\Queries\GetProjects\GetProjectByIdCommandValidator.cs" line-rate="1" branch-rate="1" complexity="1">
          <methods>
            <method name=".ctor" signature="()" line-rate="1" branch-rate="1" complexity="1">
              <lines>
                <line number="7" hits="3" branch="false" />
                <line number="8" hits="3" branch="false" />
                <line number="9" hits="3" branch="false" />
                <line number="10" hits="3" branch="false" />
                <line number="11" hits="3" branch="false" />
                <line number="12" hits="3" branch="false" />
              </lines>
            </method>
          </methods>
          <lines>
            <line number="7" hits="3" branch="false" />
            <line number="8" hits="3" branch="false" />
            <line number="9" hits="3" branch="false" />
            <line number="10" hits="3" branch="false" />
            <line number="11" hits="3" branch="false" />
            <line number="12" hits="3" branch="false" />
          </lines>
        </class>
        <class name="TalentConsulting.TalentSuite.Projects.API.Queries.GetProjects.GetProjectsCommand" filename="C:\Projects\TalentConsulting\talentsuite-project-api\src\TalentConsulting.TalentSuite.Projects.API\Queries\GetProjects\GetProjectsCommand.cs" line-rate="1" branch-rate="0.5" complexity="6">
          <methods>
            <method name="get_PageNumber" signature="()" line-rate="1" branch-rate="1" complexity="1">
              <lines>
                <line number="20" hits="12" branch="false" />
              </lines>
            </method>
            <method name="get_PageSize" signature="()" line-rate="1" branch-rate="1" complexity="1">
              <lines>
                <line number="21" hits="15" branch="false" />
              </lines>
            </method>
            <method name=".ctor" signature="(...)" line-rate="1" branch-rate="0.5" complexity="4">
              <lines>
                <line number="14" hits="3" branch="false" />
                <line number="15" hits="3" branch="false" />
                <line number="16" hits="3" branch="true" condition-coverage="50% (1/2)" />
                <line number="17" hits="3" branch="true" condition-coverage="50% (1/2)" />
                <line number="18" hits="3" branch="false" />
              </lines>
            </method>
          </methods>
          <lines>
            <line number="14" hits="3" branch="false" />
            <line number="15" hits="3" branch="false" />
            <line number="16" hits="3" branch="true" condition-coverage="50% (1/2)" />
            <line number="17" hits="3" branch="true" condition-coverage="50% (1/2)" />
            <line number="18" hits="3" branch="false" />
            <line number="20" hits="12" branch="false" />
            <line number="21" hits="15" branch="false" />
          </lines>
        </class>
        <class name="TalentConsulting.TalentSuite.Projects.API.Queries.GetProjects.GetProjectsCommandHandler" filename="C:\Projects\TalentConsulting\talentsuite-project-api\src\TalentConsulting.TalentSuite.Projects.API\Queries\GetProjects\GetProjectsCommand.cs" line-rate="0.863636363636364" branch-rate="0.5" complexity="5">
          <methods>
            <method name=".ctor" signature="(...)" line-rate="1" branch-rate="1" complexity="1">
              <lines>
                <line number="28" hits="3" branch="false" />
                <line number="29" hits="3" branch="false" />
                <line number="30" hits="3" branch="false" />
                <line number="31" hits="3" branch="false" />
              </lines>
            </method>
            <method name="Handle" signature="()" line-rate="0.833333333333333" branch-rate="0.5" complexity="4">
              <lines>
                <line number="33" hits="3" branch="false" />
                <line number="34" hits="3" branch="false" />
                <line number="35" hits="3" branch="false" />
                <line number="36" hits="3" branch="false" />
                <line number="37" hits="3" branch="false" />
                <line number="38" hits="3" branch="false" />
                <line number="39" hits="3" branch="false" />
                <line number="41" hits="3" branch="true" condition-coverage="50% (1/2)" />
                <line number="42" hits="0" branch="false" />
                <line number="43" hits="0" branch="false" />
                <line number="46" hits="3" branch="false" />
                <line number="48" hits="3" branch="true" condition-coverage="50% (1/2)" />
                <line number="49" hits="3" branch="false" />
                <line number="50" hits="3" branch="false" />
                <line number="51" hits="3" branch="false" />
                <line number="53" hits="3" branch="false" />
                <line number="56" hits="0" branch="false" />
                <line number="59" hits="3" branch="false" />
              </lines>
            </method>
          </methods>
          <lines>
            <line number="28" hits="3" branch="false" />
            <line number="29" hits="3" branch="false" />
            <line number="30" hits="3" branch="false" />
            <line number="31" hits="3" branch="false" />
            <line number="33" hits="3" branch="false" />
            <line number="34" hits="3" branch="false" />
            <line number="35" hits="3" branch="false" />
            <line number="36" hits="3" branch="false" />
            <line number="37" hits="3" branch="false" />
            <line number="38" hits="3" branch="false" />
            <line number="39" hits="3" branch="false" />
            <line number="41" hits="3" branch="true" condition-coverage="50% (1/2)" />
            <line number="42" hits="0" branch="false" />
            <line number="43" hits="0" branch="false" />
            <line number="46" hits="3" branch="false" />
            <line number="48" hits="3" branch="true" condition-coverage="50% (1/2)" />
            <line number="49" hits="3" branch="false" />
            <line number="50" hits="3" branch="false" />
            <line number="51" hits="3" branch="false" />
            <line number="53" hits="3" branch="false" />
            <line number="56" hits="0" branch="false" />
            <line number="59" hits="3" branch="false" />
          </lines>
        </class>
        <class name="TalentConsulting.TalentSuite.Projects.API.StartupExtensions" filename="C:\Projects\TalentConsulting\talentsuite-project-api\src\TalentConsulting.TalentSuite.Projects.API\StartupExtensions.cs" line-rate="0.896907216494845" branch-rate="0.611111111111111" complexity="18">
          <methods>
            <method name="ConfigureHost" signature="(...)" line-rate="1" branch-rate="0.5" complexity="4">
              <lines>
                <line number="16" hits="3" branch="false" />
                <line number="18" hits="3" branch="false" />
                <line number="19" hits="3" branch="false" />
                <line number="20" hits="3" branch="false" />
                <line number="21" hits="3" branch="false" />
                <line number="22" hits="3" branch="false" />
                <line number="23" hits="3" branch="false" />
                <line number="24" hits="3" branch="true" condition-coverage="50% (1/2)" />
                <line number="25" hits="3" branch="false" />
                <line number="26" hits="3" branch="false" />
                <line number="27" hits="3" branch="false" />
                <line number="28" hits="3" branch="false" />
                <line number="29" hits="3" branch="true" condition-coverage="50% (1/2)" />
                <line number="30" hits="3" branch="false" />
                <line number="31" hits="6" branch="false" />
                <line number="32" hits="3" branch="false" />
              </lines>
            </method>
            <method name="ConfigureServices" signature="(...)" line-rate="0.872340425531915" branch-rate="0.5" complexity="6">
              <lines>
                <line number="35" hits="3" branch="false" />
                <line number="36" hits="3" branch="false" />
                <line number="39" hits="3" branch="false" />
                <line number="40" hits="3" branch="false" />
                <line number="41" hits="3" branch="false" />
                <line number="42" hits="3" branch="false" />
                <line number="43" hits="3" branch="false" />
                <line number="44" hits="3" branch="false" />
                <line number="45" hits="3" branch="false" />
                <line number="46" hits="3" branch="false" />
                <line number="47" hits="3" branch="false" />
                <line number="48" hits="3" branch="false" />
                <line number="49" hits="3" branch="false" />
                <line number="50" hits="3" branch="true" condition-coverage="100% (2/2)" />
                <line number="51" hits="3" branch="false" />
                <line number="52" hits="3" branch="false" />
                <line number="53" hits="3" branch="false" />
                <line number="54" hits="3" branch="false" />
                <line number="55" hits="3" branch="false" />
                <line number="56" hits="3" branch="false" />
                <line number="57" hits="3" branch="false" />
                <line number="58" hits="3" branch="false" />
                <line number="59" hits="6" branch="false" />
                <line number="62" hits="3" branch="false" />
                <line number="63" hits="3" branch="false" />
                <line number="64" hits="3" branch="true" condition-coverage="50% (1/2)" />
                <line number="65" hits="0" branch="false" />
                <line number="66" hits="0" branch="false" />
                <line number="67" hits="0" branch="false" />
                <line number="68" hits="0" branch="true" condition-coverage="0% (0/2)" />
                <line number="69" hits="0" branch="false" />
                <line number="70" hits="0" branch="false" />
                <line number="71" hits="3" branch="false" />
                <line number="72" hits="3" branch="false" />
                <line number="73" hits="3" branch="false" />
                <line number="74" hits="10" branch="false" />
                <line number="75" hits="3" branch="false" />
                <line number="76" hits="6" branch="false" />
                <line number="79" hits="3" branch="false" />
                <line number="81" hits="3" branch="false" />
                <line number="82" hits="3" branch="false" />
                <line number="83" hits="3" branch="false" />
                <line number="85" hits="3" branch="false" />
                <line number="86" hits="3" branch="false" />
                <line number="87" hits="3" branch="false" />
                <line number="89" hits="3" branch="false" />
                <line number="90" hits="3" branch="false" />
              </lines>
            </method>
            <method name="ConfigureWebApplication" signature="()" line-rate="1" branch-rate="1" complexity="2">
              <lines>
                <line number="93" hits="3" branch="false" />
                <line number="94" hits="3" branch="false" />
                <line number="97" hits="3" branch="true" condition-coverage="100% (2/2)" />
                <line number="98" hits="3" branch="false" />
                <line number="99" hits="3" branch="false" />
                <line number="100" hits="3" branch="false" />
                <line number="101" hits="3" branch="false" />
                <line number="103" hits="3" branch="false" />
                <line number="105" hits="3" branch="false" />
                <line number="106" hits="3" branch="false" />
                <line number="108" hits="3" branch="false" />
                <line number="110" hits="3" branch="false" />
                <line number="112" hits="3" branch="false" />
                <line number="113" hits="3" branch="false" />
              </lines>
            </method>
            <method name="RegisterEndPoints" signature="()" line-rate="0.8" branch-rate="0.666666666666667" complexity="6">
              <lines>
                <line number="116" hits="3" branch="false" />
                <line number="117" hits="3" branch="false" />
                <line number="119" hits="3" branch="false" />
                <line number="120" hits="3" branch="true" condition-coverage="50% (1/2)" />
                <line number="122" hits="3" branch="false" />
                <line number="123" hits="3" branch="true" condition-coverage="50% (1/2)" />
                <line number="126" hits="3" branch="false" />
                <line number="127" hits="3" branch="true" condition-coverage="100% (2/2)" />
                <line number="128" hits="3" branch="false" />
                <line number="130" hits="3" branch="false" />
                <line number="131" hits="3" branch="false" />
                <line number="132" hits="3" branch="false" />
                <line number="133" hits="3" branch="false" />
                <line number="134" hits="3" branch="false" />
                <line number="135" hits="3" branch="false" />
                <line number="136" hits="0" branch="false" />
                <line number="137" hits="0" branch="false" />
                <line number="138" hits="0" branch="false" />
                <line number="139" hits="0" branch="false" />
                <line number="140" hits="3" branch="false" />
[...]
            <line number="211" hits="6" branch="false" />
            <line number="214" hits="3" branch="false" />
            <line number="215" hits="3" branch="false" />
            <line number="216" hits="3" branch="true" condition-coverage="100% (2/2)" />
            <line number="217" hits="1" branch="false" />
            <line number="218" hits="1" branch="false" />
            <line number="219" hits="1" branch="false" />
            <line number="221" hits="3" branch="false" />
            <line number="222" hits="3" branch="false" />
            <line number="223" hits="3" branch="false" />
            <line number="224" hits="3" branch="false" />
            <line number="226" hits="3" branch="false" />
            <line number="227" hits="3" branch="false" />
            <line number="228" hits="3" branch="false" />
            <line number="229" hits="3" branch="false" />
            <line number="230" hits="3" branch="false" />
            <line number="231" hits="3" branch="false" />
            <line number="232" hits="3" branch="false" />
            <line number="233" hits="3" branch="false" />
            <line number="234" hits="3" branch="false" />
            <line number="235" hits="3" branch="false" />
            <line number="236" hits="3" branch="false" />
            <line number="237" hits="3" branch="false" />
            <line number="238" hits="3" branch="false" />
            <line number="239" hits="3" branch="false" />
            <line number="240" hits="3" branch="false" />
            <line number="241" hits="3" branch="false" />
            <line number="242" hits="3" branch="false" />
            <line number="243" hits="3" branch="false" />
          </lines>
        </class>
        <class name="TalentConsulting.TalentSuite.Projects.UnitTests.Projects.WhenValidatingCreateProject" filename="C:\Projects\TalentConsulting\talentsuite-project-api\TalentConsulting.TalentSuite.Projects.UnitTests\Projects\WhenValidatingCreateProject.cs" line-rate="1" branch-rate="1" complexity="5">
          <methods>
            <method name="ThenShouldNotErrorWhenModelIsValid" signature="()" line-rate="1" branch-rate="1" complexity="1">
              <lines>
                <line number="16" hits="1" branch="false" />
                <line number="18" hits="1" branch="false" />
                <line number="19" hits="1" branch="false" />
                <line number="20" hits="1" branch="false" />
                <line number="21" hits="1" branch="false" />
                <line number="22" hits="1" branch="false" />
                <line number="23" hits="1" branch="false" />
                <line number="26" hits="1" branch="false" />
                <line number="29" hits="1" branch="false" />
                <line number="30" hits="1" branch="false" />
              </lines>
            </method>
            <method name="ThenShouldErrorWhenModelHasNoId" signature="(...)" line-rate="1" branch-rate="1" complexity="1">
              <lines>
                <line number="36" hits="2" branch="false" />
                <line number="38" hits="2" branch="false" />
                <line number="39" hits="2" branch="false" />
                <line number="40" hits="2" branch="false" />
                <line number="41" hits="2" branch="false" />
                <line number="42" hits="2" branch="false" />
                <line number="43" hits="2" branch="false" />
                <line number="46" hits="2" branch="false" />
                <line number="49" hits="4" branch="false" />
                <line number="50" hits="2" branch="false" />
              </lines>
            </method>
            <method name="ThenShouldErrorWhenModelHasNoName" signature="()" line-rate="1" branch-rate="1" complexity="1">
              <lines>
                <line number="54" hits="1" branch="false" />
                <line number="56" hits="1" branch="false" />
                <line number="57" hits="1" branch="false" />
                <line number="58" hits="1" branch="false" />
                <line number="59" hits="1" branch="false" />
                <line number="60" hits="1" branch="false" />
                <line number="61" hits="1" branch="false" />
                <line number="64" hits="1" branch="false" />
                <line number="67" hits="2" branch="false" />
                <line number="68" hits="1" branch="false" />
              </lines>
            </method>
            <method name="ThenShouldErrorWhenModelHasNoContactNumber" signature="()" line-rate="1" branch-rate="1" complexity="1">
              <lines>
                <line number="72" hits="1" branch="false" />
                <line number="74" hits="1" branch="false" />
                <line number="75" hits="1" branch="false" />
                <line number="76" hits="1" branch="false" />
                <line number="77" hits="1" branch="false" />
                <line number="78" hits="1" branch="false" />
                <line number="79" hits="1" branch="false" />
                <line number="82" hits="1" branch="false" />
                <line number="85" hits="2" branch="false" />
                <line number="86" hits="1" branch="false" />
              </lines>
            </method>
            <method name="ThenShouldErrorWhenModelHasNoReferance" signature="()" line-rate="1" branch-rate="1" complexity="1">
              <lines>
                <line number="89" hits="1" branch="false" />
                <line number="91" hits="1" branch="false" />
                <line number="92" hits="1" branch="false" />
                <line number="93" hits="1" branch="false" />
                <line number="94" hits="1" branch="false" />
                <line number="95" hits="1" branch="false" />
                <line number="96" hits="1" branch="false" />
                <line number="99" hits="1" branch="false" />
                <line number="102" hits="2" branch="false" />
                <line number="103" hits="1" branch="false" />
              </lines>
            </method>
          </methods>
          <lines>
            <line number="16" hits="1" branch="false" />
            <line number="18" hits="1" branch="false" />
            <line number="19" hits="1" branch="false" />
            <line number="20" hits="1" branch="false" />
            <line number="21" hits="1" branch="false" />
            <line number="22" hits="1" branch="false" />
            <line number="23" hits="1" branch="false" />
            <line number="26" hits="1" branch="false" />
            <line number="29" hits="1" branch="false" />
            <line number="30" hits="1" branch="false" />
            <line number="36" hits="2" branch="false" />
            <line number="38" hits="2" branch="false" />
            <line number="39" hits="2" branch="false" />
            <line number="40" hits="2" branch="false" />
            <line number="41" hits="2" branch="false" />
            <line number="42" hits="2" branch="false" />
            <line number="43" hits="2" branch="false" />
            <line number="46" hits="2" branch="false" />
            <line number="49" hits="4" branch="false" />
            <line number="50" hits="2" branch="false" />
            <line number="54" hits="1" branch="false" />
            <line number="56" hits="1" branch="false" />
            <line number="57" hits="1" branch="false" />
            <line number="58" hits="1" branch="false" />
            <line number="59" hits="1" branch="false" />
            <line number="60" hits="1" branch="false" />
            <line number="61" hits="1" branch="false" />
            <line number="64" hits="1" branch="false" />
            <line number="67" hits="2" branch="false" />
            <line number="68" hits="1" branch="false" />
            <line number="72" hits="1" branch="false" />
            <line number="74" hits="1" branch="false" />
            <line number="75" hits="1" branch="false" />
            <line number="76" hits="1" branch="false" />
            <line number="77" hits="1" branch="false" />
            <line number="78" hits="1" branch="false" />
            <line number="79" hits="1" branch="false" />
            <line number="82" hits="1" branch="false" />
            <line number="85" hits="2" branch="false" />
            <line number="86" hits="1" branch="false" />
            <line number="89" hits="1" branch="false" />
            <line number="91" hits="1" branch="false" />
            <line number="92" hits="1" branch="false" />
            <line number="93" hits="1" branch="false" />
            <line number="94" hits="1" branch="false" />
            <line number="95" hits="1" branch="false" />
            <line number="96" hits="1" branch="false" />
            <line number="99" hits="1" branch="false" />
            <line number="102" hits="2" branch="false" />
            <line number="103" hits="1" branch="false" />
          </lines>
        </class>
        <class name="TalentConsulting.TalentSuite.Projects.UnitTests.Projects.WhenValidatingGetProject" filename="C:\Projects\TalentConsulting\talentsuite-project-api\TalentConsulting.TalentSuite.Projects.UnitTests\Projects\WhenValidatingGetProject.cs" line-rate="1" branch-rate="1" complexity="2">
          <methods>
            <method name="ThenShouldNotErrorWhenModelIsValidWhenGettingProjectById" signature="()" line-rate="1" branch-rate="1" complexity="1">
              <lines>
                <line number="15" hits="1" branch="false" />
                <line number="17" hits="1" branch="false" />
                <line number="18" hits="1" branch="false" />
                <line number="22" hits="1" branch="false" />
                <line number="25" hits="1" branch="false" />
                <line number="26" hits="1" branch="false" />
              </lines>
            </method>
            <method name="ThenShouldErrorWhenModelIsNoptValidWhenGettingProjectById" signature="(...)" line-rate="1" branch-rate="1" complexity="1">
              <lines>
                <line number="32" hits="2" branch="false" />
                <line number="34" hits="2" branch="false" />
                <line number="35" hits="2" branch="false" />
                <line number="39" hits="2" branch="false" />
                <line number="42" hits="2" branch="false" />
                <line number="43" hits="2" branch="false" />
              </lines>
            </method>
          </methods>
          <lines>
            <line number="15" hits="1" branch="false" />
            <line number="17" hits="1" branch="false" />
            <line number="18" hits="1" branch="false" />
            <line number="22" hits="1" branch="false" />
            <line number="25" hits="1" branch="false" />
            <line number="26" hits="1" branch="false" />
            <line number="32" hits="2" branch="false" />
            <line number="34" hits="2" branch="false" />
            <line number="35" hits="2" branch="false" />
            <line number="39" hits="2" branch="false" />
            <line number="42" hits="2" branch="false" />
            <line number="43" hits="2" branch="false" />
          </lines>
        </class>
        <class name="TalentConsulting.TalentSuite.Projects.UnitTests.Projects.WhenValidatingUpdateProject" filename="C:\Projects\TalentConsulting\talentsuite-project-api\TalentConsulting.TalentSuite.Projects.UnitTests\Projects\WhenValidatingUpdateProject.cs" line-rate="1" branch-rate="1" complexity="6">
          <methods>
            <method name="ThenShouldNotErrorWhenModelIsValid" signature="()" line-rate="1" branch-rate="1" complexity="1">
              <lines>
                <line number="16" hits="1" branch="false" />
                <line number="18" hits="1" branch="false" />
                <line number="19" hits="1" branch="false" />
                <line number="20" hits="1" branch="false" />
                <line number="21" hits="1" branch="false" />
                <line number="22" hits="1" branch="false" />
                <line number="23" hits="1" branch="false" />
                <line number="26" hits="1" branch="false" />
                <line number="29" hits="1" branch="false" />
                <line number="30" hits="1" branch="false" />
              </lines>
            </method>
            <method name="ThenShouldErrorWhenHasNoId" signature="()" line-rate="1" branch-rate="1" complexity="1">
              <lines>
                <line number="34" hits="1" branch="false" />
                <line number="36" hits="1" branch="false" />
                <line number="37" hits="1" branch="false" />
                <line number="38" hits="1" branch="false" />
                <line number="39" hits="1" branch="false" />
                <line number="40" hits="1" branch="false" />
                <line number="41" hits="1" branch="false" />
                <line number="44" hits="1" branch="false" />
                <line number="47" hits="2" branch="false" />
                <line number="48" hits="1" branch="false" />
              </lines>
            </method>
            <method name="ThenShouldErrorWhenModelHasNoId" signature="(...)" line-rate="1" branch-rate="1" complexity="1">
              <lines>
                <line number="54" hits="2" branch="false" />
                <line number="56" hits="2" branch="false" />
                <line number="57" hits="2" branch="false" />
                <line number="58" hits="2" branch="false" />
                <line number="59" hits="2" branch="false" />
                <line number="60" hits="2" branch="false" />
                <line number="61" hits="2" branch="false" />
                <line number="64" hits="2" branch="false" />
                <line number="67" hits="4" branch="false" />
                <line number="68" hits="2" branch="false" />
              </lines>
            </method>
            <method name="ThenShouldErrorWhenModelHasNoName" signature="()" line-rate="1" branch-rate="1" complexity="1">
              <lines>
                <line number="72" hits="1" branch="false" />
                <line number="74" hits="1" branch="false" />
                <line number="75" hits="1" branch="false" />
                <line number="76" hits="1" branch="false" />
                <line number="77" hits="1" branch="false" />
                <line number="78" hits="1" branch="false" />
                <line number="79" hits="1" branch="false" />
                <line number="82" hits="1" branch="false" />
                <line number="85" hits="2" branch="false" />
                <line number="86" hits="1" branch="false" />
              </lines>
            </method>
            <method name="ThenShouldErrorWhenModelHasNoContactNumber" signature="()" line-rate="1" branch-rate="1" complexity="1">
              <lines>
                <line number="90" hits="1" branch="false" />
                <line number="92" hits="1" branch="false" />
                <line number="93" hits="1" branch="false" />
                <line number="94" hits="1" branch="false" />
                <line number="95" hits="1" branch="false" />
                <line number="96" hits="1" branch="false" />
                <line number="97" hits="1" branch="false" />
                <line number="100" hits="1" branch="false" />
                <line number="103" hits="2" branch="false" />
                <line number="104" hits="1" branch="false" />
              </lines>
            </method>
            <method name="ThenShouldErrorWhenModelHasNoReferance" signature="()" line-rate="1" branch-rate="1" complexity="1">
              <lines>
                <line number="107" hits="1" branch="false" />
                <line number="109" hits="1" branch="false" />
                <line number="110" hits="1" branch="false" />
                <line number="111" hits="1" branch="false" />
                <line number="112" hits="1" branch="false" />
                <line number="113" hits="1" branch="false" />
                <line number="114" hits="1" branch="false" />
                <line number="117" hits="1" branch="false" />
                <line number="120" hits="2" branch="false" />
                <line number="121" hits="1" branch="false" />
              </lines>
            </method>
          </methods>
          <lines>
            <line number="16" hits="1" branch="false" />
            <line number="18" hits="1" branch="false" />
            <line number="19" hits="1" branch="false" />
            <line number="20" hits="1" branch="false" />
            <line number="21" hits="1" branch="false" />
            <line number="22" hits="1" branch="false" />
            <line number="23" hits="1" branch="false" />
            <line number="26" hits="1" branch="false" />
            <line number="29" hits="1" branch="false" />
            <line number="30" hits="1" branch="false" />
            <line number="34" hits="1" branch="false" />
            <line number="36" hits="1" branch="false" />
            <line number="37" hits="1" branch="false" />
            <line number="38" hits="1" branch="false" />
            <line number="39" hits="1" branch="false" />
            <line number="40" hits="1" branch="false" />
            <line number="41" hits="1" branch="false" />
            <line number="44" hits="1" branch="false" />
            <line number="47" hits="2" branch="false" />
            <line number="48" hits="1" branch="false" />
            <line number="54" hits="2" branch="false" />
            <line number="56" hits="2" branch="false" />
            <line number="57" hits="2" branch="false" />
            <line number="58" hits="2" branch="false" />
            <line number="59" hits="2" branch="false" />
            <line number="60" hits="2" branch="false" />
            <line number="61" hits="2" branch="false" />
            <line number="64" hits="2" branch="false" />
            <line number="67" hits="4" branch="false" />
            <line number="68" hits="2" branch="false" />
            <line number="72" hits="1" branch="false" />
            <line number="74" hits="1" branch="false" />
            <line number="75" hits="1" branch="false" />
            <line number="76" hits="1" branch="false" />
            <line number="77" hits="1" branch="false" />
            <line number="78" hits="1" branch="false" />
            <line number="79" hits="1" branch="false" />
            <line number="82" hits="1" branch="false" />
            <line number="85" hits="2" branch="false" />
            <line number="86" hits="1" branch="false" />
            <line number="90" hits="1" branch="false" />
            <line number="92" hits="1" branch="false" />
            <line number="93" hits="1" branch="false" />
            <line number="94" hits="1" branch="false" />
            <line number="95" hits="1" branch="false" />
            <line number="96" hits="1" branch="false" />
            <line number="97" hits="1" branch="false" />
            <line number="100" hits="1" branch="false" />
            <line number="103" hits="2" branch="false" />
            <line number="104" hits="1" branch="false" />
            <line number="107" hits="1" branch="false" />
            <line number="109" hits="1" branch="false" />
            <line number="110" hits="1" branch="false" />
            <line number="111" hits="1" branch="false" />
            <line number="112" hits="1" branch="false" />
            <line number="113" hits="1" branch="false" />
            <line number="114" hits="1" branch="false" />
            <line number="117" hits="1" branch="false" />
            <line number="120" hits="2" branch="false" />
            <line number="121" hits="1" branch="false" />
          </lines>
        </class>
      </classes>
    </package>
  </packages>
</coverage>