TpTrace Verbose: 0 : 35412, 1, 2023/08/11, 11:20:42.684, 1749063090267, vstest.console.dll, Version: 17.6.0-release-20230405-08 Current process architecture: X64
TpTrace Verbose: 0 : 35412, 1, 2023/08/11, 11:20:42.685, 1749063102567, vstest.console.dll, Runtime location: C:\Program Files\dotnet\shared\Microsoft.NETCore.App\7.0.7
TpTrace Verbose: 0 : 35412, 1, 2023/08/11, 11:20:42.687, 1749063122326, vstest.console.dll, ArtifactProcessingPostProcessModeProcessorExecutor.Initialize: ArtifactProcessingMode.Collect
TpTrace Verbose: 0 : 35412, 1, 2023/08/11, 11:20:42.687, 1749063123211, vstest.console.dll, TestSessionCorrelationIdProcessorModeProcessorExecutor.Initialize: TestSessionCorrelationId '7264_2e5dce3b-a409-48b9-bac4-58fc17e83a87'
TpTrace Information: 0 : 35412, 1, 2023/08/11, 11:20:42.693, 1749063177101, vstest.console.dll, FilePatternParser: The given file C:\Projects\TalentConsulting\talentsuite-project-api\TalentConsulting.TalentSuite.Projects.UnitTests\bin\Debug\net7.0\fine-code-coverage\build-output\TalentConsulting.TalentSuite.Projects.UnitTests.dll is a full path.
TpTrace Verbose: 0 : 35412, 1, 2023/08/11, 11:20:42.696, 1749063213268, vstest.console.dll, TestPluginCache.DiscoverTestExtensions: finding test extensions in assemblies ends with: RuntimeProvider.dll TPluginInfo: Microsoft.VisualStudio.TestPlatform.Common.ExtensionFramework.Utilities.TestRuntimePluginInformation TExtension: Microsoft.VisualStudio.TestPlatform.ObjectModel.Host.ITestRuntimeProvider
TpTrace Verbose: 0 : 35412, 1, 2023/08/11, 11:20:42.697, 1749063217280, vstest.console.dll, TestPluginCache.GetExtensionPaths: Filtered extension paths: 
TpTrace Verbose: 0 : 35412, 1, 2023/08/11, 11:20:42.697, 1749063218221, vstest.console.dll, TestPluginCache.GetExtensionPaths: Added default extension paths: C:\Program Files\dotnet\sdk\7.0.304\Extensions\Microsoft.Diagnostics.NETCore.Client.dll
C:\Program Files\dotnet\sdk\7.0.304\Extensions\Microsoft.TestPlatform.Extensions.BlameDataCollector.dll
C:\Program Files\dotnet\sdk\7.0.304\Extensions\Microsoft.TestPlatform.Extensions.EventLogCollector.dll
C:\Program Files\dotnet\sdk\7.0.304\Extensions\Microsoft.TestPlatform.TestHostRuntimeProvider.dll
C:\Program Files\dotnet\sdk\7.0.304\Extensions\Microsoft.VisualStudio.TestPlatform.Extensions.Html.TestLogger.dll
C:\Program Files\dotnet\sdk\7.0.304\Extensions\Microsoft.VisualStudio.TestPlatform.Extensions.Trx.TestLogger.dll
TpTrace Verbose: 0 : 35412, 1, 2023/08/11, 11:20:42.697, 1749063218553, vstest.console.dll, TestPluginCache.GetExtensionPaths: Added unfilterableExtensionPaths: 
TpTrace Information: 0 : 35412, 1, 2023/08/11, 11:20:42.698, 1749063223774, vstest.console.dll, AssemblyResolver.ctor: Creating AssemblyResolver with searchDirectories C:\Program Files\dotnet\sdk\7.0.304\Extensions,C:\Program Files\dotnet\sdk\7.0.304
TpTrace Verbose: 0 : 35412, 1, 2023/08/11, 11:20:42.698, 1749063231183, vstest.console.dll, TestPluginCache.DiscoverTestExtensions: Discovering the extensions using extension path.
TpTrace Verbose: 0 : 35412, 1, 2023/08/11, 11:20:42.698, 1749063232040, vstest.console.dll, TestPluginCache.GetExtensionPaths: Filtered extension paths: 
TpTrace Verbose: 0 : 35412, 1, 2023/08/11, 11:20:42.698, 1749063232278, vstest.console.dll, TestPluginCache.GetExtensionPaths: Added default extension paths: C:\Program Files\dotnet\sdk\7.0.304\Extensions\Microsoft.Diagnostics.NETCore.Client.dll
C:\Program Files\dotnet\sdk\7.0.304\Extensions\Microsoft.TestPlatform.Extensions.BlameDataCollector.dll
C:\Program Files\dotnet\sdk\7.0.304\Extensions\Microsoft.TestPlatform.Extensions.EventLogCollector.dll
C:\Program Files\dotnet\sdk\7.0.304\Extensions\Microsoft.TestPlatform.TestHostRuntimeProvider.dll
C:\Program Files\dotnet\sdk\7.0.304\Extensions\Microsoft.VisualStudio.TestPlatform.Extensions.Html.TestLogger.dll
C:\Program Files\dotnet\sdk\7.0.304\Extensions\Microsoft.VisualStudio.TestPlatform.Extensions.Trx.TestLogger.dll
TpTrace Verbose: 0 : 35412, 1, 2023/08/11, 11:20:42.698, 1749063232482, vstest.console.dll, TestPluginCache.GetExtensionPaths: Added unfilterableExtensionPaths: 
TpTrace Verbose: 0 : 35412, 1, 2023/08/11, 11:20:42.698, 1749063233583, vstest.console.dll, TestPluginCache.DiscoverTestExtensions: Discovering the extensions using allExtensionPaths: C:\Program Files\dotnet\sdk\7.0.304\Extensions\Microsoft.Diagnostics.NETCore.Client.dll
C:\Program Files\dotnet\sdk\7.0.304\Extensions\Microsoft.TestPlatform.Extensions.BlameDataCollector.dll
C:\Program Files\dotnet\sdk\7.0.304\Extensions\Microsoft.TestPlatform.Extensions.EventLogCollector.dll
C:\Program Files\dotnet\sdk\7.0.304\Extensions\Microsoft.TestPlatform.TestHostRuntimeProvider.dll
C:\Program Files\dotnet\sdk\7.0.304\Extensions\Microsoft.VisualStudio.TestPlatform.Extensions.Html.TestLogger.dll
C:\Program Files\dotnet\sdk\7.0.304\Extensions\Microsoft.VisualStudio.TestPlatform.Extensions.Trx.TestLogger.dll
TpTrace Information: 0 : 35412, 1, 2023/08/11, 11:20:42.699, 1749063234549, vstest.console.dll, AssemblyResolver.AddSearchDirectories: Adding more searchDirectories C:\Program Files\dotnet\sdk\7.0.304\Extensions,C:\Program Files\dotnet\sdk\7.0.304
TpTrace Information: 0 : 35412, 1, 2023/08/11, 11:20:42.699, 1749063234956, vstest.console.dll, AssemblyResolver.AddSearchDirectories: Adding more searchDirectories C:\Program Files\dotnet\sdk\7.0.304\Extensions,C:\Program Files\dotnet\sdk\7.0.304
TpTrace Information: 0 : 35412, 1, 2023/08/11, 11:20:42.699, 1749063235188, vstest.console.dll, AssemblyResolver.AddSearchDirectories: Adding more searchDirectories C:\Program Files\dotnet\sdk\7.0.304\Extensions,C:\Program Files\dotnet\sdk\7.0.304
TpTrace Information: 0 : 35412, 1, 2023/08/11, 11:20:42.699, 1749063235370, vstest.console.dll, AssemblyResolver.AddSearchDirectories: Adding more searchDirectories C:\Program Files\dotnet\sdk\7.0.304\Extensions,C:\Program Files\dotnet\sdk\7.0.304
TpTrace Information: 0 : 35412, 1, 2023/08/11, 11:20:42.699, 1749063235527, vstest.console.dll, AssemblyResolver.AddSearchDirectories: Adding more searchDirectories C:\Program Files\dotnet\sdk\7.0.304\Extensions,C:\Program Files\dotnet\sdk\7.0.304
TpTrace Information: 0 : 35412, 1, 2023/08/11, 11:20:42.699, 1749063235682, vstest.console.dll, AssemblyResolver.AddSearchDirectories: Adding more searchDirectories C:\Program Files\dotnet\sdk\7.0.304\Extensions,C:\Program Files\dotnet\sdk\7.0.304
TpTrace Information: 0 : 35412, 1, 2023/08/11, 11:20:42.699, 1749063238926, vstest.console.dll, AssemblyResolver.OnResolve: Microsoft.Diagnostics.NETCore.Client: Resolving assembly.
TpTrace Information: 0 : 35412, 1, 2023/08/11, 11:20:42.699, 1749063239538, vstest.console.dll, AssemblyResolver.OnResolve: Microsoft.Diagnostics.NETCore.Client: Searching in: 'C:\Program Files\dotnet\sdk\7.0.304\Extensions'.
TpTrace Information: 0 : 35412, 1, 2023/08/11, 11:20:42.704, 1749063286234, vstest.console.dll, AssemblyResolver.OnResolve: Microsoft.Diagnostics.NETCore.Client: Loading assembly 'C:\Program Files\dotnet\sdk\7.0.304\Extensions\Microsoft.Diagnostics.NETCore.Client.dll'.
TpTrace Information: 0 : 35412, 1, 2023/08/11, 11:20:42.704, 1749063289388, vstest.console.dll, AssemblyResolver.OnResolve: Resolved assembly: Microsoft.Diagnostics.NETCore.Client, from path: C:\Program Files\dotnet\sdk\7.0.304\Extensions\Microsoft.Diagnostics.NETCore.Client.dll
TpTrace Verbose: 0 : 35412, 1, 2023/08/11, 11:20:42.705, 1749063296751, vstest.console.dll, MetadataReaderExtensionsHelper: Discovering extensions inside assembly 'Microsoft.Diagnostics.NETCore.Client, Version=0.2.6.42401, Culture=neutral, PublicKeyToken=31bf3856ad364e35' file path 'C:\Program Files\dotnet\sdk\7.0.304\Extensions\Microsoft.Diagnostics.NETCore.Client.dll'
TpTrace Information: 0 : 35412, 1, 2023/08/11, 11:20:42.707, 1749063320436, vstest.console.dll, AssemblyResolver.OnResolve: Microsoft.Bcl.AsyncInterfaces: Resolving assembly.
TpTrace Information: 0 : 35412, 1, 2023/08/11, 11:20:42.707, 1749063320898, vstest.console.dll, AssemblyResolver.OnResolve: Microsoft.Bcl.AsyncInterfaces: Searching in: 'C:\Program Files\dotnet\sdk\7.0.304\Extensions'.
TpTrace Information: 0 : 35412, 1, 2023/08/11, 11:20:42.707, 1749063321593, vstest.console.dll, AssemblyResolver.OnResolve: Microsoft.Bcl.AsyncInterfaces: Assembly path does not exist: 'C:\Program Files\dotnet\sdk\7.0.304\Extensions\Microsoft.Bcl.AsyncInterfaces.dll', returning.
TpTrace Information: 0 : 35412, 1, 2023/08/11, 11:20:42.707, 1749063322435, vstest.console.dll, AssemblyResolver.OnResolve: Microsoft.Bcl.AsyncInterfaces: Assembly path does not exist: 'C:\Program Files\dotnet\sdk\7.0.304\Extensions\Microsoft.Bcl.AsyncInterfaces.exe', returning.
TpTrace Information: 0 : 35412, 1, 2023/08/11, 11:20:42.707, 1749063322669, vstest.console.dll, AssemblyResolver.OnResolve: Microsoft.Bcl.AsyncInterfaces: Searching in: 'C:\Program Files\dotnet\sdk\7.0.304'.
TpTrace Information: 0 : 35412, 1, 2023/08/11, 11:20:42.707, 1749063323242, vstest.console.dll, AssemblyResolver.OnResolve: Microsoft.Bcl.AsyncInterfaces: Assembly path does not exist: 'C:\Program Files\dotnet\sdk\7.0.304\Microsoft.Bcl.AsyncInterfaces.dll', returning.
TpTrace Information: 0 : 35412, 1, 2023/08/11, 11:20:42.707, 1749063323549, vstest.console.dll, AssemblyResolver.OnResolve: Microsoft.Bcl.AsyncInterfaces: Assembly path does not exist: 'C:\Program Files\dotnet\sdk\7.0.304\Microsoft.Bcl.AsyncInterfaces.exe', returning.
TpTrace Information: 0 : 35412, 1, 2023/08/11, 11:20:42.708, 1749063323698, vstest.console.dll, AssemblyResolver.OnResolve: Microsoft.Bcl.AsyncInterfaces: Failed to load assembly.
TpTrace Verbose: 0 : 35412, 1, 2023/08/11, 11:20:42.708, 1749063323925, vstest.console.dll, CurrentDomainAssemblyResolve: Resolving assembly 'Microsoft.Bcl.AsyncInterfaces'.
TpTrace Information: 0 : 35412, 1, 2023/08/11, 11:20:42.708, 1749063324268, vstest.console.dll, AssemblyResolver.OnResolve: Microsoft.Bcl.AsyncInterfaces: Resolving assembly.
TpTrace Information: 0 : 35412, 1, 2023/08/11, 11:20:42.708, 1749063324474, vstest.console.dll, AssemblyResolver.OnResolve: Microsoft.Bcl.AsyncInterfaces: Resolved from cache.
TpTrace Verbose: 0 : 35412, 1, 2023/08/11, 11:20:42.708, 1749063324619, vstest.console.dll, CurrentDomainAssemblyResolve: Resolving assembly 'Microsoft.Bcl.AsyncInterfaces'.
TpTrace Verbose: 0 : 35412, 1, 2023/08/11, 11:20:42.708, 1749063324800, vstest.console.dll, CurrentDomainAssemblyResolve: Failed to resolve assembly 'Microsoft.Bcl.AsyncInterfaces'.
TpTrace Verbose: 0 : 35412, 1, 2023/08/11, 11:20:42.708, 1749063330094, vstest.console.dll, CurrentDomainAssemblyResolve: Failed to resolve assembly 'Microsoft.Bcl.AsyncInterfaces'.
TpTrace Warning: 0 : 35412, 1, 2023/08/11, 11:20:42.712, 1749063373174, vstest.console.dll, TestPluginDiscoverer: Failed to get types from assembly 'Microsoft.Diagnostics.NETCore.Client, Version=0.2.6.42401, Culture=neutral, PublicKeyToken=31bf3856ad364e35'. Error: System.Reflection.ReflectionTypeLoadException: Unable to load one or more of the requested types.
Could not load file or assembly 'Microsoft.Bcl.AsyncInterfaces, Version=1.0.0.0, Culture=neutral, PublicKeyToken=cc7b13ffcd2ddd51'. The system cannot find the file specified.
   at System.Reflection.RuntimeModule.GetTypes(RuntimeModule module)
   at System.Reflection.Assembly.GetTypes()
   at Microsoft.VisualStudio.TestPlatform.Common.ExtensionFramework.TestPluginDiscoverer.GetTestExtensionsFromAssembly[TPluginInfo,TExtension](Assembly assembly, Dictionary`2 pluginInfos, String filePath)
System.IO.FileNotFoundException: Could not load file or assembly 'Microsoft.Bcl.AsyncInterfaces, Version=1.0.0.0, Culture=neutral, PublicKeyToken=cc7b13ffcd2ddd51'. The system cannot find the file specified.
File name: 'Microsoft.Bcl.AsyncInterfaces, Version=1.0.0.0, Culture=neutral, PublicKeyToken=cc7b13ffcd2ddd51'
 ---> System.IO.FileNotFoundException: Could not load file or assembly 'Microsoft.Bcl.AsyncInterfaces, Culture=neutral, PublicKeyToken=null'. The system cannot find the file specified.
File name: 'Microsoft.Bcl.AsyncInterfaces, Culture=neutral, PublicKeyToken=null'
   at System.Reflection.RuntimeAssembly.InternalLoad(AssemblyName assemblyName, StackCrawlMark& stackMark, AssemblyLoadContext assemblyLoadContext, RuntimeAssembly requestingAssembly, Boolean throwOnFileNotFound)
   at System.Reflection.Assembly.Load(AssemblyName assemblyRef)
   at Microsoft.VisualStudio.TestPlatform.Common.ExtensionFramework.TestPluginCache.CurrentDomainAssemblyResolve(Object sender, AssemblyResolveEventArgs args)
   at System.Runtime.Loader.AssemblyLoadContext.GetFirstResolvedAssemblyFromResolvingEvent(AssemblyName assemblyName)
   at System.Runtime.Loader.AssemblyLoadContext.ResolveUsingEvent(AssemblyName assemblyName)
   at System.Runtime.Loader.AssemblyLoadContext.ResolveUsingResolvingEvent(IntPtr gchManagedAssemblyLoadContext, AssemblyName assemblyName)
TpTrace Warning: 0 : 35412, 1, 2023/08/11, 11:20:42.713, 1749063376143, vstest.console.dll, LoaderExceptions: System.IO.FileNotFoundException: Could not load file or assembly 'Microsoft.Bcl.AsyncInterfaces, Version=1.0.0.0, Culture=neutral, PublicKeyToken=cc7b13ffcd2ddd51'. The system cannot find the file specified.
File name: 'Microsoft.Bcl.AsyncInterfaces, Version=1.0.0.0, Culture=neutral, PublicKeyToken=cc7b13ffcd2ddd51'
 ---> System.IO.FileNotFoundException: Could not load file or assembly 'Microsoft.Bcl.AsyncInterfaces, Culture=neutral, PublicKeyToken=null'. The system cannot find the file specified.
File name: 'Microsoft.Bcl.AsyncInterfaces, Culture=neutral, PublicKeyToken=null'
   at System.Reflection.RuntimeAssembly.InternalLoad(AssemblyName assemblyName, StackCrawlMark& stackMark, AssemblyLoadContext assemblyLoadContext, RuntimeAssembly requestingAssembly, Boolean throwOnFileNotFound)
   at System.Reflection.Assembly.Load(AssemblyName assemblyRef)
   at Microsoft.VisualStudio.TestPlatform.Common.ExtensionFramework.TestPluginCache.CurrentDomainAssemblyResolve(Object sender, AssemblyResolveEventArgs args)
   at System.Runtime.Loader.AssemblyLoadContext.GetFirstResolvedAssemblyFromResolvingEvent(AssemblyName assemblyName)
   at System.Runtime.Loader.AssemblyLoadContext.ResolveUsingEvent(AssemblyName assemblyName)
   at System.Runtime.Loader.AssemblyLoadContext.ResolveUsingResolvingEvent(IntPtr gchManagedAssemblyLoadContext, AssemblyName assemblyName)
TpTrace Information: 0 : 35412, 1, 2023/08/11, 11:20:42.713, 1749063377541, vstest.console.dll, AssemblyResolver.OnResolve: Microsoft.TestPlatform.Extensions.BlameDataCollector: Resolving assembly.
TpTrace Information: 0 : 35412, 1, 2023/08/11, 11:20:42.713, 1749063377859, vstest.console.dll, AssemblyResolver.OnResolve: Microsoft.TestPlatform.Extensions.BlameDataCollector: Searching in: 'C:\Program Files\dotnet\sdk\7.0.304\Extensions'.
TpTrace Information: 0 : 35412, 1, 2023/08/11, 11:20:42.713, 1749063380263, vstest.console.dll, AssemblyResolver.OnResolve: Microsoft.TestPlatform.Extensions.BlameDataCollector: Loading assembly 'C:\Program Files\dotnet\sdk\7.0.304\Extensions\Microsoft.TestPlatform.Extensions.BlameDataCollector.dll'.
TpTrace Information: 0 : 35412, 1, 2023/08/11, 11:20:42.713, 1749063382933, vstest.console.dll, AssemblyResolver.OnResolve: Resolved assembly: Microsoft.TestPlatform.Extensions.BlameDataCollector, from path: C:\Program Files\dotnet\sdk\7.0.304\Extensions\Microsoft.TestPlatform.Extensions.BlameDataCollector.dll
TpTrace Verbose: 0 : 35412, 1, 2023/08/11, 11:20:42.713, 1749063383463, vstest.console.dll, MetadataReaderExtensionsHelper: Discovering extensions inside assembly 'Microsoft.TestPlatform.Extensions.BlameDataCollector, Version=15.0.0.0, Culture=neutral, PublicKeyToken=b03f5f7f11d50a3a' file path 'C:\Program Files\dotnet\sdk\7.0.304\Extensions\Microsoft.TestPlatform.Extensions.BlameDataCollector.dll'
TpTrace Information: 0 : 35412, 1, 2023/08/11, 11:20:42.714, 1749063393066, vstest.console.dll, AssemblyResolver.OnResolve: Microsoft.TestPlatform.Extensions.EventLogCollector: Resolving assembly.
TpTrace Information: 0 : 35412, 1, 2023/08/11, 11:20:42.714, 1749063393495, vstest.console.dll, AssemblyResolver.OnResolve: Microsoft.TestPlatform.Extensions.EventLogCollector: Searching in: 'C:\Program Files\dotnet\sdk\7.0.304\Extensions'.
TpTrace Information: 0 : 35412, 1, 2023/08/11, 11:20:42.715, 1749063395078, vstest.console.dll, AssemblyResolver.OnResolve: Microsoft.TestPlatform.Extensions.EventLogCollector: Loading assembly 'C:\Program Files\dotnet\sdk\7.0.304\Extensions\Microsoft.TestPlatform.Extensions.EventLogCollector.dll'.
TpTrace Information: 0 : 35412, 1, 2023/08/11, 11:20:42.715, 1749063397388, vstest.console.dll, AssemblyResolver.OnResolve: Resolved assembly: Microsoft.TestPlatform.Extensions.EventLogCollector, from path: C:\Program Files\dotnet\sdk\7.0.304\Extensions\Microsoft.TestPlatform.Extensions.EventLogCollector.dll
TpTrace Verbose: 0 : 35412, 1, 2023/08/11, 11:20:42.715, 1749063397797, vstest.console.dll, MetadataReaderExtensionsHelper: Discovering extensions inside assembly 'Microsoft.TestPlatform.Extensions.EventLogCollector, Version=15.0.0.0, Culture=neutral, PublicKeyToken=b03f5f7f11d50a3a' file path 'C:\Program Files\dotnet\sdk\7.0.304\Extensions\Microsoft.TestPlatform.Extensions.EventLogCollector.dll'
TpTrace Information: 0 : 35412, 1, 2023/08/11, 11:20:42.716, 1749063408256, vstest.console.dll, AssemblyResolver.OnResolve: Microsoft.TestPlatform.TestHostRuntimeProvider: Resolving assembly.
TpTrace Information: 0 : 35412, 1, 2023/08/11, 11:20:42.716, 1749063408695, vstest.console.dll, AssemblyResolver.OnResolve: Microsoft.TestPlatform.TestHostRuntimeProvider: Searching in: 'C:\Program Files\dotnet\sdk\7.0.304\Extensions'.
TpTrace Information: 0 : 35412, 1, 2023/08/11, 11:20:42.716, 1749063410307, vstest.console.dll, AssemblyResolver.OnResolve: Microsoft.TestPlatform.TestHostRuntimeProvider: Loading assembly 'C:\Program Files\dotnet\sdk\7.0.304\Extensions\Microsoft.TestPlatform.TestHostRuntimeProvider.dll'.
TpTrace Information: 0 : 35412, 1, 2023/08/11, 11:20:42.716, 1749063412604, vstest.console.dll, AssemblyResolver.OnResolve: Resolved assembly: Microsoft.TestPlatform.TestHostRuntimeProvider, from path: C:\Program Files\dotnet\sdk\7.0.304\Extensions\Microsoft.TestPlatform.TestHostRuntimeProvider.dll
TpTrace Verbose: 0 : 35412, 1, 2023/08/11, 11:20:42.716, 1749063413006, vstest.console.dll, MetadataReaderExtensionsHelper: Discovering extensions inside assembly 'Microsoft.TestPlatform.TestHostRuntimeProvider, Version=15.0.0.0, Culture=neutral, PublicKeyToken=b03f5f7f11d50a3a' file path 'C:\Program Files\dotnet\sdk\7.0.304\Extensions\Microsoft.TestPlatform.TestHostRuntimeProvider.dll'
TpTrace Information: 0 : 35412, 1, 2023/08/11, 11:20:42.718, 1749063423646, vstest.console.dll, GetTestExtensionFromType: Register extension with identifier data 'HostProvider://DefaultTestHost' and type 'Microsoft.VisualStudio.TestPlatform.CrossPlatEngine.Hosting.DefaultTestHostManager, Microsoft.TestPlatform.TestHostRuntimeProvider, Version=15.0.0.0, Culture=neutral, PublicKeyToken=b03f5f7f11d50a3a' inside file 'C:\Program Files\dotnet\sdk\7.0.304\Extensions\Microsoft.TestPlatform.TestHostRuntimeProvider.dll'
TpTrace Information: 0 : 35412, 1, 2023/08/11, 11:20:42.718, 1749063425299, vstest.console.dll, GetTestExtensionFromType: Register extension with identifier data 'HostProvider://DotnetTestHost' and type 'Microsoft.VisualStudio.TestPlatform.CrossPlatEngine.Hosting.DotnetTestHostManager, Microsoft.TestPlatform.TestHostRuntimeProvider, Version=15.0.0.0, Culture=neutral, PublicKeyToken=b03f5f7f11d50a3a' inside file 'C:\Program Files\dotnet\sdk\7.0.304\Extensions\Microsoft.TestPlatform.TestHostRuntimeProvider.dll'
TpTrace Information: 0 : 35412, 1, 2023/08/11, 11:20:42.718, 1749063425791, vstest.console.dll, AssemblyResolver.OnResolve: Microsoft.VisualStudio.TestPlatform.Extensions.Html.TestLogger: Resolving assembly.
TpTrace Information: 0 : 35412, 1, 2023/08/11, 11:20:42.718, 1749063425983, vstest.console.dll, AssemblyResolver.OnResolve: Microsoft.VisualStudio.TestPlatform.Extensions.Html.TestLogger: Searching in: 'C:\Program Files\dotnet\sdk\7.0.304\Extensions'.
TpTrace Information: 0 : 35412, 1, 2023/08/11, 11:20:42.718, 1749063427657, vstest.console.dll, AssemblyResolver.OnResolve: Microsoft.VisualStudio.TestPlatform.Extensions.Html.TestLogger: Loading assembly 'C:\Program Files\dotnet\sdk\7.0.304\Extensions\Microsoft.VisualStudio.TestPlatform.Extensions.Html.TestLogger.dll'.
TpTrace Information: 0 : 35412, 1, 2023/08/11, 11:20:42.718, 1749063429676, vstest.console.dll, AssemblyResolver.OnResolve: Resolved assembly: Microsoft.VisualStudio.TestPlatform.Extensions.Html.TestLogger, from path: C:\Program Files\dotnet\sdk\7.0.304\Extensions\Microsoft.VisualStudio.TestPlatform.Extensions.Html.TestLogger.dll
TpTrace Verbose: 0 : 35412, 1, 2023/08/11, 11:20:42.718, 1749063430162, vstest.console.dll, MetadataReaderExtensionsHelper: Discovering extensions inside assembly 'Microsoft.VisualStudio.TestPlatform.Extensions.Html.TestLogger, Version=15.0.0.0, Culture=neutral, PublicKeyToken=b03f5f7f11d50a3a' file path 'C:\Program Files\dotnet\sdk\7.0.304\Extensions\Microsoft.VisualStudio.TestPlatform.Extensions.Html.TestLogger.dll'
TpTrace Information: 0 : 35412, 1, 2023/08/11, 11:20:42.719, 1749063434586, vstest.console.dll, AssemblyResolver.OnResolve: Microsoft.VisualStudio.TestPlatform.Extensions.Trx.TestLogger: Resolving assembly.
TpTrace Information: 0 : 35412, 1, 2023/08/11, 11:20:42.719, 1749063434979, vstest.console.dll, AssemblyResolver.OnResolve: Microsoft.VisualStudio.TestPlatform.Extensions.Trx.TestLogger: Searching in: 'C:\Program Files\dotnet\sdk\7.0.304\Extensions'.
TpTrace Information: 0 : 35412, 1, 2023/08/11, 11:20:42.719, 1749063436529, vstest.console.dll, AssemblyResolver.OnResolve: Microsoft.VisualStudio.TestPlatform.Extensions.Trx.TestLogger: Loading assembly 'C:\Program Files\dotnet\sdk\7.0.304\Extensions\Microsoft.VisualStudio.TestPlatform.Extensions.Trx.TestLogger.dll'.
TpTrace Information: 0 : 35412, 1, 2023/08/11, 11:20:42.719, 1749063438895, vstest.console.dll, AssemblyResolver.OnResolve: Resolved assembly: Microsoft.VisualStudio.TestPlatform.Extensions.Trx.TestLogger, from path: C:\Program Files\dotnet\sdk\7.0.304\Extensions\Microsoft.VisualStudio.TestPlatform.Extensions.Trx.TestLogger.dll
TpTrace Verbose: 0 : 35412, 1, 2023/08/11, 11:20:42.719, 1749063439302, vstest.console.dll, MetadataReaderExtensionsHelper: Discovering extensions inside assembly 'Microsoft.VisualStudio.TestPlatform.Extensions.Trx.TestLogger, Version=15.0.0.0, Culture=neutral, PublicKeyToken=b03f5f7f11d50a3a' file path 'C:\Program Files\dotnet\sdk\7.0.304\Extensions\Microsoft.VisualStudio.TestPlatform.Extensions.Trx.TestLogger.dll'
TpTrace Verbose: 0 : 35412, 1, 2023/08/11, 11:20:42.720, 1749063445139, vstest.console.dll, TestPluginCache: Discovered the extensions using extension path ''.
TpTrace Verbose: 0 : 35412, 1, 2023/08/11, 11:20:42.720, 1749063445585, vstest.console.dll, TestPluginCache: Discoverers are ''.
TpTrace Verbose: 0 : 35412, 1, 2023/08/11, 11:20:42.720, 1749063445737, vstest.console.dll, TestPluginCache: Executors are ''.
TpTrace Verbose: 0 : 35412, 1, 2023/08/11, 11:20:42.720, 1749063445870, vstest.console.dll, TestPluginCache: Executors2 are ''.
TpTrace Verbose: 0 : 35412, 1, 2023/08/11, 11:20:42.720, 1749063446000, vstest.console.dll, TestPluginCache: Setting providers are ''.
TpTrace Verbose: 0 : 35412, 1, 2023/08/11, 11:20:42.720, 1749063446131, vstest.console.dll, TestPluginCache: Loggers are ''.
TpTrace Verbose: 0 : 35412, 1, 2023/08/11, 11:20:42.720, 1749063446999, vstest.console.dll, TestPluginCache: TestHosts are 'HostProvider://DefaultTestHost,HostProvider://DotnetTestHost'.
TpTrace Verbose: 0 : 35412, 1, 2023/08/11, 11:20:42.720, 1749063447224, vstest.console.dll, TestPluginCache: DataCollectors are ''.
TpTrace Information: 0 : 35412, 1, 2023/08/11, 11:20:42.726, 1749063507827, vstest.console.dll, RunTestsArgumentProcessor:Execute: Test run is starting.
TpTrace Verbose: 0 : 35412, 1, 2023/08/11, 11:20:42.726, 1749063508346, vstest.console.dll, RunTestsArgumentProcessor:Execute: Queuing Test run.
TpTrace Information: 0 : 35412, 1, 2023/08/11, 11:20:42.726, 1749063510383, vstest.console.dll, TestRequestManager.RunTests: run tests started.
TpTrace Information: 0 : 35412, 1, 2023/08/11, 11:20:42.728, 1749063524399, vstest.console.dll, AssemblyMetadataProvider.GetFrameworkName: Determined framework:'.NETCoreApp,Version=v7.0' for source: 'C:\Projects\TalentConsulting\talentsuite-project-api\TalentConsulting.TalentSuite.Projects.UnitTests\bin\Debug\net7.0\fine-code-coverage\build-output\TalentConsulting.TalentSuite.Projects.UnitTests.dll'
TpTrace Information: 0 : 35412, 1, 2023/08/11, 11:20:42.728, 1749063526618, vstest.console.dll, Determined framework for all sources: .NETCoreApp,Version=v7.0
TpTrace Verbose: 0 : 35412, 1, 2023/08/11, 11:20:42.728, 1749063530665, vstest.console.dll, TestRequestManager.UpdateRunSettingsIfRequired: Default architecture: X64 IsDefaultTargetArchitecture: True, Current process architecture: X64 OperatingSystem: Windows.
TpTrace Information: 0 : 35412, 1, 2023/08/11, 11:20:42.730, 1749063546778, vstest.console.dll, AssemblyMetadataProvider.GetArchitecture: Determined architecture:AnyCPU info for assembly: C:\Projects\TalentConsulting\talentsuite-project-api\TalentConsulting.TalentSuite.Projects.UnitTests\bin\Debug\net7.0\fine-code-coverage\build-output\TalentConsulting.TalentSuite.Projects.UnitTests.dll
TpTrace Information: 0 : 35412, 1, 2023/08/11, 11:20:42.730, 1749063547225, vstest.console.dll, Determined platform for source 'C:\Projects\TalentConsulting\talentsuite-project-api\TalentConsulting.TalentSuite.Projects.UnitTests\bin\Debug\net7.0\fine-code-coverage\build-output\TalentConsulting.TalentSuite.Projects.UnitTests.dll' was AnyCPU and it will use the default plaform X64.
TpTrace Information: 0 : 35412, 1, 2023/08/11, 11:20:42.730, 1749063547402, vstest.console.dll, None of the sources provided any runnable platform, using the default platform: X64
TpTrace Information: 0 : 35412, 1, 2023/08/11, 11:20:42.730, 1749063548388, vstest.console.dll, Platform was updated to 'X64'.
TpTrace Information: 0 : 35412, 1, 2023/08/11, 11:20:42.732, 1749063571551, vstest.console.dll, InferRunSettingsHelper.IsTestSettingsEnabled: Unable to navigate to RunSettings/MSTest. Current node: RunSettings
TpTrace Information: 0 : 35412, 1, 2023/08/11, 11:20:42.733, 1749063576846, vstest.console.dll, AssemblyResolver.OnResolve: Microsoft.VisualStudio.TestPlatform.Fakes: Resolving assembly.
TpTrace Information: 0 : 35412, 1, 2023/08/11, 11:20:42.733, 1749063577299, vstest.console.dll, AssemblyResolver.OnResolve: Microsoft.VisualStudio.TestPlatform.Fakes: Searching in: 'C:\Program Files\dotnet\sdk\7.0.304\Extensions'.
TpTrace Information: 0 : 35412, 1, 2023/08/11, 11:20:42.733, 1749063577944, vstest.console.dll, AssemblyResolver.OnResolve: Microsoft.VisualStudio.TestPlatform.Fakes: Assembly path does not exist: 'C:\Program Files\dotnet\sdk\7.0.304\Extensions\Microsoft.VisualStudio.TestPlatform.Fakes.dll', returning.
TpTrace Information: 0 : 35412, 1, 2023/08/11, 11:20:42.733, 1749063578357, vstest.console.dll, AssemblyResolver.OnResolve: Microsoft.VisualStudio.TestPlatform.Fakes: Assembly path does not exist: 'C:\Program Files\dotnet\sdk\7.0.304\Extensions\Microsoft.VisualStudio.TestPlatform.Fakes.exe', returning.
TpTrace Information: 0 : 35412, 1, 2023/08/11, 11:20:42.733, 1749063578526, vstest.console.dll, AssemblyResolver.OnResolve: Microsoft.VisualStudio.TestPlatform.Fakes: Searching in: 'C:\Program Files\dotnet\sdk\7.0.304'.
TpTrace Information: 0 : 35412, 1, 2023/08/11, 11:20:42.733, 1749063578937, vstest.console.dll, AssemblyResolver.OnResolve: Microsoft.VisualStudio.TestPlatform.Fakes: Assembly path does not exist: 'C:\Program Files\dotnet\sdk\7.0.304\Microsoft.VisualStudio.TestPlatform.Fakes.dll', returning.
TpTrace Information: 0 : 35412, 1, 2023/08/11, 11:20:42.733, 1749063579283, vstest.console.dll, AssemblyResolver.OnResolve: Microsoft.VisualStudio.TestPlatform.Fakes: Assembly path does not exist: 'C:\Program Files\dotnet\sdk\7.0.304\Microsoft.VisualStudio.TestPlatform.Fakes.exe', returning.
TpTrace Information: 0 : 35412, 1, 2023/08/11, 11:20:42.733, 1749063579442, vstest.console.dll, AssemblyResolver.OnResolve: Microsoft.VisualStudio.TestPlatform.Fakes: Failed to load assembly.
TpTrace Information: 0 : 35412, 1, 2023/08/11, 11:20:42.733, 1749063581446, vstest.console.dll, Failed to load assembly Microsoft.VisualStudio.TestPlatform.Fakes, Version=17.0.0.0, Culture=neutral. Reason:System.IO.FileNotFoundException: Could not load file or assembly 'Microsoft.VisualStudio.TestPlatform.Fakes, Version=17.0.0.0, Culture=neutral, PublicKeyToken=null'. The system cannot find the file specified.
File name: 'Microsoft.VisualStudio.TestPlatform.Fakes, Version=17.0.0.0, Culture=neutral, PublicKeyToken=null'
   at System.Reflection.RuntimeAssembly.InternalLoad(AssemblyName assemblyName, StackCrawlMark& stackMark, AssemblyLoadContext assemblyLoadContext, RuntimeAssembly requestingAssembly, Boolean throwOnFileNotFound)
   at System.Reflection.Assembly.Load(AssemblyName assemblyRef)
   at Microsoft.VisualStudio.TestPlatform.Common.Utilities.FakesUtilities.LoadTestPlatformAssembly()
TpTrace Verbose: 0 : 35412, 1, 2023/08/11, 11:20:42.736, 1749063611649, vstest.console.dll, TestPluginCache.DiscoverTestExtensions: finding test extensions in assemblies ends with: TestLogger.dll TPluginInfo: Microsoft.VisualStudio.TestPlatform.Common.ExtensionFramework.Utilities.TestLoggerPluginInformation TExtension: Microsoft.VisualStudio.TestPlatform.ObjectModel.Client.ITestLogger
TpTrace Verbose: 0 : 35412, 1, 2023/08/11, 11:20:42.736, 1749063612778, vstest.console.dll, TestPluginCache.GetExtensionPaths: Filtered extension paths: 
TpTrace Verbose: 0 : 35412, 1, 2023/08/11, 11:20:42.736, 1749063613032, vstest.console.dll, TestPluginCache.GetExtensionPaths: Added default extension paths: C:\Program Files\dotnet\sdk\7.0.304\Extensions\Microsoft.Diagnostics.NETCore.Client.dll
C:\Program Files\dotnet\sdk\7.0.304\Extensions\Microsoft.TestPlatform.Extensions.BlameDataCollector.dll
C:\Program Files\dotnet\sdk\7.0.304\Extensions\Microsoft.TestPlatform.Extensions.EventLogCollector.dll
C:\Program Files\dotnet\sdk\7.0.304\Extensions\Microsoft.TestPlatform.TestHostRuntimeProvider.dll
C:\Program Files\dotnet\sdk\7.0.304\Extensions\Microsoft.VisualStudio.TestPlatform.Extensions.Html.TestLogger.dll
C:\Program Files\dotnet\sdk\7.0.304\Extensions\Microsoft.VisualStudio.TestPlatform.Extensions.Trx.TestLogger.dll
TpTrace Verbose: 0 : 35412, 1, 2023/08/11, 11:20:42.736, 1749063613273, vstest.console.dll, TestPluginCache.GetExtensionPaths: Added unfilterableExtensionPaths: 
TpTrace Information: 0 : 35412, 1, 2023/08/11, 11:20:42.737, 1749063614656, vstest.console.dll, AssemblyResolver.AddSearchDirectories: Adding more searchDirectories C:\Program Files\dotnet\sdk\7.0.304\Extensions,C:\Program Files\dotnet\sdk\7.0.304
TpTrace Verbose: 0 : 35412, 1, 2023/08/11, 11:20:42.737, 1749063615177, vstest.console.dll, TestPluginCache.DiscoverTestExtensions: Discovering the extensions using extension path.
TpTrace Verbose: 0 : 35412, 1, 2023/08/11, 11:20:42.737, 1749063615385, vstest.console.dll, TestPluginCache.GetExtensionPaths: Filtered extension paths: 
TpTrace Verbose: 0 : 35412, 1, 2023/08/11, 11:20:42.737, 1749063615594, vstest.console.dll, TestPluginCache.GetExtensionPaths: Added default extension paths: C:\Program Files\dotnet\sdk\7.0.304\Extensions\Microsoft.Diagnostics.NETCore.Client.dll
C:\Program Files\dotnet\sdk\7.0.304\Extensions\Microsoft.TestPlatform.Extensions.BlameDataCollector.dll
C:\Program Files\dotnet\sdk\7.0.304\Extensions\Microsoft.TestPlatform.Extensions.EventLogCollector.dll
C:\Program Files\dotnet\sdk\7.0.304\Extensions\Microsoft.TestPlatform.TestHostRuntimeProvider.dll
C:\Program Files\dotnet\sdk\7.0.304\Extensions\Microsoft.VisualStudio.TestPlatform.Extensions.Html.TestLogger.dll
C:\Program Files\dotnet\sdk\7.0.304\Extensions\Microsoft.VisualStudio.TestPlatform.Extensions.Trx.TestLogger.dll
TpTrace Verbose: 0 : 35412, 1, 2023/08/11, 11:20:42.737, 1749063615752, vstest.console.dll, TestPluginCache.GetExtensionPaths: Added unfilterableExtensionPaths: 
TpTrace Verbose: 0 : 35412, 1, 2023/08/11, 11:20:42.737, 1749063615958, vstest.console.dll, TestPluginCache.DiscoverTestExtensions: Discovering the extensions using allExtensionPaths: C:\Program Files\dotnet\sdk\7.0.304\Extensions\Microsoft.Diagnostics.NETCore.Client.dll
C:\Program Files\dotnet\sdk\7.0.304\Extensions\Microsoft.TestPlatform.Extensions.BlameDataCollector.dll
C:\Program Files\dotnet\sdk\7.0.304\Extensions\Microsoft.TestPlatform.Extensions.EventLogCollector.dll
C:\Program Files\dotnet\sdk\7.0.304\Extensions\Microsoft.TestPlatform.TestHostRuntimeProvider.dll
C:\Program Files\dotnet\sdk\7.0.304\Extensions\Microsoft.VisualStudio.TestPlatform.Extensions.Html.TestLogger.dll
C:\Program Files\dotnet\sdk\7.0.304\Extensions\Microsoft.VisualStudio.TestPlatform.Extensions.Trx.TestLogger.dll
TpTrace Information: 0 : 35412, 1, 2023/08/11, 11:20:42.737, 1749063617248, vstest.console.dll, AssemblyResolver.AddSearchDirectories: Adding more searchDirectories C:\Program Files\dotnet\sdk\7.0.304\Extensions,C:\Program Files\dotnet\sdk\7.0.304
TpTrace Information: 0 : 35412, 1, 2023/08/11, 11:20:42.737, 1749063617547, vstest.console.dll, AssemblyResolver.AddSearchDirectories: Adding more searchDirectories C:\Program Files\dotnet\sdk\7.0.304\Extensions,C:\Program Files\dotnet\sdk\7.0.304
TpTrace Information: 0 : 35412, 1, 2023/08/11, 11:20:42.737, 1749063617720, vstest.console.dll, AssemblyResolver.AddSearchDirectories: Adding more searchDirectories C:\Program Files\dotnet\sdk\7.0.304\Extensions,C:\Program Files\dotnet\sdk\7.0.304
TpTrace Information: 0 : 35412, 1, 2023/08/11, 11:20:42.737, 1749063617878, vstest.console.dll, AssemblyResolver.AddSearchDirectories: Adding more searchDirectories C:\Program Files\dotnet\sdk\7.0.304\Extensions,C:\Program Files\dotnet\sdk\7.0.304
TpTrace Information: 0 : 35412, 1, 2023/08/11, 11:20:42.737, 1749063618085, vstest.console.dll, AssemblyResolver.AddSearchDirectories: Adding more searchDirectories C:\Program Files\dotnet\sdk\7.0.304\Extensions,C:\Program Files\dotnet\sdk\7.0.304
TpTrace Information: 0 : 35412, 1, 2023/08/11, 11:20:42.737, 1749063618245, vstest.console.dll, AssemblyResolver.AddSearchDirectories: Adding more searchDirectories C:\Program Files\dotnet\sdk\7.0.304\Extensions,C:\Program Files\dotnet\sdk\7.0.304
TpTrace Verbose: 0 : 35412, 1, 2023/08/11, 11:20:42.737, 1749063619123, vstest.console.dll, MetadataReaderExtensionsHelper: Discovering extensions inside assembly 'Microsoft.Diagnostics.NETCore.Client, Version=0.2.6.42401, Culture=neutral, PublicKeyToken=31bf3856ad364e35' file path 'C:\Program Files\dotnet\sdk\7.0.304\Extensions\Microsoft.Diagnostics.NETCore.Client.dll'
TpTrace Information: 0 : 35412, 1, 2023/08/11, 11:20:42.738, 1749063624728, vstest.console.dll, AssemblyResolver.OnResolve: Microsoft.Bcl.AsyncInterfaces: Resolving assembly.
TpTrace Information: 0 : 35412, 1, 2023/08/11, 11:20:42.738, 1749063625116, vstest.console.dll, AssemblyResolver.OnResolve: Microsoft.Bcl.AsyncInterfaces: Resolved from cache.
TpTrace Verbose: 0 : 35412, 1, 2023/08/11, 11:20:42.738, 1749063625281, vstest.console.dll, CurrentDomainAssemblyResolve: Resolving assembly 'Microsoft.Bcl.AsyncInterfaces'.
TpTrace Information: 0 : 35412, 1, 2023/08/11, 11:20:42.738, 1749063625525, vstest.console.dll, AssemblyResolver.OnResolve: Microsoft.Bcl.AsyncInterfaces: Resolving assembly.
TpTrace Information: 0 : 35412, 1, 2023/08/11, 11:20:42.738, 1749063625670, vstest.console.dll, AssemblyResolver.OnResolve: Microsoft.Bcl.AsyncInterfaces: Resolved from cache.
TpTrace Verbose: 0 : 35412, 1, 2023/08/11, 11:20:42.738, 1749063625826, vstest.console.dll, CurrentDomainAssemblyResolve: Resolving assembly 'Microsoft.Bcl.AsyncInterfaces'.
TpTrace Verbose: 0 : 35412, 1, 2023/08/11, 11:20:42.738, 1749063625958, vstest.console.dll, CurrentDomainAssemblyResolve: Failed to resolve assembly 'Microsoft.Bcl.AsyncInterfaces'.
TpTrace Verbose: 0 : 35412, 1, 2023/08/11, 11:20:42.738, 1749063627046, vstest.console.dll, CurrentDomainAssemblyResolve: Failed to resolve assembly 'Microsoft.Bcl.AsyncInterfaces'.
TpTrace Warning: 0 : 35412, 1, 2023/08/11, 11:20:42.738, 1749063629228, vstest.console.dll, TestPluginDiscoverer: Failed to get types from assembly 'Microsoft.Diagnostics.NETCore.Client, Version=0.2.6.42401, Culture=neutral, PublicKeyToken=31bf3856ad364e35'. Error: System.Reflection.ReflectionTypeLoadException: Unable to load one or more of the requested types.
Could not load file or assembly 'Microsoft.Bcl.AsyncInterfaces, Version=1.0.0.0, Culture=neutral, PublicKeyToken=cc7b13ffcd2ddd51'. The system cannot find the file specified.
   at System.Reflection.RuntimeModule.GetTypes(RuntimeModule module)
   at System.Reflection.Assembly.GetTypes()
   at Microsoft.VisualStudio.TestPlatform.Common.ExtensionFramework.TestPluginDiscoverer.GetTestExtensionsFromAssembly[TPluginInfo,TExtension](Assembly assembly, Dictionary`2 pluginInfos, String filePath)
System.IO.FileNotFoundException: Could not load file or assembly 'Microsoft.Bcl.AsyncInterfaces, Version=1.0.0.0, Culture=neutral, PublicKeyToken=cc7b13ffcd2ddd51'. The system cannot find the file specified.
File name: 'Microsoft.Bcl.AsyncInterfaces, Version=1.0.0.0, Culture=neutral, PublicKeyToken=cc7b13ffcd2ddd51'
 ---> System.IO.FileNotFoundException: Could not load file or assembly 'Microsoft.Bcl.AsyncInterfaces, Culture=neutral, PublicKeyToken=null'. The system cannot find the file specified.
File name: 'Microsoft.Bcl.AsyncInterfaces, Culture=neutral, PublicKeyToken=null'
   at System.Reflection.RuntimeAssembly.InternalLoad(AssemblyName assemblyName, StackCrawlMark& stackMark, AssemblyLoadContext assemblyLoadContext, RuntimeAssembly requestingAssembly, Boolean throwOnFileNotFound)
   at System.Reflection.Assembly.Load(AssemblyName assemblyRef)
   at Microsoft.VisualStudio.TestPlatform.Common.ExtensionFramework.TestPluginCache.CurrentDomainAssemblyResolve(Object sender, AssemblyResolveEventArgs args)
   at System.Runtime.Loader.AssemblyLoadContext.GetFirstResolvedAssemblyFromResolvingEvent(AssemblyName assemblyName)
   at System.Runtime.Loader.AssemblyLoadContext.ResolveUsingEvent(AssemblyName assemblyName)
   at System.Runtime.Loader.AssemblyLoadContext.ResolveUsingResolvingEvent(IntPtr gchManagedAssemblyLoadContext, AssemblyName assemblyName)
TpTrace Warning: 0 : 35412, 1, 2023/08/11, 11:20:42.738, 1749063630124, vstest.console.dll, LoaderExceptions: System.IO.FileNotFoundException: Could not load file or assembly 'Microsoft.Bcl.AsyncInterfaces, Version=1.0.0.0, Culture=neutral, PublicKeyToken=cc7b13ffcd2ddd51'. The system cannot find the file specified.
File name: 'Microsoft.Bcl.AsyncInterfaces, Version=1.0.0.0, Culture=neutral, PublicKeyToken=cc7b13ffcd2ddd51'
 ---> System.IO.FileNotFoundException: Could not load file or assembly 'Microsoft.Bcl.AsyncInterfaces, Culture=neutral, PublicKeyToken=null'. The system cannot find the file specified.
File name: 'Microsoft.Bcl.AsyncInterfaces, Culture=neutral, PublicKeyToken=null'
   at System.Reflection.RuntimeAssembly.InternalLoad(AssemblyName assemblyName, StackCrawlMark& stackMark, AssemblyLoadContext assemblyLoadContext, RuntimeAssembly requestingAssembly, Boolean throwOnFileNotFound)
   at System.Reflection.Assembly.Load(AssemblyName assemblyRef)
   at Microsoft.VisualStudio.TestPlatform.Common.ExtensionFramework.TestPluginCache.CurrentDomainAssemblyResolve(Object sender, AssemblyResolveEventArgs args)
   at System.Runtime.Loader.AssemblyLoadContext.GetFirstResolvedAssemblyFromResolvingEvent(AssemblyName assemblyName)
   at System.Runtime.Loader.AssemblyLoadContext.ResolveUsingEvent(AssemblyName assemblyName)
   at System.Runtime.Loader.AssemblyLoadContext.ResolveUsingResolvingEvent(IntPtr gchManagedAssemblyLoadContext, AssemblyName assemblyName)
TpTrace Verbose: 0 : 35412, 1, 2023/08/11, 11:20:42.738, 1749063630577, vstest.console.dll, MetadataReaderExtensionsHelper: Discovering extensions inside assembly 'Microsoft.TestPlatform.Extensions.BlameDataCollector, Version=15.0.0.0, Culture=neutral, PublicKeyToken=b03f5f7f11d50a3a' file path 'C:\Program Files\dotnet\sdk\7.0.304\Extensions\Microsoft.TestPlatform.Extensions.BlameDataCollector.dll'
TpTrace Information: 0 : 35412, 1, 2023/08/11, 11:20:42.738, 1749063633609, vstest.console.dll, GetTestExtensionFromType: Register extension with identifier data 'logger://Microsoft/TestPlatform/Extensions/Blame/v1' and type 'Microsoft.TestPlatform.Extensions.BlameDataCollector.BlameLogger, Microsoft.TestPlatform.Extensions.BlameDataCollector, Version=15.0.0.0, Culture=neutral, PublicKeyToken=b03f5f7f11d50a3a' inside file 'C:\Program Files\dotnet\sdk\7.0.304\Extensions\Microsoft.TestPlatform.Extensions.BlameDataCollector.dll'
TpTrace Verbose: 0 : 35412, 1, 2023/08/11, 11:20:42.739, 1749063634120, vstest.console.dll, MetadataReaderExtensionsHelper: Discovering extensions inside assembly 'Microsoft.TestPlatform.Extensions.EventLogCollector, Version=15.0.0.0, Culture=neutral, PublicKeyToken=b03f5f7f11d50a3a' file path 'C:\Program Files\dotnet\sdk\7.0.304\Extensions\Microsoft.TestPlatform.Extensions.EventLogCollector.dll'
TpTrace Verbose: 0 : 35412, 1, 2023/08/11, 11:20:42.739, 1749063635804, vstest.console.dll, MetadataReaderExtensionsHelper: Discovering extensions inside assembly 'Microsoft.TestPlatform.TestHostRuntimeProvider, Version=15.0.0.0, Culture=neutral, PublicKeyToken=b03f5f7f11d50a3a' file path 'C:\Program Files\dotnet\sdk\7.0.304\Extensions\Microsoft.TestPlatform.TestHostRuntimeProvider.dll'
TpTrace Verbose: 0 : 35412, 1, 2023/08/11, 11:20:42.739, 1749063637483, vstest.console.dll, MetadataReaderExtensionsHelper: Discovering extensions inside assembly 'Microsoft.VisualStudio.TestPlatform.Extensions.Html.TestLogger, Version=15.0.0.0, Culture=neutral, PublicKeyToken=b03f5f7f11d50a3a' file path 'C:\Program Files\dotnet\sdk\7.0.304\Extensions\Microsoft.VisualStudio.TestPlatform.Extensions.Html.TestLogger.dll'
TpTrace Information: 0 : 35412, 1, 2023/08/11, 11:20:42.739, 1749063640401, vstest.console.dll, GetTestExtensionFromType: Register extension with identifier data 'logger://Microsoft/TestPlatform/HtmlLogger/v1' and type 'Microsoft.VisualStudio.TestPlatform.Extensions.HtmlLogger.HtmlLogger, Microsoft.VisualStudio.TestPlatform.Extensions.Html.TestLogger, Version=15.0.0.0, Culture=neutral, PublicKeyToken=b03f5f7f11d50a3a' inside file 'C:\Program Files\dotnet\sdk\7.0.304\Extensions\Microsoft.VisualStudio.TestPlatform.Extensions.Html.TestLogger.dll'
TpTrace Verbose: 0 : 35412, 1, 2023/08/11, 11:20:42.739, 1749063640803, vstest.console.dll, MetadataReaderExtensionsHelper: Discovering extensions inside assembly 'Microsoft.VisualStudio.TestPlatform.Extensions.Trx.TestLogger, Version=15.0.0.0, Culture=neutral, PublicKeyToken=b03f5f7f11d50a3a' file path 'C:\Program Files\dotnet\sdk\7.0.304\Extensions\Microsoft.VisualStudio.TestPlatform.Extensions.Trx.TestLogger.dll'
TpTrace Information: 0 : 35412, 1, 2023/08/11, 11:20:42.739, 1749063643588, vstest.console.dll, GetTestExtensionFromType: Register extension with identifier data 'logger://Microsoft/TestPlatform/TrxLogger/v1' and type 'Microsoft.VisualStudio.TestPlatform.Extensions.TrxLogger.TrxLogger, Microsoft.VisualStudio.TestPlatform.Extensions.Trx.TestLogger, Version=15.0.0.0, Culture=neutral, PublicKeyToken=b03f5f7f11d50a3a' inside file 'C:\Program Files\dotnet\sdk\7.0.304\Extensions\Microsoft.VisualStudio.TestPlatform.Extensions.Trx.TestLogger.dll'
TpTrace Verbose: 0 : 35412, 1, 2023/08/11, 11:20:42.740, 1749063644217, vstest.console.dll, TestPluginCache: Discovered the extensions using extension path ''.
TpTrace Verbose: 0 : 35412, 1, 2023/08/11, 11:20:42.740, 1749063644391, vstest.console.dll, TestPluginCache: Discoverers are ''.
TpTrace Verbose: 0 : 35412, 1, 2023/08/11, 11:20:42.740, 1749063644527, vstest.console.dll, TestPluginCache: Executors are ''.
TpTrace Verbose: 0 : 35412, 1, 2023/08/11, 11:20:42.740, 1749063644656, vstest.console.dll, TestPluginCache: Executors2 are ''.
TpTrace Verbose: 0 : 35412, 1, 2023/08/11, 11:20:42.740, 1749063644783, vstest.console.dll, TestPluginCache: Setting providers are ''.
TpTrace Verbose: 0 : 35412, 1, 2023/08/11, 11:20:42.740, 1749063645229, vstest.console.dll, TestPluginCache: Loggers are 'logger://Microsoft/TestPlatform/Extensions/Blame/v1,logger://Microsoft/TestPlatform/HtmlLogger/v1,logger://Microsoft/TestPlatform/TrxLogger/v1'.
TpTrace Verbose: 0 : 35412, 1, 2023/08/11, 11:20:42.740, 1749063645582, vstest.console.dll, TestPluginCache: TestHosts are 'HostProvider://DefaultTestHost,HostProvider://DotnetTestHost'.
TpTrace Verbose: 0 : 35412, 1, 2023/08/11, 11:20:42.740, 1749063645789, vstest.console.dll, TestPluginCache: DataCollectors are ''.
TpTrace Information: 0 : 35412, 1, 2023/08/11, 11:20:42.740, 1749063651226, vstest.console.dll, TestPluginManager.CreateTestExtension: Attempting to load test extension: Microsoft.TestPlatform.Extensions.BlameDataCollector.BlameLogger
TpTrace Verbose: 0 : 35412, 1, 2023/08/11, 11:20:42.746, 1749063712235, vstest.console.dll, TestEngine: Initializing Parallel Execution as MaxCpuCount is set to: 1
TpTrace Information: 0 : 35412, 1, 2023/08/11, 11:20:42.748, 1749063724365, vstest.console.dll, TestPluginManager.CreateTestExtension: Attempting to load test extension: Microsoft.VisualStudio.TestPlatform.CrossPlatEngine.Hosting.DefaultTestHostManager
TpTrace Information: 0 : 35412, 1, 2023/08/11, 11:20:42.748, 1749063729867, vstest.console.dll, TestPluginManager.CreateTestExtension: Attempting to load test extension: Microsoft.VisualStudio.TestPlatform.CrossPlatEngine.Hosting.DotnetTestHostManager
TpTrace Information: 0 : 35412, 1, 2023/08/11, 11:20:42.749, 1749063734413, vstest.console.dll, InferRunSettingsHelper.IsTestSettingsEnabled: Unable to navigate to RunSettings/MSTest. Current node: RunSettings
TpTrace Verbose: 0 : 35412, 1, 2023/08/11, 11:20:42.752, 1749063765487, vstest.console.dll, TestEngine.GetExecutionManager: Chosen execution manager 'Microsoft.VisualStudio.TestPlatform.CrossPlatEngine.Client.Parallel.ParallelProxyExecutionManager, Microsoft.TestPlatform.CrossPlatEngine, Version=15.0.0.0, Culture=neutral, PublicKeyToken=b03f5f7f11d50a3a' ParallelLevel '1'.
TpTrace Verbose: 0 : 35412, 1, 2023/08/11, 11:20:42.752, 1749063766765, vstest.console.dll, TestRunRequest.ExecuteAsync: Creating test run request.
TpTrace Verbose: 0 : 35412, 1, 2023/08/11, 11:20:42.752, 1749063768436, vstest.console.dll, TestRunRequest.ExecuteAsync: Starting.
TpTrace Information: 0 : 35412, 1, 2023/08/11, 11:20:42.752, 1749063770323, vstest.console.dll, TestRunRequest.ExecuteAsync: Starting run with settings:TestRunCriteria:
   KeepAlive=False,FrequencyOfRunStatsChangeEvent=10,RunStatsChangeEventTimeout=00:00:01.5000000,TestCaseFilter=,TestExecutorLauncher=
   Settingsxml=<RunSettings>
  <RunConfiguration>
    <ResultsDirectory>C:\Projects\TalentConsulting\talentsuite-project-api\TalentConsulting.TalentSuite.Projects.UnitTests\bin\Debug\net7.0\fine-code-coverage\coverage-tool-output</ResultsDirectory>
    <TargetPlatform>X64</TargetPlatform>
    <TargetFrameworkVersion>.NETCoreApp,Version=v7.0</TargetFrameworkVersion>
    <DesignMode>False</DesignMode>
    <CollectSourceInformation>False</CollectSourceInformation>
  </RunConfiguration>
  <LoggerRunSettings>
    <Loggers>
      <Logger friendlyName="blame" enabled="True" />
      <Logger friendlyName="Console" uri="logger://microsoft/TestPlatform/ConsoleLogger/v1" assemblyQualifiedName="Microsoft.VisualStudio.TestPlatform.CommandLine.Internal.ConsoleLogger, vstest.console, Version=15.0.0.0, Culture=neutral, PublicKeyToken=b03f5f7f11d50a3a" codeBase="C:\Program Files\dotnet\sdk\7.0.304\vstest.console.dll" enabled="True" />
    </Loggers>
  </LoggerRunSettings>
  <DataCollectionRunSettings>
    <DataCollectors>
      <DataCollector friendlyName="blame" enabled="True">
        <Configuration>
          <ResultsDirectory>C:\Projects\TalentConsulting\talentsuite-project-api\TalentConsulting.TalentSuite.Projects.UnitTests\bin\Debug\net7.0\fine-code-coverage\coverage-tool-output</ResultsDirectory>
        </Configuration>
      </DataCollector>
    </DataCollectors>
  </DataCollectionRunSettings>
</RunSettings>

TpTrace Verbose: 0 : 35412, 1, 2023/08/11, 11:20:42.752, 1749063770698, vstest.console.dll, TestRunRequest.ExecuteAsync: Wait for the first run request is over.
TpTrace Verbose: 0 : 35412, 1, 2023/08/11, 11:20:42.752, 1749063772806, vstest.console.dll, MulticastDelegateUtilities.SafeInvoke: TestRun.TestRunStart: Invoking callbacks was skipped because there are no subscribers.
TpTrace Verbose: 0 : 35412, 4, 2023/08/11, 11:20:42.753, 1749063774852, vstest.console.dll, MulticastDelegateUtilities.SafeInvoke: InternalTestLoggerEvents.SendTestRunStart: Invoking callback 1/1 for Microsoft.VisualStudio.TestPlatform.CommandLine.Internal.ConsoleLogger., took 0 ms.
TpTrace Verbose: 0 : 35412, 1, 2023/08/11, 11:20:42.753, 1749063780669, vstest.console.dll, ParallelProxyExecutionManager: Start execution. Total sources: 1
TpTrace Verbose: 0 : 35412, 1, 2023/08/11, 11:20:42.754, 1749063792913, vstest.console.dll, TestRequestSender is acting as server.
TpTrace Verbose: 0 : 35412, 1, 2023/08/11, 11:20:42.756, 1749063807975, vstest.console.dll, ParallelOperationManager.RunWorkInParallel: Started work on a host.
TpTrace Verbose: 0 : 35412, 1, 2023/08/11, 11:20:42.757, 1749063814134, vstest.console.dll, ProxyParallelExecutionManager: No sources available for execution.
TpTrace Information: 0 : 35412, 1, 2023/08/11, 11:20:42.757, 1749063814647, vstest.console.dll, TestRunRequest.ExecuteAsync: Started.
TpTrace Verbose: 0 : 35412, 1, 2023/08/11, 11:20:42.757, 1749063815080, vstest.console.dll, TestRunRequest.WaitForCompletion: Waiting with timeout -1.
TpTrace Verbose: 0 : 35412, 5, 2023/08/11, 11:20:42.757, 1749063815747, vstest.console.dll, DataCollectionRequestSender.InitializeCommunication : Initialize communication. 
TpTrace Information: 0 : 35412, 5, 2023/08/11, 11:20:42.760, 1749063848265, vstest.console.dll, Listening on Endpoint : 127.0.0.1:51499
TpTrace Verbose: 0 : 35412, 5, 2023/08/11, 11:20:42.765, 1749063899059, vstest.console.dll, DotnetDataCollectionLauncher: Adding  --runtimeconfig "C:\Program Files\dotnet\sdk\7.0.304\datacollector.runtimeconfig.json" in args
TpTrace Verbose: 0 : 35412, 5, 2023/08/11, 11:20:42.765, 1749063900214, vstest.console.dll, DotnetDataCollectionLauncher: Adding  --depsfile "C:\Program Files\dotnet\sdk\7.0.304\datacollector.deps.json" in args
TpTrace Verbose: 0 : 35412, 5, 2023/08/11, 11:20:42.765, 1749063901610, vstest.console.dll, DotnetDataCollectionLauncher: Full path of dotnet.exe is C:\Program Files\dotnet\dotnet.exe
TpTrace Information: 0 : 35412, 5, 2023/08/11, 11:20:42.770, 1749063952487, vstest.console.dll, ProxyDataCollectionManager.Initialize: Launched datacollector processId: 30520 port: 51499
TpTrace Information: 0 : 35412, 5, 2023/08/11, 11:20:42.771, 1749063954299, vstest.console.dll, ProxyDataCollectionManager.Initialize: waiting for connection with timeout: 90 seconds
TpTrace Verbose: 0 : 35412, 5, 2023/08/11, 11:20:42.771, 1749063954664, vstest.console.dll, DataCollectionRequestSender.WaitForRequestHandlerConnection : Waiting for connection with timeout: 90000
TpTrace Information: 0 : 35412, 7, 2023/08/11, 11:20:42.863, 1749064873787, vstest.console.dll, Using the buffer size of 16384 bytes
TpTrace Verbose: 0 : 35412, 5, 2023/08/11, 11:20:42.863, 1749064873954, vstest.console.dll, SocketCommunicationManager.WaitForClientConnection took: 91 ms, with 90000 ms timeout, and finished with True.
TpTrace Information: 0 : 35412, 7, 2023/08/11, 11:20:42.863, 1749064874685, vstest.console.dll, Accepted Client request and set the flag
TpTrace Verbose: 0 : 35412, 5, 2023/08/11, 11:20:42.863, 1749064875654, vstest.console.dll, ProxyDataCollectionManager.InvokeDataCollectionServiceAction: Starting.
TpTrace Information: 0 : 35412, 5, 2023/08/11, 11:20:42.863, 1749064876133, vstest.console.dll, ProxyDataCollectionManager.BeforeTestRunStart: Get environment variable and port for datacollector processId: 30520 port: 51499
TpTrace Verbose: 0 : 35412, 5, 2023/08/11, 11:20:42.863, 1749064876868, vstest.console.dll, DataCollectionRequestSender.SendBeforeTestRunStartAndGetResult: Send BeforeTestRunStart message with settingsXml <RunSettings><RunConfiguration><ResultsDirectory>C:\Projects\TalentConsulting\talentsuite-project-api\TalentConsulting.TalentSuite.Projects.UnitTests\bin\Debug\net7.0\fine-code-coverage\coverage-tool-output</ResultsDirectory><TargetPlatform>X64</TargetPlatform><TargetFrameworkVersion>.NETCoreApp,Version=v7.0</TargetFrameworkVersion><DesignMode>False</DesignMode><CollectSourceInformation>False</CollectSourceInformation><TestAdaptersPaths>C:\Program Files\dotnet\sdk\7.0.304\Extensions</TestAdaptersPaths></RunConfiguration><LoggerRunSettings><Loggers><Logger friendlyName="blame" enabled="True" /><Logger friendlyName="Console" uri="logger://microsoft/TestPlatform/ConsoleLogger/v1" assemblyQualifiedName="Microsoft.VisualStudio.TestPlatform.CommandLine.Internal.ConsoleLogger, vstest.console, Version=15.0.0.0, Culture=neutral, PublicKeyToken=b03f5f7f11d50a3a" codeBase="C:\Program Files\dotnet\sdk\7.0.304\vstest.console.dll" enabled="True" /></Loggers></LoggerRunSettings><DataCollectionRunSettings><DataCollectors><DataCollector friendlyName="blame" enabled="True"><Configuration><ResultsDirectory>C:\Projects\TalentConsulting\talentsuite-project-api\TalentConsulting.TalentSuite.Projects.UnitTests\bin\Debug\net7.0\fine-code-coverage\coverage-tool-output</ResultsDirectory></Configuration></DataCollector></DataCollectors></DataCollectionRunSettings></RunSettings> and sources System.Collections.Generic.List`1[System.String]: 
TpTrace Verbose: 0 : 35412, 5, 2023/08/11, 11:20:42.907, 1749065320864, vstest.console.dll, DataCollectionRequestSender.SendBeforeTestRunStartAndGetResult: Received message: (DataCollection.SendMessage) -> {"MessageType":"DataCollection.SendMessage","Payload":{"FriendlyName":null,"Uri":null,"TestCaseId":"00000000-0000-0000-0000-000000000000","Message":"Logging DataCollector Diagnostics in file: C:\\Projects\\TalentConsulting\\talentsuite-project-api\\TalentConsulting.TalentSuite.Projects.UnitTests\\bin\\Debug\\net7.0\\fine-code-coverage\\coverage-tool-output\\diagnostics.datacollector.23-08-11_11-20-42_76533_5.log","Level":0}}
TpTrace Verbose: 0 : 35412, 5, 2023/08/11, 11:20:42.961, 1749065862390, vstest.console.dll, DataCollectionRequestSender.SendBeforeTestRunStartAndGetResult: Received message: (DataCollection.BeforeTestRunStartResult) -> {"MessageType":"DataCollection.BeforeTestRunStartResult","Payload":{"EnvironmentVariables":{},"DataCollectionEventsPort":51501}}
TpTrace Information: 0 : 35412, 5, 2023/08/11, 11:20:42.965, 1749065895136, vstest.console.dll, ProxyDataCollectionManager.BeforeTestRunStart: SendBeforeTestRunStartAndGetResult successful, env variable from datacollector:   and testhost port: 51501
TpTrace Information: 0 : 35412, 5, 2023/08/11, 11:20:42.965, 1749065895653, vstest.console.dll, ProxyDataCollectionManager.InvokeDataCollectionServiceAction: Completed.
TpTrace Verbose: 0 : 35412, 5, 2023/08/11, 11:20:42.965, 1749065896213, vstest.console.dll, ProxyExecutionManager: Test host is always Lazy initialize.
TpTrace Verbose: 0 : 35412, 5, 2023/08/11, 11:20:42.965, 1749065897980, vstest.console.dll, TestRequestSender.InitializeCommunication: initialize communication. 
TpTrace Information: 0 : 35412, 5, 2023/08/11, 11:20:42.965, 1749065901554, vstest.console.dll, SocketServer.Start: Listening on endpoint : 127.0.0.1:51502
TpTrace Verbose: 0 : 35412, 5, 2023/08/11, 11:20:42.966, 1749065907202, vstest.console.dll, DotnetTestHostmanager.GetTestHostProcessStartInfo: Platform environment 'X64' target architecture 'X64' framework '.NETCoreApp,Version=v7.0' OS 'Windows'
TpTrace Verbose: 0 : 35412, 5, 2023/08/11, 11:20:42.966, 1749065908768, vstest.console.dll, DotnetTestHostmanager: Adding  --runtimeconfig "C:\Projects\TalentConsulting\talentsuite-project-api\TalentConsulting.TalentSuite.Projects.UnitTests\bin\Debug\net7.0\fine-code-coverage\build-output\TalentConsulting.TalentSuite.Projects.UnitTests.runtimeconfig.json" in args
TpTrace Verbose: 0 : 35412, 5, 2023/08/11, 11:20:42.966, 1749065909393, vstest.console.dll, DotnetTestHostmanager: Adding  --depsfile "C:\Projects\TalentConsulting\talentsuite-project-api\TalentConsulting.TalentSuite.Projects.UnitTests\bin\Debug\net7.0\fine-code-coverage\build-output\TalentConsulting.TalentSuite.Projects.UnitTests.deps.json" in args
TpTrace Verbose: 0 : 35412, 5, 2023/08/11, 11:20:42.966, 1749065910758, vstest.console.dll, DotnetTestHostmanager.IsWinOnArm: Current PROCESSOR_ARCHITECTURE from environment variable 'AMD64'
TpTrace Verbose: 0 : 35412, 5, 2023/08/11, 11:20:42.966, 1749065911109, vstest.console.dll, DotnetTestHostmanager.IsWinOnArm: Is Windows on ARM 'False'
TpTrace Verbose: 0 : 35412, 5, 2023/08/11, 11:20:42.966, 1749065911733, vstest.console.dll, DotnetTestHostManager: testhost.exe found at path: C:\Projects\TalentConsulting\talentsuite-project-api\TalentConsulting.TalentSuite.Projects.UnitTests\bin\Debug\net7.0\fine-code-coverage\build-output\testhost.exe
TpTrace Verbose: 0 : 35412, 5, 2023/08/11, 11:20:42.966, 1749065911966, vstest.console.dll, DotnetTestHostmanager: Full path of host exe is C:\Projects\TalentConsulting\talentsuite-project-api\TalentConsulting.TalentSuite.Projects.UnitTests\bin\Debug\net7.0\fine-code-coverage\build-output\testhost.exe
TpTrace Verbose: 0 : 35412, 5, 2023/08/11, 11:20:42.966, 1749065912753, vstest.console.dll, DotnetTestHostmanager.LaunchTestHostAsync: Found 'VSTEST_WINAPPHOST_DOTNET_ROOT' in env variables, value 'C:\Program Files\dotnet', forwarding to 'DOTNET_ROOT'
TpTrace Verbose: 0 : 35412, 5, 2023/08/11, 11:20:42.967, 1749065913703, vstest.console.dll, DotnetTestHostManager: Starting process 'C:\Projects\TalentConsulting\talentsuite-project-api\TalentConsulting.TalentSuite.Projects.UnitTests\bin\Debug\net7.0\fine-code-coverage\build-output\testhost.exe' with command line ' --runtimeconfig "C:\Projects\TalentConsulting\talentsuite-project-api\TalentConsulting.TalentSuite.Projects.UnitTests\bin\Debug\net7.0\fine-code-coverage\build-output\TalentConsulting.TalentSuite.Projects.UnitTests.runtimeconfig.json" --depsfile "C:\Projects\TalentConsulting\talentsuite-project-api\TalentConsulting.TalentSuite.Projects.UnitTests\bin\Debug\net7.0\fine-code-coverage\build-output\TalentConsulting.TalentSuite.Projects.UnitTests.deps.json" --port 51502 --endpoint 127.0.0.1:051502 --role client --parentprocessid 35412 --diag "C:\Projects\TalentConsulting\talentsuite-project-api\TalentConsulting.TalentSuite.Projects.UnitTests\bin\Debug\net7.0\fine-code-coverage\coverage-tool-output\diagnostics.host.23-08-11_11-20-42_96607_5.log" --tracelevel 4 --datacollectionport 51501 --telemetryoptedin false'
TpTrace Verbose: 0 : 35412, 5, 2023/08/11, 11:20:42.970, 1749065947983, vstest.console.dll, MulticastDelegateUtilities.SafeInvoke: HostProviderEvents.OnHostLaunched: Invoking callback 1/2 for Microsoft.VisualStudio.TestPlatform.CrossPlatEngine.Client.ProxyExecutionManagerWithDataCollection., took 0 ms.
TpTrace Verbose: 0 : 35412, 5, 2023/08/11, 11:20:42.970, 1749065949848, vstest.console.dll, Test Runtime launched
TpTrace Verbose: 0 : 35412, 5, 2023/08/11, 11:20:42.970, 1749065950397, vstest.console.dll, MulticastDelegateUtilities.SafeInvoke: HostProviderEvents.OnHostLaunched: Invoking callback 2/2 for Microsoft.VisualStudio.TestPlatform.CrossPlatEngine.Client.ProxyOperationManager., took 0 ms.
TpTrace Verbose: 0 : 35412, 5, 2023/08/11, 11:20:42.970, 1749065951351, vstest.console.dll, TestRequestSender.WaitForRequestHandlerConnection: waiting for connection with timeout: 90000.
TpTrace Verbose: 0 : 35412, 5, 2023/08/11, 11:20:43.069, 1749066937450, vstest.console.dll, TestRequestSender.WaitForRequestHandlerConnection: waiting took 98 ms, with timeout 90000 ms, and result 0, which is success.
TpTrace Verbose: 0 : 35412, 7, 2023/08/11, 11:20:43.069, 1749066937367, vstest.console.dll, MulticastDelegateUtilities.SafeInvoke: SocketServer: ClientConnected: Invoking callback 1/1 for Microsoft.VisualStudio.TestPlatform.CommunicationUtilities.TestRequestSender., took 0 ms.
TpTrace Verbose: 0 : 35412, 7, 2023/08/11, 11:20:43.069, 1749066938991, vstest.console.dll, SocketServer.OnClientConnected: Client connected for endPoint: 127.0.0.1:51502, starting MessageLoopAsync:
TpTrace Verbose: 0 : 35412, 7, 2023/08/11, 11:20:43.069, 1749066941134, vstest.console.dll, TcpClientExtensions.MessageLoopAsync: Polling on remoteEndPoint: 127.0.0.1:51503 localEndPoint: 127.0.0.1:51502
TpTrace Verbose: 0 : 35412, 5, 2023/08/11, 11:20:43.070, 1749066945767, vstest.console.dll, TestRequestSender.CheckVersionWithTestHost: Sending check version message: {"MessageType":"ProtocolVersion","Payload":7}
TpTrace Verbose: 0 : 35412, 7, 2023/08/11, 11:20:43.143, 1749067674986, vstest.console.dll, TcpClientExtensions.MessageLoopAsync: NotifyDataAvailable remoteEndPoint: 127.0.0.1:51503 localEndPoint: 127.0.0.1:51502
TpTrace Verbose: 0 : 35412, 7, 2023/08/11, 11:20:43.143, 1749067676904, vstest.console.dll, TestRequestSender.CheckVersionWithTestHost: onMessageReceived received message: (ProtocolVersion) -> {"MessageType":"ProtocolVersion","Payload":7}
TpTrace Verbose: 0 : 35412, 7, 2023/08/11, 11:20:43.143, 1749067681026, vstest.console.dll, MulticastDelegateUtilities.SafeInvoke: LengthPrefixCommunicationChannel: MessageReceived: Invoking callback 1/1 for Microsoft.VisualStudio.TestPlatform.CommunicationUtilities.TestRequestSender+<>c__DisplayClass29_0., took 0 ms.
TpTrace Verbose: 0 : 35412, 7, 2023/08/11, 11:20:43.143, 1749067681716, vstest.console.dll, TcpClientExtensions.MessageLoopAsync: Polling on remoteEndPoint: 127.0.0.1:51503 localEndPoint: 127.0.0.1:51502
TpTrace Verbose: 0 : 35412, 5, 2023/08/11, 11:20:43.143, 1749067681889, vstest.console.dll, TestPluginCache.GetExtensionPaths: Filtered extension paths: 
TpTrace Verbose: 0 : 35412, 5, 2023/08/11, 11:20:43.143, 1749067682432, vstest.console.dll, TestPluginCache.GetExtensionPaths: Added default extension paths: C:\Program Files\dotnet\sdk\7.0.304\Extensions\Microsoft.Diagnostics.NETCore.Client.dll
C:\Program Files\dotnet\sdk\7.0.304\Extensions\Microsoft.TestPlatform.Extensions.BlameDataCollector.dll
C:\Program Files\dotnet\sdk\7.0.304\Extensions\Microsoft.TestPlatform.Extensions.EventLogCollector.dll
C:\Program Files\dotnet\sdk\7.0.304\Extensions\Microsoft.TestPlatform.TestHostRuntimeProvider.dll
C:\Program Files\dotnet\sdk\7.0.304\Extensions\Microsoft.VisualStudio.TestPlatform.Extensions.Html.TestLogger.dll
C:\Program Files\dotnet\sdk\7.0.304\Extensions\Microsoft.VisualStudio.TestPlatform.Extensions.Trx.TestLogger.dll
TpTrace Verbose: 0 : 35412, 5, 2023/08/11, 11:20:43.143, 1749067682611, vstest.console.dll, TestPluginCache.GetExtensionPaths: Added unfilterableExtensionPaths: 
TpTrace Verbose: 0 : 35412, 5, 2023/08/11, 11:20:43.145, 1749067703358, vstest.console.dll, TestRequestSender.InitializeExecution: Sending initialize execution with message: {"Version":7,"MessageType":"TestExecution.Initialize","Payload":["C:\\Projects\\TalentConsulting\\talentsuite-project-api\\TalentConsulting.TalentSuite.Projects.UnitTests\\bin\\Debug\\net7.0\\fine-code-coverage\\build-output\\xunit.runner.visualstudio.dotnetcore.testadapter.dll"]}
TpTrace Verbose: 0 : 35412, 5, 2023/08/11, 11:20:43.146, 1749067704564, vstest.console.dll, ParallelProxyExecutionManager: Execution started. Started clients: 1
TpTrace Verbose: 0 : 35412, 5, 2023/08/11, 11:20:43.146, 1749067706253, vstest.console.dll, TestRunRequest:SendTestRunMessage: Starting.
TpTrace Verbose: 0 : 35412, 5, 2023/08/11, 11:20:43.146, 1749067707303, vstest.console.dll, MulticastDelegateUtilities.SafeInvoke: TestRun.LogMessages: Invoking callback 1/1 for Microsoft.VisualStudio.TestPlatform.CommandLine.TestRunResultAggregator., took 0 ms.
TpTrace Information: 0 : 35412, 5, 2023/08/11, 11:20:43.146, 1749067707741, vstest.console.dll, TestRunRequest:SendTestRunMessage: Completed.
TpTrace Verbose: 0 : 35412, 4, 2023/08/11, 11:20:43.146, 1749067709854, vstest.console.dll, MulticastDelegateUtilities.SafeInvoke: InternalTestLoggerEvents.SendTestRunMessage: Invoking callback 1/1 for Microsoft.VisualStudio.TestPlatform.CommandLine.Internal.ConsoleLogger., took 0 ms.
TpTrace Warning: 0 : 35412, 5, 2023/08/11, 11:20:43.146, 1749067710919, vstest.console.dll, InferRunSettingsHelper.MakeRunsettingsCompatible: Removing the following settings: TargetPlatform from RunSettings file. To use those settings please move to latest version of Microsoft.NET.Test.Sdk
TpTrace Verbose: 0 : 35412, 7, 2023/08/11, 11:20:43.147, 1749067714736, vstest.console.dll, TcpClientExtensions.MessageLoopAsync: NotifyDataAvailable remoteEndPoint: 127.0.0.1:51503 localEndPoint: 127.0.0.1:51502
TpTrace Verbose: 0 : 35412, 7, 2023/08/11, 11:20:43.147, 1749067719213, vstest.console.dll, TestRequestSender.OnExecutionMessageReceived: Received message: {"Version":7,"MessageType":"TestSession.Message","Payload":{"MessageLevel":0,"Message":"Logging TestHost Diagnostics in file: C:\\Projects\\TalentConsulting\\talentsuite-project-api\\TalentConsulting.TalentSuite.Projects.UnitTests\\bin\\Debug\\net7.0\\fine-code-coverage\\coverage-tool-output\\diagnostics.host.23-08-11_11-20-42_96607_5.log"}}
TpTrace Verbose: 0 : 35412, 7, 2023/08/11, 11:20:43.149, 1749067736253, vstest.console.dll, TestRunRequest:SendTestRunMessage: Starting.
TpTrace Verbose: 0 : 35412, 7, 2023/08/11, 11:20:43.149, 1749067736876, vstest.console.dll, MulticastDelegateUtilities.SafeInvoke: TestRun.LogMessages: Invoking callback 1/1 for Microsoft.VisualStudio.TestPlatform.CommandLine.TestRunResultAggregator., took 0 ms.
TpTrace Information: 0 : 35412, 7, 2023/08/11, 11:20:43.149, 1749067737082, vstest.console.dll, TestRunRequest:SendTestRunMessage: Completed.
TpTrace Verbose: 0 : 35412, 7, 2023/08/11, 11:20:43.149, 1749067737327, vstest.console.dll, MulticastDelegateUtilities.SafeInvoke: LengthPrefixCommunicationChannel: MessageReceived: Invoking callback 1/1 for Microsoft.VisualStudio.TestPlatform.CommunicationUtilities.TestRequestSender+<>c__DisplayClass34_0., took 1 ms.
TpTrace Verbose: 0 : 35412, 4, 2023/08/11, 11:20:43.149, 1749067737370, vstest.console.dll, MulticastDelegateUtilities.SafeInvoke: InternalTestLoggerEvents.SendTestRunMessage: Invoking callback 1/1 for Microsoft.VisualStudio.TestPlatform.CommandLine.Internal.ConsoleLogger., took 0 ms.
TpTrace Verbose: 0 : 35412, 7, 2023/08/11, 11:20:43.149, 1749067737487, vstest.console.dll, TcpClientExtensions.MessageLoopAsync: Polling on remoteEndPoint: 127.0.0.1:51503 localEndPoint: 127.0.0.1:51502
TpTrace Verbose: 0 : 35412, 5, 2023/08/11, 11:20:43.151, 1749067755523, vstest.console.dll, TestRequestSender.StartTestRun: Sending test run with message: {"Version":7,"MessageType":"TestExecution.StartWithSources","Payload":{"AdapterSourceMap":{"_none_":["C:\\Projects\\TalentConsulting\\talentsuite-project-api\\TalentConsulting.TalentSuite.Projects.UnitTests\\bin\\Debug\\net7.0\\fine-code-coverage\\build-output\\TalentConsulting.TalentSuite.Projects.UnitTests.dll"]},"RunSettings":"<RunSettings>\r\n  <RunConfiguration>\r\n    <ResultsDirectory>C:\\Projects\\TalentConsulting\\talentsuite-project-api\\TalentConsulting.TalentSuite.Projects.UnitTests\\bin\\Debug\\net7.0\\fine-code-coverage\\coverage-tool-output</ResultsDirectory>\r\n    <TargetFrameworkVersion>.NETCoreApp,Version=v7.0</TargetFrameworkVersion>\r\n    <DesignMode>False</DesignMode>\r\n    <CollectSourceInformation>False</CollectSourceInformation>\r\n  </RunConfiguration>\r\n  <LoggerRunSettings>\r\n    <Loggers>\r\n      <Logger friendlyName=\"blame\" enabled=\"True\" />\r\n      <Logger friendlyName=\"Console\" uri=\"logger://microsoft/TestPlatform/ConsoleLogger/v1\" assemblyQualifiedName=\"Microsoft.VisualStudio.TestPlatform.CommandLine.Internal.ConsoleLogger, vstest.console, Version=15.0.0.0, Culture=neutral, PublicKeyToken=b03f5f7f11d50a3a\" codeBase=\"C:\\Program Files\\dotnet\\sdk\\7.0.304\\vstest.console.dll\" enabled=\"True\" />\r\n    </Loggers>\r\n  </LoggerRunSettings>\r\n  <DataCollectionRunSettings>\r\n    <DataCollectors>\r\n      <DataCollector friendlyName=\"blame\" enabled=\"True\">\r\n        <Configuration>\r\n          <ResultsDirectory>C:\\Projects\\TalentConsulting\\talentsuite-project-api\\TalentConsulting.TalentSuite.Projects.UnitTests\\bin\\Debug\\net7.0\\fine-code-coverage\\coverage-tool-output</ResultsDirectory>\r\n        </Configuration>\r\n      </DataCollector>\r\n    </DataCollectors>\r\n  </DataCollectionRunSettings>\r\n</RunSettings>","TestExecutionContext":{"FrequencyOfRunStatsChangeEvent":10,"RunStatsChangeEventTimeout":"00:00:01.5000000","InIsolation":false,"KeepAlive":false,"AreTestCaseLevelEventsRequired":false,"IsDebug":false,"TestCaseFilter":null,"FilterOptions":null},"Package":null}}
TpTrace Verbose: 0 : 35412, 7, 2023/08/11, 11:20:43.226, 1749068508535, vstest.console.dll, TcpClientExtensions.MessageLoopAsync: NotifyDataAvailable remoteEndPoint: 127.0.0.1:51503 localEndPoint: 127.0.0.1:51502
TpTrace Verbose: 0 : 35412, 7, 2023/08/11, 11:20:43.226, 1749068509812, vstest.console.dll, TestRequestSender.OnExecutionMessageReceived: Received message: {"Version":7,"MessageType":"TestSession.Message","Payload":{"MessageLevel":0,"Message":"[xUnit.net 00:00:00.00] xUnit.net VSTest Adapter v2.5.0.1+5ebf84cd75 (64-bit .NET 7.0.7)"}}
TpTrace Verbose: 0 : 35412, 7, 2023/08/11, 11:20:43.226, 1749068511523, vstest.console.dll, TestRunRequest:SendTestRunMessage: Starting.
TpTrace Verbose: 0 : 35412, 7, 2023/08/11, 11:20:43.226, 1749068511931, vstest.console.dll, MulticastDelegateUtilities.SafeInvoke: TestRun.LogMessages: Invoking callback 1/1 for Microsoft.VisualStudio.TestPlatform.CommandLine.TestRunResultAggregator., took 0 ms.
TpTrace Information: 0 : 35412, 7, 2023/08/11, 11:20:43.226, 1749068512139, vstest.console.dll, TestRunRequest:SendTestRunMessage: Completed.
TpTrace Verbose: 0 : 35412, 7, 2023/08/11, 11:20:43.226, 1749068512288, vstest.console.dll, MulticastDelegateUtilities.SafeInvoke: LengthPrefixCommunicationChannel: MessageReceived: Invoking callback 1/1 for Microsoft.VisualStudio.TestPlatform.CommunicationUtilities.TestRequestSender+<>c__DisplayClass34_0., took 0 ms.
TpTrace Verbose: 0 : 35412, 7, 2023/08/11, 11:20:43.226, 1749068512448, vstest.console.dll, TcpClientExtensions.MessageLoopAsync: Polling on remoteEndPoint: 127.0.0.1:51503 localEndPoint: 127.0.0.1:51502
TpTrace Verbose: 0 : 35412, 4, 2023/08/11, 11:20:43.226, 1749068512471, vstest.console.dll, MulticastDelegateUtilities.SafeInvoke: InternalTestLoggerEvents.SendTestRunMessage: Invoking callback 1/1 for Microsoft.VisualStudio.TestPlatform.CommandLine.Internal.ConsoleLogger., took 0 ms.
TpTrace Verbose: 0 : 35412, 7, 2023/08/11, 11:20:43.275, 1749068995137, vstest.console.dll, TcpClientExtensions.MessageLoopAsync: NotifyDataAvailable remoteEndPoint: 127.0.0.1:51503 localEndPoint: 127.0.0.1:51502
TpTrace Verbose: 0 : 35412, 7, 2023/08/11, 11:20:43.275, 1749068996524, vstest.console.dll, TestRequestSender.OnExecutionMessageReceived: Received message: {"Version":7,"MessageType":"TestSession.Message","Payload":{"MessageLevel":0,"Message":"[xUnit.net 00:00:00.05]   Discovering: TalentConsulting.TalentSuite.Projects.UnitTests"}}
TpTrace Verbose: 0 : 35412, 7, 2023/08/11, 11:20:43.275, 1749068997450, vstest.console.dll, TestRunRequest:SendTestRunMessage: Starting.
TpTrace Verbose: 0 : 35412, 7, 2023/08/11, 11:20:43.275, 1749068997783, vstest.console.dll, MulticastDelegateUtilities.SafeInvoke: TestRun.LogMessages: Invoking callback 1/1 for Microsoft.VisualStudio.TestPlatform.CommandLine.TestRunResultAggregator., took 0 ms.
TpTrace Information: 0 : 35412, 7, 2023/08/11, 11:20:43.275, 1749068997992, vstest.console.dll, TestRunRequest:SendTestRunMessage: Completed.
TpTrace Verbose: 0 : 35412, 7, 2023/08/11, 11:20:43.275, 1749068998143, vstest.console.dll, MulticastDelegateUtilities.SafeInvoke: LengthPrefixCommunicationChannel: MessageReceived: Invoking callback 1/1 for Microsoft.VisualStudio.TestPlatform.CommunicationUtilities.TestRequestSender+<>c__DisplayClass34_0., took 0 ms.
TpTrace Verbose: 0 : 35412, 7, 2023/08/11, 11:20:43.275, 1749068998299, vstest.console.dll, TcpClientExtensions.MessageLoopAsync: Polling on remoteEndPoint: 127.0.0.1:51503 localEndPoint: 127.0.0.1:51502
TpTrace Verbose: 0 : 35412, 4, 2023/08/11, 11:20:43.275, 1749068998371, vstest.console.dll, MulticastDelegateUtilities.SafeInvoke: InternalTestLoggerEvents.SendTestRunMessage: Invoking callback 1/1 for Microsoft.VisualStudio.TestPlatform.CommandLine.Internal.ConsoleLogger., took 0 ms.
TpTrace Verbose: 0 : 35412, 7, 2023/08/11, 11:20:43.309, 1749069335458, vstest.console.dll, TcpClientExtensions.MessageLoopAsync: NotifyDataAvailable remoteEndPoint: 127.0.0.1:51503 localEndPoint: 127.0.0.1:51502
TpTrace Verbose: 0 : 35412, 7, 2023/08/11, 11:20:43.309, 1749069337275, vstest.console.dll, TestRequestSender.OnExecutionMessageReceived: Received message: {"Version":7,"MessageType":"TestSession.Message","Payload":{"MessageLevel":0,"Message":"[xUnit.net 00:00:00.08]   Discovered:  TalentConsulting.TalentSuite.Projects.UnitTests"}}
TpTrace Verbose: 0 : 35412, 7, 2023/08/11, 11:20:43.309, 1749069338290, vstest.console.dll, TestRunRequest:SendTestRunMessage: Starting.
TpTrace Verbose: 0 : 35412, 7, 2023/08/11, 11:20:43.309, 1749069338722, vstest.console.dll, MulticastDelegateUtilities.SafeInvoke: TestRun.LogMessages: Invoking callback 1/1 for Microsoft.VisualStudio.TestPlatform.CommandLine.TestRunResultAggregator., took 0 ms.
TpTrace Information: 0 : 35412, 7, 2023/08/11, 11:20:43.309, 1749069338914, vstest.console.dll, TestRunRequest:SendTestRunMessage: Completed.
TpTrace Verbose: 0 : 35412, 7, 2023/08/11, 11:20:43.309, 1749069339080, vstest.console.dll, MulticastDelegateUtilities.SafeInvoke: LengthPrefixCommunicationChannel: MessageReceived: Invoking callback 1/1 for Microsoft.VisualStudio.TestPlatform.CommunicationUtilities.TestRequestSender+<>c__DisplayClass34_0., took 0 ms.
TpTrace Verbose: 0 : 35412, 7, 2023/08/11, 11:20:43.309, 1749069339246, vstest.console.dll, TcpClientExtensions.MessageLoopAsync: Polling on remoteEndPoint: 127.0.0.1:51503 localEndPoint: 127.0.0.1:51502
TpTrace Verbose: 0 : 35412, 4, 2023/08/11, 11:20:43.309, 1749069339196, vstest.console.dll, MulticastDelegateUtilities.SafeInvoke: InternalTestLoggerEvents.SendTestRunMessage: Invoking callback 1/1 for Microsoft.VisualStudio.TestPlatform.CommandLine.Internal.ConsoleLogger., took 0 ms.
TpTrace Verbose: 0 : 35412, 7, 2023/08/11, 11:20:43.311, 1749069358048, vstest.console.dll, TcpClientExtensions.MessageLoopAsync: NotifyDataAvailable remoteEndPoint: 127.0.0.1:51503 localEndPoint: 127.0.0.1:51502
TpTrace Verbose: 0 : 35412, 7, 2023/08/11, 11:20:43.311, 1749069358925, vstest.console.dll, TestRequestSender.OnExecutionMessageReceived: Received message: {"Version":7,"MessageType":"TestSession.Message","Payload":{"MessageLevel":0,"Message":"[xUnit.net 00:00:00.08]   Starting:    TalentConsulting.TalentSuite.Projects.UnitTests"}}
TpTrace Verbose: 0 : 35412, 7, 2023/08/11, 11:20:43.311, 1749069359611, vstest.console.dll, TestRunRequest:SendTestRunMessage: Starting.
TpTrace Verbose: 0 : 35412, 7, 2023/08/11, 11:20:43.311, 1749069360183, vstest.console.dll, MulticastDelegateUtilities.SafeInvoke: TestRun.LogMessages: Invoking callback 1/1 for Microsoft.VisualStudio.TestPlatform.CommandLine.TestRunResultAggregator., took 0 ms.
TpTrace Information: 0 : 35412, 7, 2023/08/11, 11:20:43.311, 1749069360372, vstest.console.dll, TestRunRequest:SendTestRunMessage: Completed.
TpTrace Verbose: 0 : 35412, 7, 2023/08/11, 11:20:43.311, 1749069360554, vstest.console.dll, MulticastDelegateUtilities.SafeInvoke: LengthPrefixCommunicationChannel: MessageReceived: Invoking callback 1/1 for Microsoft.VisualStudio.TestPlatform.CommunicationUtilities.TestRequestSender+<>c__DisplayClass34_0., took 0 ms.
TpTrace Verbose: 0 : 35412, 4, 2023/08/11, 11:20:43.311, 1749069360368, vstest.console.dll, MulticastDelegateUtilities.SafeInvoke: InternalTestLoggerEvents.SendTestRunMessage: Invoking callback 1/1 for Microsoft.VisualStudio.TestPlatform.CommandLine.Internal.ConsoleLogger., took 0 ms.
TpTrace Verbose: 0 : 35412, 7, 2023/08/11, 11:20:43.311, 1749069360731, vstest.console.dll, TcpClientExtensions.MessageLoopAsync: Polling on remoteEndPoint: 127.0.0.1:51503 localEndPoint: 127.0.0.1:51502
TpTrace Verbose: 0 : 35412, 7, 2023/08/11, 11:20:43.415, 1749070394938, vstest.console.dll, TcpClientExtensions.MessageLoopAsync: NotifyDataAvailable remoteEndPoint: 127.0.0.1:51503 localEndPoint: 127.0.0.1:51502
TpTrace Verbose: 0 : 35412, 7, 2023/08/11, 11:20:43.415, 1749070397199, vstest.console.dll, TestRequestSender.OnExecutionMessageReceived: Received message: {"Version":7,"MessageType":"TestExecution.StatsChange","Payload":{"NewTestResults":[{"TestCase":{"Id":"c8bcd847-6e61-717a-c336-0e54e3d9ddf8","FullyQualifiedName":"TalentConsulting.TalentSuite.Projects.UnitTests.Projects.WhenValidatingCreateProject.ThenShouldErrorWhenModelHasNoReferance","DisplayName":"TalentConsulting.TalentSuite.Projects.UnitTests.Projects.WhenValidatingCreateProject.ThenShouldErrorWhenModelHasNoReferance","ExecutorUri":"executor://xunit/VsTestRunner2/netcoreapp","Source":"C:\\Projects\\TalentConsulting\\talentsuite-project-api\\TalentConsulting.TalentSuite.Projects.UnitTests\\bin\\Debug\\net7.0\\fine-code-coverage\\build-output\\TalentConsulting.TalentSuite.Projects.UnitTests.dll","CodeFilePath":null,"LineNumber":0,"Properties":[]},"Attachments":[],"Outcome":1,"ErrorMessage":null,"ErrorStackTrace":null,"DisplayName":"TalentConsulting.TalentSuite.Projects.UnitTests.Projects.WhenValidatingCreateProject.ThenShouldErrorWhenModelHasNoReferance","Messages":[],"ComputerName":"BRSM0011","Duration":"00:00:00.0328542","StartTime":"2023-08-11T10:20:43.3790378+00:00","EndTime":"2023-08-11T10:20:43.3790528+00:00","Properties":[]},{"TestCase":{"Id":"90f51332-8a14-c3c3-5495-c92147df1a12","FullyQualifiedName":"TalentConsulting.TalentSuite.Projects.UnitTests.Projects.WhenValidatingGetProject.ThenShouldErrorWhenModelIsNoptValidWhenGettingProjectById","DisplayName":"TalentConsulting.TalentSuite.Projects.UnitTests.Projects.WhenValidatingGetProject.ThenShouldErrorWhenModelIsNoptValidWhenGettingProjectById(id: null)","ExecutorUri":"executor://xunit/VsTestRunner2/netcoreapp","Source":"C:\\Projects\\TalentConsulting\\talentsuite-project-api\\TalentConsulting.TalentSuite.Projects.UnitTests\\bin\\Debug\\net7.0\\fine-code-coverage\\build-output\\TalentConsulting.TalentSuite.Projects.UnitTests.dll","CodeFilePath":null,"LineNumber":0,"Properties":[]},"Attachments":[],"Outcome":1,"ErrorMessage":null,"ErrorStackTrace":null,"DisplayName":"TalentConsulting.TalentSuite.Projects.UnitTests.Projects.WhenValidatingGetProject.ThenShouldErrorWhenModelIsNoptValidWhenGettingProjectById(id: null)","Messages":[],"ComputerName":"BRSM0011","Duration":"00:00:00.0324102","StartTime":"2023-08-11T10:20:43.3899811+00:00","EndTime":"2023-08-11T10:20:43.3899812+00:00","Properties":[]},{"TestCase":{"Id":"b4e087cd-d4ca-bdc2-77d7-7df283629cfd","FullyQualifiedName":"TalentConsulting.TalentSuite.Projects.UnitTests.Projects.WhenValidatingUpdateProject.ThenShouldErrorWhenModelHasNoId","DisplayName":"TalentConsulting.TalentSuite.Projects.UnitTests.Projects.WhenValidatingUpdateProject.ThenShouldErrorWhenModelHasNoId(id: \"\")","ExecutorUri":"executor://xunit/VsTestRunner2/netcoreapp","Source":"C:\\Projects\\TalentConsulting\\talentsuite-project-api\\TalentConsulting.TalentSuite.Projects.UnitTests\\bin\\Debug\\net7.0\\fine-code-coverage\\build-output\\TalentConsulting.TalentSuite.Projects.UnitTests.dll","CodeFilePath":null,"LineNumber":0,"Properties":[]},"Attachments":[],"Outcome":1,"ErrorMessage":null,"ErrorStackTrace":null,"DisplayName":"TalentConsulting.TalentSuite.Projects.UnitTests.Projects.WhenValidatingUpdateProject.ThenShouldErrorWhenModelHasNoId(id: \"\")","Messages":[],"ComputerName":"BRSM0011","Duration":"00:00:00.0328488","StartTime":"2023-08-11T10:20:43.3916099+00:00","EndTime":"2023-08-11T10:20:43.3916099+00:00","Properties":[]},{"TestCase":{"Id":"b0ebdf56-b398-ae86-1691-4f26ee500af4","FullyQualifiedName":"TalentConsulting.TalentSuite.Projects.UnitTests.Projects.WhenValidatingGetProject.ThenShouldErrorWhenModelIsNoptValidWhenGettingProjectById","DisplayName":"TalentConsulting.TalentSuite.Projects.UnitTests.Projects.WhenValidatingGetProject.ThenShouldErrorWhenModelIsNoptValidWhenGettingProjectById(id: \"\")","ExecutorUri":"executor://xunit/VsTestRunner2/netcoreapp","Source":"C:\\Projects\\TalentConsulting\\talentsuite-project-api\\TalentConsulting.TalentSuite.Projects.UnitTests\\bin\\Debug\\net7.0\\fine-code-coverage\\build-output\\TalentConsulting.TalentSuite.Projects.UnitTests.dll","CodeFilePath":null,"LineNumber":0,"Properties":[]},"Attachments":[],"Outcome":1,"ErrorMessage":null,"ErrorStackTrace":null,"DisplayName":"TalentConsulting.TalentSuite.Projects.UnitTests.Projects.WhenValidatingGetProject.ThenShouldErrorWhenModelIsNoptValidWhenGettingProjectById(id: \"\")","Messages":[],"ComputerName":"BRSM0011","Duration":"00:00:00.0002944","StartTime":"2023-08-11T10:20:43.3954529+00:00","EndTime":"2023-08-11T10:20:43.395453+00:00","Properties":[]},{"TestCase":{"Id":"65864a41-4b29-314a-4e51-926ee40f6710","FullyQualifiedName":"TalentConsulting.TalentSuite.Projects.UnitTests.Projects.WhenValidatingUpdateProject.ThenShouldErrorWhenModelHasNoId","DisplayName":"TalentConsulting.TalentSuite.Projects.UnitTests.Projects.WhenValidatingUpdateProject.ThenShouldErrorWhenModelHasNoId(id: null)","ExecutorUri":"executor://xunit/VsTestRunner2/netcoreapp","Source":"C:\\Projects\\TalentConsulting\\talentsuite-project-api\\TalentConsulting.TalentSuite.Projects.UnitTests\\bin\\Debug\\net7.0\\fine-code-coverage\\build-output\\TalentConsulting.TalentSuite.Projects.UnitTests.dll","CodeFilePath":null,"LineNumber":0,"Properties":[]},"Attachments":[],"Outcome":1,"ErrorMessage":null,"ErrorStackTrace":null,"DisplayName":"TalentConsulting.TalentSuite.Projects.UnitTests.Projects.WhenValidatingUpdateProject.ThenShouldErrorWhenModelHasNoId(id: null)","Messages":[],"ComputerName":"BRSM0011","Duration":"00:00:00.0003936","StartTime":"2023-08-11T10:20:43.3969101+00:00","EndTime":"2023-08-11T10:20:43.3969101+00:00","Properties":[]},{"TestCase":{"Id":"8f4bf196-0395-21be-8671-c38103b2641b","FullyQualifiedName":"TalentConsulting.TalentSuite.Projects.UnitTests.Projects.WhenValidatingCreateProject.ThenShouldNotErrorWhenModelIsValid","DisplayName":"TalentConsulting.TalentSuite.Projects.UnitTests.Projects.WhenValidatingCreateProject.ThenShouldNotErrorWhenModelIsValid","ExecutorUri":"executor://xunit/VsTestRunner2/netcoreapp","Source":"C:\\Projects\\TalentConsulting\\talentsuite-project-api\\TalentConsulting.TalentSuite.Projects.UnitTests\\bin\\Debug\\net7.0\\fine-code-coverage\\build-output\\TalentConsulting.TalentSuite.Projects.UnitTests.dll","CodeFilePath":null,"LineNumber":0,"Properties":[]},"Attachments":[],"Outcome":1,"ErrorMessage":null,"ErrorStackTrace":null,"DisplayName":"TalentConsulting.TalentSuite.Projects.UnitTests.Projects.WhenValidatingCreateProject.ThenShouldNotErrorWhenModelIsValid","Messages":[],"ComputerName":"BRSM0011","Duration":"00:00:00.0004470","StartTime":"2023-08-11T10:20:43.3981968+00:00","EndTime":"2023-08-11T10:20:43.3981968+00:00","Properties":[]},{"TestCase":{"Id":"0cd5b2f7-5c66-a51c-5719-2093d14e48eb","FullyQualifiedName":"TalentConsulting.TalentSuite.Projects.UnitTests.Projects.WhenValidatingGetProject.ThenShouldNotErrorWhenModelIsValidWhenGettingProjectById","DisplayName":"TalentConsulting.TalentSuite.Projects.UnitTests.Projects.WhenValidatingGetProject.ThenShouldNotErrorWhenModelIsValidWhenGettingProjectById","ExecutorUri":"executor://xunit/VsTestRunner2/netcoreapp","Source":"C:\\Projects\\TalentConsulting\\talentsuite-project-api\\TalentConsulting.TalentSuite.Projects.UnitTests\\bin\\Debug\\net7.0\\fine-code-coverage\\build-output\\TalentConsulting.TalentSuite.Projects.UnitTests.dll","CodeFilePath":null,"LineNumber":0,"Properties":[]},"Attachments":[],"Outcome":1,"ErrorMessage":null,"ErrorStackTrace":null,"DisplayName":"TalentConsulting.TalentSuite.Projects.UnitTests.Projects.WhenValidatingGetProject.ThenShouldNotErrorWhenModelIsValidWhenGettingProjectById","Messages":[],"ComputerName":"BRSM0011","Duration":"00:00:00.0001908","StartTime":"2023-08-11T10:20:43.398901+00:00","EndTime":"2023-08-11T10:20:43.3989011+00:00","Properties":[]}],"TestRunStatistics":{"ExecutedTests":7,"Stats":{"Passed":7}},"ActiveTests":[{"Id":"ea33ba64-9a7f-58af-f09f-e6e7a4fe07f6","FullyQualifiedName":"TalentConsulting.TalentSuite.Projects.UnitTests.Projects.WhenUsingProjectCommands.ThenHandle_ShouldThrowArgumentNullException_WhenEntityIsNull","DisplayName":"TalentConsulting.TalentSuite.Projects.UnitTests.Projects.WhenUsingProjectCommands.ThenHandle_ShouldThrowArgumentNullException_WhenEntityIsNull","ExecutorUri":"executor://xunit/VsTestRunner2/netcoreapp","Source":"C:\\Projects\\TalentConsulting\\talentsuite-project-api\\TalentConsulting.TalentSuite.Projects.UnitTests\\bin\\Debug\\net7.0\\fine-code-coverage\\build-output\\TalentConsulting.TalentSuite.Projects.UnitTests.dll","CodeFilePath":null,"LineNumber":0,"Properties":[]},{"Id":"1431e4c6-fb05-1ef1-2490-5d795a7674a4","FullyQualifiedName":"TalentConsulting.TalentSuite.Projects.UnitTests.Projects.WhenValidatingUpdateProject.ThenShouldErrorWhenModelHasNoContactNumber","DisplayName":"TalentConsulting.TalentSuite.Projects.UnitTests.Projects.WhenValidatingUpdateProject.ThenShouldErrorWhenModelHasNoContactNumber","ExecutorUri":"executor://xunit/VsTestRunner2/netcoreapp","Source":"C:\\Projects\\TalentConsulting\\talentsuite-project-api\\TalentConsulting.TalentSuite.Projects.UnitTests\\bin\\Debug\\net7.0\\fine-code-coverage\\build-output\\TalentConsulting.TalentSuite.Projects.UnitTests.dll","CodeFilePath":null,"LineNumber":0,"Properties":[]},{"Id":"d159a4d4-44be-1915-1b67-40b4a282828e","FullyQualifiedName":"TalentConsulting.TalentSuite.Projects.UnitTests.Projects.WhenValidatingCreateProject.ThenShouldErrorWhenModelHasNoContactNumber","DisplayName":"TalentConsulting.TalentSuite.Projects.UnitTests.Projects.WhenValidatingCreateProject.ThenShouldErrorWhenModelHasNoContactNumber","ExecutorUri":"executor://xunit/VsTestRunner2/netcoreapp","Source":"C:\\Projects\\TalentConsulting\\talentsuite-project-api\\TalentConsulting.TalentSuite.Projects.UnitTests\\bin\\Debug\\net7.0\\fine-code-coverage\\build-output\\TalentConsulting.TalentSuite.Projects.UnitTests.dll","CodeFilePath":null,"LineNumber":0,"Properties":[]}]}}
TpTrace Verbose: 0 : 35412, 7, 2023/08/11, 11:20:43.428, 1749070526278, vstest.console.dll, TestRunRequest:SendTestRunStatsChange: Starting.
TpTrace Verbose: 0 : 35412, 7, 2023/08/11, 11:20:43.428, 1749070527460, vstest.console.dll, InProgress is TalentConsulting.TalentSuite.Projects.UnitTests.Projects.WhenUsingProjectCommands.ThenHandle_ShouldThrowArgumentNullException_WhenEntityIsNull
TpTrace Verbose: 0 : 35412, 7, 2023/08/11, 11:20:43.428, 1749070527681, vstest.console.dll, InProgress is TalentConsulting.TalentSuite.Projects.UnitTests.Projects.WhenValidatingUpdateProject.ThenShouldErrorWhenModelHasNoContactNumber
TpTrace Verbose: 0 : 35412, 7, 2023/08/11, 11:20:43.428, 1749070527884, vstest.console.dll, InProgress is TalentConsulting.TalentSuite.Projects.UnitTests.Projects.WhenValidatingCreateProject.ThenShouldErrorWhenModelHasNoContactNumber
TpTrace Verbose: 0 : 35412, 7, 2023/08/11, 11:20:43.428, 1749070529440, vstest.console.dll, MulticastDelegateUtilities.SafeInvoke: TestRun.RunStatsChanged: Invoking callbacks was skipped because there are no subscribers.
TpTrace Information: 0 : 35412, 7, 2023/08/11, 11:20:43.428, 1749070529686, vstest.console.dll, TestRunRequest:SendTestRunStatsChange: Completed.
TpTrace Verbose: 0 : 35412, 7, 2023/08/11, 11:20:43.428, 1749070529862, vstest.console.dll, MulticastDelegateUtilities.SafeInvoke: LengthPrefixCommunicationChannel: MessageReceived: Invoking callback 1/1 for Microsoft.VisualStudio.TestPlatform.CommunicationUtilities.TestRequestSender+<>c__DisplayClass34_0., took 13 ms.
TpTrace Verbose: 0 : 35412, 7, 2023/08/11, 11:20:43.428, 1749070530077, vstest.console.dll, TcpClientExtensions.MessageLoopAsync: Polling on remoteEndPoint: 127.0.0.1:51503 localEndPoint: 127.0.0.1:51502
TpTrace Verbose: 0 : 35412, 4, 2023/08/11, 11:20:43.430, 1749070549267, vstest.console.dll, MulticastDelegateUtilities.SafeInvoke: InternalTestLoggerEvents.SendTestResult: Invoking callback 1/1 for Microsoft.VisualStudio.TestPlatform.CommandLine.Internal.ConsoleLogger., took 1 ms.
TpTrace Verbose: 0 : 35412, 4, 2023/08/11, 11:20:43.431, 1749070555935, vstest.console.dll, MulticastDelegateUtilities.SafeInvoke: InternalTestLoggerEvents.SendTestResult: Invoking callback 1/1 for Microsoft.VisualStudio.TestPlatform.CommandLine.Internal.ConsoleLogger., took 0 ms.
TpTrace Verbose: 0 : 35412, 4, 2023/08/11, 11:20:43.431, 1749070556447, vstest.console.dll, MulticastDelegateUtilities.SafeInvoke: InternalTestLoggerEvents.SendTestResult: Invoking callback 1/1 for Microsoft.VisualStudio.TestPlatform.CommandLine.Internal.ConsoleLogger., took 0 ms.
TpTrace Verbose: 0 : 35412, 4, 2023/08/11, 11:20:43.431, 1749070557353, vstest.console.dll, MulticastDelegateUtilities.SafeInvoke: InternalTestLoggerEvents.SendTestResult: Invoking callback 1/1 for Microsoft.VisualStudio.TestPlatform.CommandLine.Internal.ConsoleLogger., took 0 ms.
TpTrace Verbose: 0 : 35412, 4, 2023/08/11, 11:20:43.431, 1749070557832, vstest.console.dll, MulticastDelegateUtilities.SafeInvoke: InternalTestLoggerEvents.SendTestResult: Invoking callback 1/1 for Microsoft.VisualStudio.TestPlatform.CommandLine.Internal.ConsoleLogger., took 0 ms.
TpTrace Verbose: 0 : 35412, 4, 2023/08/11, 11:20:43.431, 1749070558055, vstest.console.dll, MulticastDelegateUtilities.SafeInvoke: InternalTestLoggerEvents.SendTestResult: Invoking callback 1/1 for Microsoft.VisualStudio.TestPlatform.CommandLine.Internal.ConsoleLogger., took 0 ms.
TpTrace Verbose: 0 : 35412, 4, 2023/08/11, 11:20:43.431, 1749070558244, vstest.console.dll, MulticastDelegateUtilities.SafeInvoke: InternalTestLoggerEvents.SendTestResult: Invoking callback 1/1 for Microsoft.VisualStudio.TestPlatform.CommandLine.Internal.ConsoleLogger., took 0 ms.
TpTrace Verbose: 0 : 35412, 7, 2023/08/11, 11:20:43.501, 1749071260744, vstest.console.dll, TcpClientExtensions.MessageLoopAsync: NotifyDataAvailable remoteEndPoint: 127.0.0.1:51503 localEndPoint: 127.0.0.1:51502
TpTrace Verbose: 0 : 35412, 7, 2023/08/11, 11:20:43.502, 1749071264523, vstest.console.dll, TestRequestSender.OnExecutionMessageReceived: Received message: {"Version":7,"MessageType":"TestExecution.StatsChange","Payload":{"NewTestResults":[{"TestCase":{"Id":"1431e4c6-fb05-1ef1-2490-5d795a7674a4","FullyQualifiedName":"TalentConsulting.TalentSuite.Projects.UnitTests.Projects.WhenValidatingUpdateProject.ThenShouldErrorWhenModelHasNoContactNumber","DisplayName":"TalentConsulting.TalentSuite.Projects.UnitTests.Projects.WhenValidatingUpdateProject.ThenShouldErrorWhenModelHasNoContactNumber","ExecutorUri":"executor://xunit/VsTestRunner2/netcoreapp","Source":"C:\\Projects\\TalentConsulting\\talentsuite-project-api\\TalentConsulting.TalentSuite.Projects.UnitTests\\bin\\Debug\\net7.0\\fine-code-coverage\\build-output\\TalentConsulting.TalentSuite.Projects.UnitTests.dll","CodeFilePath":null,"LineNumber":0,"Properties":[]},"Attachments":[],"Outcome":1,"ErrorMessage":null,"ErrorStackTrace":null,"DisplayName":"TalentConsulting.TalentSuite.Projects.UnitTests.Projects.WhenValidatingUpdateProject.ThenShouldErrorWhenModelHasNoContactNumber","Messages":[],"ComputerName":"BRSM0011","Duration":"00:00:00.0003265","StartTime":"2023-08-11T10:20:43.4159423+00:00","EndTime":"2023-08-11T10:20:43.4159424+00:00","Properties":[]},{"TestCase":{"Id":"d159a4d4-44be-1915-1b67-40b4a282828e","FullyQualifiedName":"TalentConsulting.TalentSuite.Projects.UnitTests.Projects.WhenValidatingCreateProject.ThenShouldErrorWhenModelHasNoContactNumber","DisplayName":"TalentConsulting.TalentSuite.Projects.UnitTests.Projects.WhenValidatingCreateProject.ThenShouldErrorWhenModelHasNoContactNumber","ExecutorUri":"executor://xunit/VsTestRunner2/netcoreapp","Source":"C:\\Projects\\TalentConsulting\\talentsuite-project-api\\TalentConsulting.TalentSuite.Projects.UnitTests\\bin\\Debug\\net7.0\\fine-code-coverage\\build-output\\TalentConsulting.TalentSuite.Projects.UnitTests.dll","CodeFilePath":null,"LineNumber":0,"Properties":[]},"Attachments":[],"Outcome":1,"ErrorMessage":null,"ErrorStackTrace":null,"DisplayName":"TalentConsulting.TalentSuite.Projects.UnitTests.Projects.WhenValidatingCreateProject.ThenShouldErrorWhenModelHasNoContactNumber","Messages":[],"ComputerName":"BRSM0011","Duration":"00:00:00.0003474","StartTime":"2023-08-11T10:20:43.417662+00:00","EndTime":"2023-08-11T10:20:43.4176621+00:00","Properties":[]},{"TestCase":{"Id":"68271e20-baec-fb65-7918-5324d065e365","FullyQualifiedName":"TalentConsulting.TalentSuite.Projects.UnitTests.Projects.WhenValidatingUpdateProject.ThenShouldErrorWhenModelHasNoReferance","DisplayName":"TalentConsulting.TalentSuite.Projects.UnitTests.Projects.WhenValidatingUpdateProject.ThenShouldErrorWhenModelHasNoReferance","ExecutorUri":"executor://xunit/VsTestRunner2/netcoreapp","Source":"C:\\Projects\\TalentConsulting\\talentsuite-project-api\\TalentConsulting.TalentSuite.Projects.UnitTests\\bin\\Debug\\net7.0\\fine-code-coverage\\build-output\\TalentConsulting.TalentSuite.Projects.UnitTests.dll","CodeFilePath":null,"LineNumber":0,"Properties":[]},"Attachments":[],"Outcome":1,"ErrorMessage":null,"ErrorStackTrace":null,"DisplayName":"TalentConsulting.TalentSuite.Projects.UnitTests.Projects.WhenValidatingUpdateProject.ThenShouldErrorWhenModelHasNoReferance","Messages":[],"ComputerName":"BRSM0011","Duration":"00:00:00.0003303","StartTime":"2023-08-11T10:20:43.4190234+00:00","EndTime":"2023-08-11T10:20:43.4190234+00:00","Properties":[]},{"TestCase":{"Id":"f4d6ab92-a84d-a394-0711-56f9910d34a7","FullyQualifiedName":"TalentConsulting.TalentSuite.Projects.UnitTests.Projects.WhenValidatingCreateProject.ThenShouldErrorWhenModelHasNoId","DisplayName":"TalentConsulting.TalentSuite.Projects.UnitTests.Projects.WhenValidatingCreateProject.ThenShouldErrorWhenModelHasNoId(id: null)","ExecutorUri":"executor://xunit/VsTestRunner2/netcoreapp","Source":"C:\\Projects\\TalentConsulting\\talentsuite-project-api\\TalentConsulting.TalentSuite.Projects.UnitTests\\bin\\Debug\\net7.0\\fine-code-coverage\\build-output\\TalentConsulting.TalentSuite.Projects.UnitTests.dll","CodeFilePath":null,"LineNumber":0,"Properties":[]},"Attachments":[],"Outcome":1,"ErrorMessage":null,"ErrorStackTrace":null,"DisplayName":"TalentConsulting.TalentSuite.Projects.UnitTests.Projects.WhenValidatingCreateProject.ThenShouldErrorWhenModelHasNoId(id: null)","Messages":[],"ComputerName":"BRSM0011","Duration":"00:00:00.0003243","StartTime":"2023-08-11T10:20:43.4202862+00:00","EndTime":"2023-08-11T10:20:43.4202863+00:00","Properties":[]},{"TestCase":{"Id":"a44f5b1c-d369-1b3a-a5e8-70620dcb4d71","FullyQualifiedName":"TalentConsulting.TalentSuite.Projects.UnitTests.Projects.WhenValidatingUpdateProject.ThenShouldNotErrorWhenModelIsValid","DisplayName":"TalentConsulting.TalentSuite.Projects.UnitTests.Projects.WhenValidatingUpdateProject.ThenShouldNotErrorWhenModelIsValid","ExecutorUri":"executor://xunit/VsTestRunner2/netcoreapp","Source":"C:\\Projects\\TalentConsulting\\talentsuite-project-api\\TalentConsulting.TalentSuite.Projects.UnitTests\\bin\\Debug\\net7.0\\fine-code-coverage\\build-output\\TalentConsulting.TalentSuite.Projects.UnitTests.dll","CodeFilePath":null,"LineNumber":0,"Properties":[]},"Attachments":[],"Outcome":1,"ErrorMessage":null,"ErrorStackTrace":null,"DisplayName":"TalentConsulting.TalentSuite.Projects.UnitTests.Projects.WhenValidatingUpdateProject.ThenShouldNotErrorWhenModelIsValid","Messages":[],"ComputerName":"BRSM0011","Duration":"00:00:00.0002201","StartTime":"2023-08-11T10:20:43.4220135+00:00","EndTime":"2023-08-11T10:20:43.4220136+00:00","Properties":[]},{"TestCase":{"Id":"31ee7934-0e6e-fb77-05cd-4bc19e3a48a4","FullyQualifiedName":"TalentConsulting.TalentSuite.Projects.UnitTests.Projects.WhenValidatingCreateProject.ThenShouldErrorWhenModelHasNoId","DisplayName":"TalentConsulting.TalentSuite.Projects.UnitTests.Projects.WhenValidatingCreateProject.ThenShouldErrorWhenModelHasNoId(id: \"\")","ExecutorUri":"executor://xunit/VsTestRunner2/netcoreapp","Source":"C:\\Projects\\TalentConsulting\\talentsuite-project-api\\TalentConsulting.TalentSuite.Projects.UnitTests\\bin\\Debug\\net7.0\\fine-code-coverage\\build-output\\TalentConsulting.TalentSuite.Projects.UnitTests.dll","CodeFilePath":null,"LineNumber":0,"Properties":[]},"Attachments":[],"Outcome":1,"ErrorMessage":null,"ErrorStackTrace":null,"DisplayName":"TalentConsulting.TalentSuite.Projects.UnitTests.Projects.WhenValidatingCreateProject.ThenShouldErrorWhenModelHasNoId(id: \"\")","Messages":[],"ComputerName":"BRSM0011","Duration":"00:00:00.0001661","StartTime":"2023-08-11T10:20:43.4235577+00:00","EndTime":"2023-08-11T10:20:43.4235578+00:00","Properties":[]},{"TestCase":{"Id":"0dc58d37-abc2-c41a-b6e1-b1bebe9194bf","FullyQualifiedName":"TalentConsulting.TalentSuite.Projects.UnitTests.Projects.WhenValidatingUpdateProject.ThenShouldErrorWhenHasNoId","DisplayName":"TalentConsulting.TalentSuite.Projects.UnitTests.Projects.WhenValidatingUpdateProject.ThenShouldErrorWhenHasNoId","ExecutorUri":"executor://xunit/VsTestRunner2/netcoreapp","Source":"C:\\Projects\\TalentConsulting\\talentsuite-project-api\\TalentConsulting.TalentSuite.Projects.UnitTests\\bin\\Debug\\net7.0\\fine-code-coverage\\build-output\\TalentConsulting.TalentSuite.Projects.UnitTests.dll","CodeFilePath":null,"LineNumber":0,"Properties":[]},"Attachments":[],"Outcome":1,"ErrorMessage":null,"ErrorStackTrace":null,"DisplayName":"TalentConsulting.TalentSuite.Projects.UnitTests.Projects.WhenValidatingUpdateProject.ThenShouldErrorWhenHasNoId","Messages":[],"ComputerName":"BRSM0011","Duration":"00:00:00.0002914","StartTime":"2023-08-11T10:20:43.4248807+00:00","EndTime":"2023-08-11T10:20:43.4248808+00:00","Properties":[]},{"TestCase":{"Id":"4b6eabac-f9f9-03f3-98bf-342c8cad7167","FullyQualifiedName":"TalentConsulting.TalentSuite.Projects.UnitTests.Projects.WhenValidatingCreateProject.ThenShouldErrorWhenModelHasNoName","DisplayName":"TalentConsulting.TalentSuite.Projects.UnitTests.Projects.WhenValidatingCreateProject.ThenShouldErrorWhenModelHasNoName","ExecutorUri":"executor://xunit/VsTestRunner2/netcoreapp","Source":"C:\\Projects\\TalentConsulting\\talentsuite-project-api\\TalentConsulting.TalentSuite.Projects.UnitTests\\bin\\Debug\\net7.0\\fine-code-coverage\\build-output\\TalentConsulting.TalentSuite.Projects.UnitTests.dll","CodeFilePath":null,"LineNumber":0,"Properties":[]},"Attachments":[],"Outcome":1,"ErrorMessage":null,"ErrorStackTrace":null,"DisplayName":"TalentConsulting.TalentSuite.Projects.UnitTests.Projects.WhenValidatingCreateProject.ThenShouldErrorWhenModelHasNoName","Messages":[],"ComputerName":"BRSM0011","Duration":"00:00:00.0003109","StartTime":"2023-08-11T10:20:43.4262505+00:00","EndTime":"2023-08-11T10:20:43.4262505+00:00","Properties":[]},{"TestCase":{"Id":"9969eb27-e17c-728e-0b64-985c9d44a914","FullyQualifiedName":"TalentConsulting.TalentSuite.Projects.UnitTests.Projects.WhenValidatingUpdateProject.ThenShouldErrorWhenModelHasNoName","DisplayName":"TalentConsulting.TalentSuite.Projects.UnitTests.Projects.WhenValidatingUpdateProject.ThenShouldErrorWhenModelHasNoName","ExecutorUri":"executor://xunit/VsTestRunner2/netcoreapp","Source":"C:\\Projects\\TalentConsulting\\talentsuite-project-api\\TalentConsulting.TalentSuite.Projects.UnitTests\\bin\\Debug\\net7.0\\fine-code-coverage\\build-output\\TalentConsulting.TalentSuite.Projects.UnitTests.dll","CodeFilePath":null,"LineNumber":0,"Properties":[]},"Attachments":[],"Outcome":1,"ErrorMessage":null,"ErrorStackTrace":null,"DisplayName":"TalentConsulting.TalentSuite.Projects.UnitTests.Projects.WhenValidatingUpdateProject.ThenShouldErrorWhenModelHasNoName","Messages":[],"ComputerName":"BRSM0011","Duration":"00:00:00.0004664","StartTime":"2023-08-11T10:20:43.4270115+00:00","EndTime":"2023-08-11T10:20:43.4270116+00:00","Properties":[]},{"TestCase":{"Id":"ea33ba64-9a7f-58af-f09f-e6e7a4fe07f6","FullyQualifiedName":"TalentConsulting.TalentSuite.Projects.UnitTests.Projects.WhenUsingProjectCommands.ThenHandle_ShouldThrowArgumentNullException_WhenEntityIsNull","DisplayName":"TalentConsulting.TalentSuite.Projects.UnitTests.Projects.WhenUsingProjectCommands.ThenHandle_ShouldThrowArgumentNullException_WhenEntityIsNull","ExecutorUri":"executor://xunit/VsTestRunner2/netcoreapp","Source":"C:\\Projects\\TalentConsulting\\talentsuite-project-api\\TalentConsulting.TalentSuite.Projects.UnitTests\\bin\\Debug\\net7.0\\fine-code-coverage\\build-output\\TalentConsulting.TalentSuite.Projects.UnitTests.dll","CodeFilePath":null,"LineNumber":0,"Properties":[]},"Attachments":[],"Outcome":1,"ErrorMessage":null,"ErrorStackTrace":null,"DisplayName":"TalentConsulting.TalentSuite.Projects.UnitTests.Projects.WhenUsingProjectCommands.ThenHandle_ShouldThrowArgumentNullException_WhenEntityIsNull","Messages":[],"ComputerName":"BRSM0011","Duration":"00:00:00.1576953","StartTime":"2023-08-11T10:20:43.4994435+00:00","EndTime":"2023-08-11T10:20:43.4994438+00:00","Properties":[]}],"TestRunStatistics":{"ExecutedTests":17,"Stats":{"Passed":17}},"ActiveTests":[]}}
TpTrace Verbose: 0 : 35412, 7, 2023/08/11, 11:20:43.502, 1749071272044, vstest.console.dll, TestRunRequest:SendTestRunStatsChange: Starting.
TpTrace Verbose: 0 : 35412, 7, 2023/08/11, 11:20:43.502, 1749071273073, vstest.console.dll, MulticastDelegateUtilities.SafeInvoke: TestRun.RunStatsChanged: Invoking callbacks was skipped because there are no subscribers.
TpTrace Information: 0 : 35412, 7, 2023/08/11, 11:20:43.502, 1749071273397, vstest.console.dll, TestRunRequest:SendTestRunStatsChange: Completed.
TpTrace Verbose: 0 : 35412, 7, 2023/08/11, 11:20:43.502, 1749071273576, vstest.console.dll, MulticastDelegateUtilities.SafeInvoke: LengthPrefixCommunicationChannel: MessageReceived: Invoking callback 1/1 for Microsoft.VisualStudio.TestPlatform.CommunicationUtilities.TestRequestSender+<>c__DisplayClass34_0., took 0 ms.
TpTrace Verbose: 0 : 35412, 7, 2023/08/11, 11:20:43.503, 1749071273756, vstest.console.dll, TcpClientExtensions.MessageLoopAsync: Polling on remoteEndPoint: 127.0.0.1:51503 localEndPoint: 127.0.0.1:51502
TpTrace Verbose: 0 : 35412, 4, 2023/08/11, 11:20:43.503, 1749071274332, vstest.console.dll, MulticastDelegateUtilities.SafeInvoke: InternalTestLoggerEvents.SendTestResult: Invoking callback 1/1 for Microsoft.VisualStudio.TestPlatform.CommandLine.Internal.ConsoleLogger., took 0 ms.
TpTrace Verbose: 0 : 35412, 4, 2023/08/11, 11:20:43.503, 1749071274937, vstest.console.dll, MulticastDelegateUtilities.SafeInvoke: InternalTestLoggerEvents.SendTestResult: Invoking callback 1/1 for Microsoft.VisualStudio.TestPlatform.CommandLine.Internal.ConsoleLogger., took 0 ms.
TpTrace Verbose: 0 : 35412, 4, 2023/08/11, 11:20:43.503, 1749071275152, vstest.console.dll, MulticastDelegateUtilities.SafeInvoke: InternalTestLoggerEvents.SendTestResult: Invoking callback 1/1 for Microsoft.VisualStudio.TestPlatform.CommandLine.Internal.ConsoleLogger., took 0 ms.
TpTrace Verbose: 0 : 35412, 4, 2023/08/11, 11:20:43.503, 1749071275365, vstest.console.dll, MulticastDelegateUtilities.SafeInvoke: InternalTestLoggerEvents.SendTestResult: Invoking callback 1/1 for Microsoft.VisualStudio.TestPlatform.CommandLine.Internal.ConsoleLogger., took 0 ms.
TpTrace Verbose: 0 : 35412, 4, 2023/08/11, 11:20:43.503, 1749071275552, vstest.console.dll, MulticastDelegateUtilities.SafeInvoke: InternalTestLoggerEvents.SendTestResult: Invoking callback 1/1 for Microsoft.VisualStudio.TestPlatform.CommandLine.Internal.ConsoleLogger., took 0 ms.
TpTrace Verbose: 0 : 35412, 4, 2023/08/11, 11:20:43.503, 1749071275732, vstest.console.dll, MulticastDelegateUtilities.SafeInvoke: InternalTestLoggerEvents.SendTestResult: Invoking callback 1/1 for Microsoft.VisualStudio.TestPlatform.CommandLine.Internal.ConsoleLogger., took 0 ms.
TpTrace Verbose: 0 : 35412, 4, 2023/08/11, 11:20:43.503, 1749071275955, vstest.console.dll, MulticastDelegateUtilities.SafeInvoke: InternalTestLoggerEvents.SendTestResult: Invoking callback 1/1 for Microsoft.VisualStudio.TestPlatform.CommandLine.Internal.ConsoleLogger., took 0 ms.
TpTrace Verbose: 0 : 35412, 4, 2023/08/11, 11:20:43.503, 1749071276141, vstest.console.dll, MulticastDelegateUtilities.SafeInvoke: InternalTestLoggerEvents.SendTestResult: Invoking callback 1/1 for Microsoft.VisualStudio.TestPlatform.CommandLine.Internal.ConsoleLogger., took 0 ms.
TpTrace Verbose: 0 : 35412, 4, 2023/08/11, 11:20:43.503, 1749071276321, vstest.console.dll, MulticastDelegateUtilities.SafeInvoke: InternalTestLoggerEvents.SendTestResult: Invoking callback 1/1 for Microsoft.VisualStudio.TestPlatform.CommandLine.Internal.ConsoleLogger., took 0 ms.
TpTrace Verbose: 0 : 35412, 4, 2023/08/11, 11:20:43.503, 1749071276579, vstest.console.dll, MulticastDelegateUtilities.SafeInvoke: InternalTestLoggerEvents.SendTestResult: Invoking callback 1/1 for Microsoft.VisualStudio.TestPlatform.CommandLine.Internal.ConsoleLogger., took 0 ms.
TpTrace Verbose: 0 : 35412, 7, 2023/08/11, 11:20:44.503, 1749081281362, vstest.console.dll, TcpClientExtensions.MessageLoopAsync: Polling on remoteEndPoint: 127.0.0.1:51503 localEndPoint: 127.0.0.1:51502
TpTrace Verbose: 0 : 35412, 7, 2023/08/11, 11:20:44.619, 1749082443006, vstest.console.dll, TcpClientExtensions.MessageLoopAsync: NotifyDataAvailable remoteEndPoint: 127.0.0.1:51503 localEndPoint: 127.0.0.1:51502
TpTrace Verbose: 0 : 35412, 7, 2023/08/11, 11:20:44.620, 1749082445365, vstest.console.dll, TestRequestSender.OnExecutionMessageReceived: Received message: {"Version":7,"MessageType":"TestSession.Message","Payload":{"MessageLevel":0,"Message":"[xUnit.net 00:00:01.39]   Finished:    TalentConsulting.TalentSuite.Projects.UnitTests"}}
TpTrace Verbose: 0 : 35412, 7, 2023/08/11, 11:20:44.620, 1749082447053, vstest.console.dll, TestRunRequest:SendTestRunMessage: Starting.
TpTrace Verbose: 0 : 35412, 7, 2023/08/11, 11:20:44.620, 1749082447993, vstest.console.dll, MulticastDelegateUtilities.SafeInvoke: TestRun.LogMessages: Invoking callback 1/1 for Microsoft.VisualStudio.TestPlatform.CommandLine.TestRunResultAggregator., took 0 ms.
TpTrace Information: 0 : 35412, 7, 2023/08/11, 11:20:44.620, 1749082448396, vstest.console.dll, TestRunRequest:SendTestRunMessage: Completed.
TpTrace Verbose: 0 : 35412, 4, 2023/08/11, 11:20:44.620, 1749082448360, vstest.console.dll, MulticastDelegateUtilities.SafeInvoke: InternalTestLoggerEvents.SendTestRunMessage: Invoking callback 1/1 for Microsoft.VisualStudio.TestPlatform.CommandLine.Internal.ConsoleLogger., took 0 ms.
TpTrace Verbose: 0 : 35412, 7, 2023/08/11, 11:20:44.620, 1749082448762, vstest.console.dll, MulticastDelegateUtilities.SafeInvoke: LengthPrefixCommunicationChannel: MessageReceived: Invoking callback 1/1 for Microsoft.VisualStudio.TestPlatform.CommunicationUtilities.TestRequestSender+<>c__DisplayClass34_0., took 0 ms.
TpTrace Verbose: 0 : 35412, 7, 2023/08/11, 11:20:44.620, 1749082451362, vstest.console.dll, TcpClientExtensions.MessageLoopAsync: Polling on remoteEndPoint: 127.0.0.1:51503 localEndPoint: 127.0.0.1:51502
TpTrace Verbose: 0 : 35412, 7, 2023/08/11, 11:20:44.632, 1749082564020, vstest.console.dll, TcpClientExtensions.MessageLoopAsync: NotifyDataAvailable remoteEndPoint: 127.0.0.1:51503 localEndPoint: 127.0.0.1:51502
TpTrace Verbose: 0 : 35412, 7, 2023/08/11, 11:20:44.632, 1749082567342, vstest.console.dll, TestRequestSender.OnExecutionMessageReceived: Received message: {"Version":7,"MessageType":"TestExecution.Completed","Payload":{"TestRunCompleteArgs":{"TestRunStatistics":{"ExecutedTests":26,"Stats":{"Passed":26}},"IsCanceled":false,"IsAborted":false,"Error":null,"AttachmentSets":[],"InvokedDataCollectors":[],"ElapsedTimeInRunningTests":"00:00:01.4014909","Metrics":{},"DiscoveredExtensions":{"TestDiscoverers":["Xunit.Runner.VisualStudio.VsTestRunner, xunit.runner.visualstudio.dotnetcore.testadapter, Version=2.5.0.0, Culture=neutral, PublicKeyToken=8d05b1bb7a6fdb6c"],"TestExecutors":["executor://xunit/VsTestRunner2/netcoreapp"],"TestExecutors2":[],"TestSettingsProviders":[]}},"LastRunTests":{"NewTestResults":[{"TestCase":{"Id":"db472744-61ad-8370-99e4-a461f50d889f","FullyQualifiedName":"TalentConsulting.TalentSuite.Projects.UnitTests.Projects.WhenUsingProjectCommands.ThenUpdateProject","DisplayName":"TalentConsulting.TalentSuite.Projects.UnitTests.Projects.WhenUsingProjectCommands.ThenUpdateProject","ExecutorUri":"executor://xunit/VsTestRunner2/netcoreapp","Source":"C:\\Projects\\TalentConsulting\\talentsuite-project-api\\TalentConsulting.TalentSuite.Projects.UnitTests\\bin\\Debug\\net7.0\\fine-code-coverage\\build-output\\TalentConsulting.TalentSuite.Projects.UnitTests.dll","CodeFilePath":null,"LineNumber":0,"Properties":[]},"Attachments":[],"Outcome":1,"ErrorMessage":null,"ErrorStackTrace":null,"DisplayName":"TalentConsulting.TalentSuite.Projects.UnitTests.Projects.WhenUsingProjectCommands.ThenUpdateProject","Messages":[],"ComputerName":"BRSM0011","Duration":"00:00:00.4809715","StartTime":"2023-08-11T10:20:43.9805671+00:00","EndTime":"2023-08-11T10:20:43.9805673+00:00","Properties":[]},{"TestCase":{"Id":"9825e246-5ced-5086-4548-f1ebecddaab9","FullyQualifiedName":"TalentConsulting.TalentSuite.Projects.UnitTests.Projects.WhenUsingProjectCommands.ThenCreateProject","DisplayName":"TalentConsulting.TalentSuite.Projects.UnitTests.Projects.WhenUsingProjectCommands.ThenCreateProject(newProjectId: True)","ExecutorUri":"executor://xunit/VsTestRunner2/netcoreapp","Source":"C:\\Projects\\TalentConsulting\\talentsuite-project-api\\TalentConsulting.TalentSuite.Projects.UnitTests\\bin\\Debug\\net7.0\\fine-code-coverage\\build-output\\TalentConsulting.TalentSuite.Projects.UnitTests.dll","CodeFilePath":null,"LineNumber":0,"Properties":[]},"Attachments":[],"Outcome":1,"ErrorMessage":null,"ErrorStackTrace":null,"DisplayName":"TalentConsulting.TalentSuite.Projects.UnitTests.Projects.WhenUsingProjectCommands.ThenCreateProject(newProjectId: True)","Messages":[],"ComputerName":"BRSM0011","Duration":"00:00:00.1178417","StartTime":"2023-08-11T10:20:44.0985079+00:00","EndTime":"2023-08-11T10:20:44.0985081+00:00","Properties":[]},{"TestCase":{"Id":"220a45a3-39ae-1d71-fec7-c914064bff81","FullyQualifiedName":"TalentConsulting.TalentSuite.Projects.UnitTests.Projects.WhenUsingProjectCommands.ThenCreateProject","DisplayName":"TalentConsulting.TalentSuite.Projects.UnitTests.Projects.WhenUsingProjectCommands.ThenCreateProject(newProjectId: False)","ExecutorUri":"executor://xunit/VsTestRunner2/netcoreapp","Source":"C:\\Projects\\TalentConsulting\\talentsuite-project-api\\TalentConsulting.TalentSuite.Projects.UnitTests\\bin\\Debug\\net7.0\\fine-code-coverage\\build-output\\TalentConsulting.TalentSuite.Projects.UnitTests.dll","CodeFilePath":null,"LineNumber":0,"Properties":[]},"Attachments":[],"Outcome":1,"ErrorMessage":null,"ErrorStackTrace":null,"DisplayName":"TalentConsulting.TalentSuite.Projects.UnitTests.Projects.WhenUsingProjectCommands.ThenCreateProject(newProjectId: False)","Messages":[],"ComputerName":"BRSM0011","Duration":"00:00:00.0887148","StartTime":"2023-08-11T10:20:44.1872719+00:00","EndTime":"2023-08-11T10:20:44.187272+00:00","Properties":[]},{"TestCase":{"Id":"3e6470a3-3371-9e63-c52f-4cd4fd97afa1","FullyQualifiedName":"TalentConsulting.TalentSuite.Projects.UnitTests.Projects.WhenUsingProjectCommands.ThenGetProjectWithNullRequest","DisplayName":"TalentConsulting.TalentSuite.Projects.UnitTests.Projects.WhenUsingProjectCommands.ThenGetProjectWithNullRequest","ExecutorUri":"executor://xunit/VsTestRunner2/netcoreapp","Source":"C:\\Projects\\TalentConsulting\\talentsuite-project-api\\TalentConsulting.TalentSuite.Projects.UnitTests\\bin\\Debug\\net7.0\\fine-code-coverage\\build-output\\TalentConsulting.TalentSuite.Projects.UnitTests.dll","CodeFilePath":null,"LineNumber":0,"Properties":[]},"Attachments":[],"Outcome":1,"ErrorMessage":null,"ErrorStackTrace":null,"DisplayName":"TalentConsulting.TalentSuite.Projects.UnitTests.Projects.WhenUsingProjectCommands.ThenGetProjectWithNullRequest","Messages":[],"ComputerName":"BRSM0011","Duration":"00:00:00.1185424","StartTime":"2023-08-11T10:20:44.3059702+00:00","EndTime":"2023-08-11T10:20:44.3059704+00:00","Properties":[]},{"TestCase":{"Id":"cec5281c-75a3-48a9-531f-7a0610e42bc7","FullyQualifiedName":"TalentConsulting.TalentSuite.Projects.UnitTests.Projects.WhenUsingProjectCommands.ThenGetProject","DisplayName":"TalentConsulting.TalentSuite.Projects.UnitTests.Projects.WhenUsingProjectCommands.ThenGetProject","ExecutorUri":"executor://xunit/VsTestRunner2/netcoreapp","Source":"C:\\Projects\\TalentConsulting\\talentsuite-project-api\\TalentConsulting.TalentSuite.Projects.UnitTests\\bin\\Debug\\net7.0\\fine-code-coverage\\build-output\\TalentConsulting.TalentSuite.Projects.UnitTests.dll","CodeFilePath":null,"LineNumber":0,"Properties":[]},"Attachments":[],"Outcome":1,"ErrorMessage":null,"ErrorStackTrace":null,"DisplayName":"TalentConsulting.TalentSuite.Projects.UnitTests.Projects.WhenUsingProjectCommands.ThenGetProject","Messages":[],"ComputerName":"BRSM0011","Duration":"00:00:00.0907935","StartTime":"2023-08-11T10:20:44.3968496+00:00","EndTime":"2023-08-11T10:20:44.3968498+00:00","Properties":[]},{"TestCase":{"Id":"4e751df4-fca9-1483-2baa-1ca309466365","FullyQualifiedName":"TalentConsulting.TalentSuite.Projects.UnitTests.Projects.WhenUsingProjectCommands.ThenHandle_ThrowsException_WhenProjectNotFound","DisplayName":"TalentConsulting.TalentSuite.Projects.UnitTests.Projects.WhenUsingProjectCommands.ThenHandle_ThrowsException_WhenProjectNotFound","ExecutorUri":"executor://xunit/VsTestRunner2/netcoreapp","Source":"C:\\Projects\\TalentConsulting\\talentsuite-project-api\\TalentConsulting.TalentSuite.Projects.UnitTests\\bin\\Debug\\net7.0\\fine-code-coverage\\build-output\\TalentConsulting.TalentSuite.Projects.UnitTests.dll","CodeFilePath":null,"LineNumber":0,"Properties":[]},"Attachments":[],"Outcome":1,"ErrorMessage":null,"ErrorStackTrace":null,"DisplayName":"TalentConsulting.TalentSuite.Projects.UnitTests.Projects.WhenUsingProjectCommands.ThenHandle_ThrowsException_WhenProjectNotFound","Messages":[],"ComputerName":"BRSM0011","Duration":"00:00:00.0881480","StartTime":"2023-08-11T10:20:44.4851379+00:00","EndTime":"2023-08-11T10:20:44.4851381+00:00","Properties":[]},{"TestCase":{"Id":"a16aa18d-9709-3e76-a1f2-b16842d451e5","FullyQualifiedName":"TalentConsulting.TalentSuite.Projects.UnitTests.Projects.WhenUsingProjectCommands.ThenHandle_ThrowsNotFoundException_WhenProjectIdNotFound","DisplayName":"TalentConsulting.TalentSuite.Projects.UnitTests.Projects.WhenUsingProjectCommands.ThenHandle_ThrowsNotFoundException_WhenProjectIdNotFound","ExecutorUri":"executor://xunit/VsTestRunner2/netcoreapp","Source":"C:\\Projects\\TalentConsulting\\talentsuite-project-api\\TalentConsulting.TalentSuite.Projects.UnitTests\\bin\\Debug\\net7.0\\fine-code-coverage\\build-output\\TalentConsulting.TalentSuite.Projects.UnitTests.dll","CodeFilePath":null,"LineNumber":0,"Properties":[]},"Attachments":[],"Outcome":1,"ErrorMessage":null,"ErrorStackTrace":null,"DisplayName":"TalentConsulting.TalentSuite.Projects.UnitTests.Projects.WhenUsingProjectCommands.ThenHandle_ThrowsNotFoundException_WhenProjectIdNotFound","Messages":[],"ComputerName":"BRSM0011","Duration":"00:00:00.0181301","StartTime":"2023-08-11T10:20:44.5033651+00:00","EndTime":"2023-08-11T10:20:44.5033653+00:00","Properties":[]},{"TestCase":{"Id":"3cfb4fae-8278-42f9-ebc3-4284cc0ac983","FullyQualifiedName":"TalentConsulting.TalentSuite.Projects.UnitTests.Projects.WhenUsingProjectCommands.ThenGetProjectById_ThatDoesNotExist","DisplayName":"TalentConsulting.TalentSuite.Projects.UnitTests.Projects.WhenUsingProjectCommands.ThenGetProjectById_ThatDoesNotExist","ExecutorUri":"executor://xunit/VsTestRunner2/netcoreapp","Source":"C:\\Projects\\TalentConsulting\\talentsuite-project-api\\TalentConsulting.TalentSuite.Projects.UnitTests\\bin\\Debug\\net7.0\\fine-code-coverage\\build-output\\TalentConsulting.TalentSuite.Projects.UnitTests.dll","CodeFilePath":null,"LineNumber":0,"Properties":[]},"Attachments":[],"Outcome":1,"ErrorMessage":null,"ErrorStackTrace":null,"DisplayName":"TalentConsulting.TalentSuite.Projects.UnitTests.Projects.WhenUsingProjectCommands.ThenGetProjectById_ThatDoesNotExist","Messages":[],"ComputerName":"BRSM0011","Duration":"00:00:00.0384154","StartTime":"2023-08-11T10:20:44.5419196+00:00","EndTime":"2023-08-11T10:20:44.5419201+00:00","Properties":[]},{"TestCase":{"Id":"ae3353f7-f6d6-6736-c085-d719246488d5","FullyQualifiedName":"TalentConsulting.TalentSuite.Projects.UnitTests.Projects.WhenUsingProjectCommands.ThenGetProjectById","DisplayName":"TalentConsulting.TalentSuite.Projects.UnitTests.Projects.WhenUsingProjectCommands.ThenGetProjectById","ExecutorUri":"executor://xunit/VsTestRunner2/netcoreapp","Source":"C:\\Projects\\TalentConsulting\\talentsuite-project-api\\TalentConsulting.TalentSuite.Projects.UnitTests\\bin\\Debug\\net7.0\\fine-code-coverage\\build-output\\TalentConsulting.TalentSuite.Projects.UnitTests.dll","CodeFilePath":null,"LineNumber":0,"Properties":[]},"Attachments":[],"Outcome":1,"ErrorMessage":null,"ErrorStackTrace":null,"DisplayName":"TalentConsulting.TalentSuite.Projects.UnitTests.Projects.WhenUsingProjectCommands.ThenGetProjectById","Messages":[],"ComputerName":"BRSM0011","Duration":"00:00:00.0755575","StartTime":"2023-08-11T10:20:44.6175756+00:00","EndTime":"2023-08-11T10:20:44.6175757+00:00","Properties":[]}],"TestRunStatistics":{"ExecutedTests":26,"Stats":{"Passed":26}},"ActiveTests":[]},"RunAttachments":[],"ExecutorUris":["executor://xunit/VsTestRunner2/netcoreapp"]}}
TpTrace Verbose: 0 : 35412, 7, 2023/08/11, 11:20:44.632, 1749082569274, vstest.console.dll, TestRequestSender.EndSession: Sending end session.
TpTrace Verbose: 0 : 35412, 7, 2023/08/11, 11:20:44.632, 1749082570656, vstest.console.dll, ProxyOperationManager.Close: waiting for test host to exit for 100 ms
TpTrace Warning: 0 : 35412, 12, 2023/08/11, 11:20:44.649, 1749082738049, vstest.console.dll, TestHostManagerCallbacks.ErrorReceivedCallback Test host standard error line: 
TpTrace Verbose: 0 : 35412, 12, 2023/08/11, 11:20:44.660, 1749082848476, vstest.console.dll, TestHostProvider.ExitCallBack: Host exited starting callback.
TpTrace Information: 0 : 35412, 12, 2023/08/11, 11:20:44.660, 1749082850653, vstest.console.dll, TestHostManagerCallbacks.ExitCallBack: Testhost processId: 46852 exited with exitcode: 0 error: ''
TpTrace Verbose: 0 : 35412, 12, 2023/08/11, 11:20:44.660, 1749082850981, vstest.console.dll, DotnetTestHostManager.OnHostExited: invoking OnHostExited callback
TpTrace Verbose: 0 : 35412, 12, 2023/08/11, 11:20:44.660, 1749082851359, vstest.console.dll, CrossPlatEngine.TestHostManagerHostExited: calling on client process exit callback.
TpTrace Information: 0 : 35412, 12, 2023/08/11, 11:20:44.660, 1749082851738, vstest.console.dll, TestRequestSender.OnClientProcessExit: Test host process exited. Standard error: 
TpTrace Information: 0 : 35412, 12, 2023/08/11, 11:20:44.660, 1749082852012, vstest.console.dll, SocketServer.Stop: Stop server endPoint: 127.0.0.1:51502
TpTrace Information: 0 : 35412, 12, 2023/08/11, 11:20:44.660, 1749082852182, vstest.console.dll, SocketServer.Stop: Cancellation requested. Stopping message loop.
TpTrace Information: 0 : 35412, 7, 2023/08/11, 11:20:44.660, 1749082852665, vstest.console.dll, SocketServer.Stop: Stop server endPoint: 127.0.0.1:51502
TpTrace Verbose: 0 : 35412, 12, 2023/08/11, 11:20:44.660, 1749082852825, vstest.console.dll, MulticastDelegateUtilities.SafeInvoke: HostProviderEvents.OnHostExited: Invoking callback 1/1 for Microsoft.VisualStudio.TestPlatform.CrossPlatEngine.Client.ProxyOperationManager., took 0 ms.
TpTrace Information: 0 : 35412, 7, 2023/08/11, 11:20:44.660, 1749082853217, vstest.console.dll, SocketServer.Stop: Cancellation requested. Stopping message loop.
TpTrace Information: 0 : 35412, 7, 2023/08/11, 11:20:44.661, 1749082853770, vstest.console.dll, Closing the connection
TpTrace Verbose: 0 : 35412, 7, 2023/08/11, 11:20:44.661, 1749082855351, vstest.console.dll, ProxyDataCollectionManager.InvokeDataCollectionServiceAction: Starting.
TpTrace Information: 0 : 35412, 7, 2023/08/11, 11:20:44.661, 1749082855702, vstest.console.dll, ProxyDataCollectionManager.AfterTestRunEnd: Get attachment set and invoked data collectors processId: 30520 port: 51499
TpTrace Verbose: 0 : 35412, 7, 2023/08/11, 11:20:44.661, 1749082856068, vstest.console.dll, DataCollectionRequestSender.SendAfterTestRunStartAndGetResult: Send AfterTestRunEnd message with isCancelled: False
TpTrace Verbose: 0 : 35412, 7, 2023/08/11, 11:20:44.666, 1749082912865, vstest.console.dll, DataCollectionRequestSender.SendAfterTestRunStartAndGetResult: Received message: (DataCollection.AfterTestRunEndResult) -> {"MessageType":"DataCollection.AfterTestRunEndResult","Payload":{"AttachmentSets":[],"InvokedDataCollectors":[{"Uri":"datacollector://Microsoft/TestPlatform/Extensions/Blame/v1","FriendlyName":"Blame","AssemblyQualifiedName":"Microsoft.TestPlatform.Extensions.BlameDataCollector.BlameCollector, Microsoft.TestPlatform.Extensions.BlameDataCollector, Version=15.0.0.0, Culture=neutral, PublicKeyToken=b03f5f7f11d50a3a","FilePath":"C:\\Program Files\\dotnet\\sdk\\7.0.304\\Extensions\\Microsoft.TestPlatform.Extensions.BlameDataCollector.dll","HasAttachmentProcessor":false}],"Metrics":{}}}
TpTrace Warning: 0 : 35412, 11, 2023/08/11, 11:20:44.670, 1749082950464, vstest.console.dll, DataCollectionLauncher.ErrorReceivedCallback datacollector standard error line: 
TpTrace Information: 0 : 35412, 7, 2023/08/11, 11:20:44.671, 1749082958373, vstest.console.dll, ProxyDataCollectionManager.InvokeDataCollectionServiceAction: Completed.
TpTrace Information: 0 : 35412, 11, 2023/08/11, 11:20:44.676, 1749083007667, vstest.console.dll, DataCollectionLauncher.ExitCallBack: Data collector exited with exitcode: 0 error: ''
TpTrace Verbose: 0 : 35412, 7, 2023/08/11, 11:20:44.698, 1749083230719, vstest.console.dll, TestRunRequest:SendTestRunStatsChange: Starting.
TpTrace Verbose: 0 : 35412, 7, 2023/08/11, 11:20:44.698, 1749083231776, vstest.console.dll, MulticastDelegateUtilities.SafeInvoke: TestRun.RunStatsChanged: Invoking callbacks was skipped because there are no subscribers.
TpTrace Information: 0 : 35412, 7, 2023/08/11, 11:20:44.698, 1749083231964, vstest.console.dll, TestRunRequest:SendTestRunStatsChange: Completed.
TpTrace Verbose: 0 : 35412, 4, 2023/08/11, 11:20:44.698, 1749083232515, vstest.console.dll, MulticastDelegateUtilities.SafeInvoke: InternalTestLoggerEvents.SendTestResult: Invoking callback 1/1 for Microsoft.VisualStudio.TestPlatform.CommandLine.Internal.ConsoleLogger., took 0 ms.
TpTrace Verbose: 0 : 35412, 4, 2023/08/11, 11:20:44.698, 1749083233162, vstest.console.dll, MulticastDelegateUtilities.SafeInvoke: InternalTestLoggerEvents.SendTestResult: Invoking callback 1/1 for Microsoft.VisualStudio.TestPlatform.CommandLine.Internal.ConsoleLogger., took 0 ms.
TpTrace Verbose: 0 : 35412, 4, 2023/08/11, 11:20:44.698, 1749083233498, vstest.console.dll, MulticastDelegateUtilities.SafeInvoke: InternalTestLoggerEvents.SendTestResult: Invoking callback 1/1 for Microsoft.VisualStudio.TestPlatform.CommandLine.Internal.ConsoleLogger., took 0 ms.
TpTrace Verbose: 0 : 35412, 4, 2023/08/11, 11:20:44.699, 1749083233741, vstest.console.dll, MulticastDelegateUtilities.SafeInvoke: InternalTestLoggerEvents.SendTestResult: Invoking callback 1/1 for Microsoft.VisualStudio.TestPlatform.CommandLine.Internal.ConsoleLogger., took 0 ms.
TpTrace Verbose: 0 : 35412, 4, 2023/08/11, 11:20:44.699, 1749083233992, vstest.console.dll, MulticastDelegateUtilities.SafeInvoke: InternalTestLoggerEvents.SendTestResult: Invoking callback 1/1 for Microsoft.VisualStudio.TestPlatform.CommandLine.Internal.ConsoleLogger., took 0 ms.
TpTrace Verbose: 0 : 35412, 4, 2023/08/11, 11:20:44.699, 1749083234263, vstest.console.dll, MulticastDelegateUtilities.SafeInvoke: InternalTestLoggerEvents.SendTestResult: Invoking callback 1/1 for Microsoft.VisualStudio.TestPlatform.CommandLine.Internal.ConsoleLogger., took 0 ms.
TpTrace Verbose: 0 : 35412, 4, 2023/08/11, 11:20:44.699, 1749083234494, vstest.console.dll, MulticastDelegateUtilities.SafeInvoke: InternalTestLoggerEvents.SendTestResult: Invoking callback 1/1 for Microsoft.VisualStudio.TestPlatform.CommandLine.Internal.ConsoleLogger., took 0 ms.
TpTrace Verbose: 0 : 35412, 7, 2023/08/11, 11:20:44.699, 1749083234603, vstest.console.dll, ParallelProxyExecutionManager: HandlePartialRunComplete: Total completed clients = 1, Run complete = True, Run canceled: False.
TpTrace Verbose: 0 : 35412, 4, 2023/08/11, 11:20:44.699, 1749083234751, vstest.console.dll, MulticastDelegateUtilities.SafeInvoke: InternalTestLoggerEvents.SendTestResult: Invoking callback 1/1 for Microsoft.VisualStudio.TestPlatform.CommandLine.Internal.ConsoleLogger., took 0 ms.
TpTrace Verbose: 0 : 35412, 4, 2023/08/11, 11:20:44.699, 1749083235276, vstest.console.dll, MulticastDelegateUtilities.SafeInvoke: InternalTestLoggerEvents.SendTestResult: Invoking callback 1/1 for Microsoft.VisualStudio.TestPlatform.CommandLine.Internal.ConsoleLogger., took 0 ms.
TpTrace Verbose: 0 : 35412, 4, 2023/08/11, 11:20:44.704, 1749083293352, vstest.console.dll, MulticastDelegateUtilities.SafeInvoke: InternalTestLoggerEvents.SendTestRunComplete: Invoking callback 1/2 for Microsoft.TestPlatform.Extensions.BlameDataCollector.BlameLogger., took 0 ms.
TpTrace Verbose: 0 : 35412, 4, 2023/08/11, 11:20:44.708, 1749083331326, vstest.console.dll, MulticastDelegateUtilities.SafeInvoke: InternalTestLoggerEvents.SendTestRunComplete: Invoking callback 2/2 for Microsoft.VisualStudio.TestPlatform.CommandLine.Internal.ConsoleLogger., took 3 ms.
TpTrace Verbose: 0 : 35412, 7, 2023/08/11, 11:20:44.709, 1749083333652, vstest.console.dll, TestRunRequest:TestRunComplete: Starting. IsAborted:False IsCanceled:False.
TpTrace Verbose: 0 : 35412, 7, 2023/08/11, 11:20:44.709, 1749083342197, vstest.console.dll, TestLoggerManager.HandleTestRunComplete: Ignoring as the object is disposed.
TpTrace Verbose: 0 : 35412, 7, 2023/08/11, 11:20:44.710, 1749083343634, vstest.console.dll, MulticastDelegateUtilities.SafeInvoke: TestRun.TestRunComplete: Invoking callback 1/2 for Microsoft.VisualStudio.TestPlatform.CommandLine.TestRunResultAggregator., took 0 ms.
TpTrace Verbose: 0 : 35412, 7, 2023/08/11, 11:20:44.710, 1749083344800, vstest.console.dll, MulticastDelegateUtilities.SafeInvoke: TestRun.TestRunComplete: Invoking callback 2/2 for Microsoft.VisualStudio.TestPlatform.CommandLine.Processors.RunTestsArgumentExecutor+TestRunRequestEventsRegistrar., took 0 ms.
TpTrace Information: 0 : 35412, 7, 2023/08/11, 11:20:44.710, 1749083345385, vstest.console.dll, TestRunRequest:TestRunComplete: Completed.
TpTrace Verbose: 0 : 35412, 7, 2023/08/11, 11:20:44.710, 1749083345637, vstest.console.dll, TestRequestSender.SetOperationComplete: Setting operation complete.
TpTrace Information: 0 : 35412, 7, 2023/08/11, 11:20:44.710, 1749083345820, vstest.console.dll, SocketServer.Stop: Stop server endPoint: 127.0.0.1:51502
TpTrace Verbose: 0 : 35412, 1, 2023/08/11, 11:20:44.710, 1749083345863, vstest.console.dll, TestRunRequest.Dispose: Starting.
TpTrace Information: 0 : 35412, 7, 2023/08/11, 11:20:44.710, 1749083345968, vstest.console.dll, SocketServer.Stop: Cancellation requested. Stopping message loop.
TpTrace Information: 0 : 35412, 1, 2023/08/11, 11:20:44.710, 1749083346523, vstest.console.dll, TestRunRequest.Dispose: Completed.
TpTrace Verbose: 0 : 35412, 7, 2023/08/11, 11:20:44.710, 1749083347087, vstest.console.dll, MulticastDelegateUtilities.SafeInvoke: LengthPrefixCommunicationChannel: MessageReceived: Invoking callback 1/1 for Microsoft.VisualStudio.TestPlatform.CommunicationUtilities.TestRequestSender+<>c__DisplayClass34_0., took 78 ms.
TpTrace Information: 0 : 35412, 7, 2023/08/11, 11:20:44.710, 1749083347493, vstest.console.dll, SocketServer.PrivateStop: Stopping server endPoint: 127.0.0.1:51502 error: 
TpTrace Information: 0 : 35412, 1, 2023/08/11, 11:20:44.710, 1749083347503, vstest.console.dll, TestRequestManager.RunTests: run tests completed.
TpTrace Information: 0 : 35412, 1, 2023/08/11, 11:20:44.710, 1749083348389, vstest.console.dll, RunTestsArgumentProcessor:Execute: Test run is completed.
TpTrace Verbose: 0 : 35412, 1, 2023/08/11, 11:20:44.710, 1749083349823, vstest.console.dll, Executor.Execute: Exiting with exit code of 0
TpTrace Verbose: 0 : 35412, 7, 2023/08/11, 11:20:44.710, 1749083351392, vstest.console.dll, LengthPrefixCommunicationChannel.Dispose: Dispose reader and writer.
TpTrace Information: 0 : 35412, 7, 2023/08/11, 11:20:44.710, 1749083352014, vstest.console.dll, SocketServer.Stop: Raise disconnected event endPoint: 127.0.0.1:51502 error: 
TpTrace Verbose: 0 : 35412, 7, 2023/08/11, 11:20:44.710, 1749083352668, vstest.console.dll, TestRequestSender: OnTestRunAbort: Operation is already complete. Skip error message.
TpTrace Verbose: 0 : 35412, 7, 2023/08/11, 11:20:44.710, 1749083352939, vstest.console.dll, MulticastDelegateUtilities.SafeInvoke: SocketServer: ClientDisconnected: Invoking callback 1/1 for Microsoft.VisualStudio.TestPlatform.CommunicationUtilities.TestRequestSender., took 0 ms.
TpTrace Verbose: 0 : 35412, 7, 2023/08/11, 11:20:44.710, 1749083353108, vstest.console.dll, TcpClientExtensions.MessageLoopAsync: exiting MessageLoopAsync remoteEndPoint: 127.0.0.1:51503 localEndPoint: 127.0.0.1:51502
