TpTrace Verbose: 0 : 43100, 1, 2023/08/11, 11:20:45.620, 1749092449273, vstest.console.dll, Version: 17.6.0-release-20230405-08 Current process architecture: X64
TpTrace Verbose: 0 : 43100, 1, 2023/08/11, 11:20:45.621, 1749092463471, vstest.console.dll, Runtime location: C:\Program Files\dotnet\shared\Microsoft.NETCore.App\7.0.7
TpTrace Verbose: 0 : 43100, 1, 2023/08/11, 11:20:45.623, 1749092483603, vstest.console.dll, ArtifactProcessingPostProcessModeProcessorExecutor.Initialize: ArtifactProcessingMode.Collect
TpTrace Verbose: 0 : 43100, 1, 2023/08/11, 11:20:45.624, 1749092484410, vstest.console.dll, TestSessionCorrelationIdProcessorModeProcessorExecutor.Initialize: TestSessionCorrelationId '2848_cf9ab263-2a30-4a94-8e0b-c6612d6cf7fc'
TpTrace Information: 0 : 43100, 1, 2023/08/11, 11:20:45.629, 1749092536664, vstest.console.dll, FilePatternParser: The given file C:\Projects\TalentConsulting\talentsuite-project-api\tests\TalentConsulting.TalentSuite.Projects.FunctionalTests\bin\Debug\net7.0\fine-code-coverage\build-output\TalentConsulting.TalentSuite.Projects.FunctionalTests.dll is a full path.
TpTrace Verbose: 0 : 43100, 1, 2023/08/11, 11:20:45.632, 1749092566161, vstest.console.dll, TestPluginCache.DiscoverTestExtensions: finding test extensions in assemblies ends with: RuntimeProvider.dll TPluginInfo: Microsoft.VisualStudio.TestPlatform.Common.ExtensionFramework.Utilities.TestRuntimePluginInformation TExtension: Microsoft.VisualStudio.TestPlatform.ObjectModel.Host.ITestRuntimeProvider
TpTrace Verbose: 0 : 43100, 1, 2023/08/11, 11:20:45.632, 1749092568270, vstest.console.dll, TestPluginCache.GetExtensionPaths: Filtered extension paths: 
TpTrace Verbose: 0 : 43100, 1, 2023/08/11, 11:20:45.632, 1749092568812, vstest.console.dll, TestPluginCache.GetExtensionPaths: Added default extension paths: C:\Program Files\dotnet\sdk\7.0.304\Extensions\Microsoft.Diagnostics.NETCore.Client.dll
C:\Program Files\dotnet\sdk\7.0.304\Extensions\Microsoft.TestPlatform.Extensions.BlameDataCollector.dll
C:\Program Files\dotnet\sdk\7.0.304\Extensions\Microsoft.TestPlatform.Extensions.EventLogCollector.dll
C:\Program Files\dotnet\sdk\7.0.304\Extensions\Microsoft.TestPlatform.TestHostRuntimeProvider.dll
C:\Program Files\dotnet\sdk\7.0.304\Extensions\Microsoft.VisualStudio.TestPlatform.Extensions.Html.TestLogger.dll
C:\Program Files\dotnet\sdk\7.0.304\Extensions\Microsoft.VisualStudio.TestPlatform.Extensions.Trx.TestLogger.dll
TpTrace Verbose: 0 : 43100, 1, 2023/08/11, 11:20:45.632, 1749092569008, vstest.console.dll, TestPluginCache.GetExtensionPaths: Added unfilterableExtensionPaths: 
TpTrace Information: 0 : 43100, 1, 2023/08/11, 11:20:45.633, 1749092573668, vstest.console.dll, AssemblyResolver.ctor: Creating AssemblyResolver with searchDirectories C:\Program Files\dotnet\sdk\7.0.304\Extensions,C:\Program Files\dotnet\sdk\7.0.304
TpTrace Verbose: 0 : 43100, 1, 2023/08/11, 11:20:45.633, 1749092580319, vstest.console.dll, TestPluginCache.DiscoverTestExtensions: Discovering the extensions using extension path.
TpTrace Verbose: 0 : 43100, 1, 2023/08/11, 11:20:45.633, 1749092581100, vstest.console.dll, TestPluginCache.GetExtensionPaths: Filtered extension paths: 
TpTrace Verbose: 0 : 43100, 1, 2023/08/11, 11:20:45.633, 1749092581364, vstest.console.dll, TestPluginCache.GetExtensionPaths: Added default extension paths: C:\Program Files\dotnet\sdk\7.0.304\Extensions\Microsoft.Diagnostics.NETCore.Client.dll
C:\Program Files\dotnet\sdk\7.0.304\Extensions\Microsoft.TestPlatform.Extensions.BlameDataCollector.dll
C:\Program Files\dotnet\sdk\7.0.304\Extensions\Microsoft.TestPlatform.Extensions.EventLogCollector.dll
C:\Program Files\dotnet\sdk\7.0.304\Extensions\Microsoft.TestPlatform.TestHostRuntimeProvider.dll
C:\Program Files\dotnet\sdk\7.0.304\Extensions\Microsoft.VisualStudio.TestPlatform.Extensions.Html.TestLogger.dll
C:\Program Files\dotnet\sdk\7.0.304\Extensions\Microsoft.VisualStudio.TestPlatform.Extensions.Trx.TestLogger.dll
TpTrace Verbose: 0 : 43100, 1, 2023/08/11, 11:20:45.633, 1749092581528, vstest.console.dll, TestPluginCache.GetExtensionPaths: Added unfilterableExtensionPaths: 
TpTrace Verbose: 0 : 43100, 1, 2023/08/11, 11:20:45.633, 1749092582303, vstest.console.dll, TestPluginCache.DiscoverTestExtensions: Discovering the extensions using allExtensionPaths: C:\Program Files\dotnet\sdk\7.0.304\Extensions\Microsoft.Diagnostics.NETCore.Client.dll
C:\Program Files\dotnet\sdk\7.0.304\Extensions\Microsoft.TestPlatform.Extensions.BlameDataCollector.dll
C:\Program Files\dotnet\sdk\7.0.304\Extensions\Microsoft.TestPlatform.Extensions.EventLogCollector.dll
C:\Program Files\dotnet\sdk\7.0.304\Extensions\Microsoft.TestPlatform.TestHostRuntimeProvider.dll
C:\Program Files\dotnet\sdk\7.0.304\Extensions\Microsoft.VisualStudio.TestPlatform.Extensions.Html.TestLogger.dll
C:\Program Files\dotnet\sdk\7.0.304\Extensions\Microsoft.VisualStudio.TestPlatform.Extensions.Trx.TestLogger.dll
TpTrace Information: 0 : 43100, 1, 2023/08/11, 11:20:45.633, 1749092582997, vstest.console.dll, AssemblyResolver.AddSearchDirectories: Adding more searchDirectories C:\Program Files\dotnet\sdk\7.0.304\Extensions,C:\Program Files\dotnet\sdk\7.0.304
TpTrace Information: 0 : 43100, 1, 2023/08/11, 11:20:45.633, 1749092583351, vstest.console.dll, AssemblyResolver.AddSearchDirectories: Adding more searchDirectories C:\Program Files\dotnet\sdk\7.0.304\Extensions,C:\Program Files\dotnet\sdk\7.0.304
TpTrace Information: 0 : 43100, 1, 2023/08/11, 11:20:45.633, 1749092583562, vstest.console.dll, AssemblyResolver.AddSearchDirectories: Adding more searchDirectories C:\Program Files\dotnet\sdk\7.0.304\Extensions,C:\Program Files\dotnet\sdk\7.0.304
TpTrace Information: 0 : 43100, 1, 2023/08/11, 11:20:45.634, 1749092583718, vstest.console.dll, AssemblyResolver.AddSearchDirectories: Adding more searchDirectories C:\Program Files\dotnet\sdk\7.0.304\Extensions,C:\Program Files\dotnet\sdk\7.0.304
TpTrace Information: 0 : 43100, 1, 2023/08/11, 11:20:45.634, 1749092583866, vstest.console.dll, AssemblyResolver.AddSearchDirectories: Adding more searchDirectories C:\Program Files\dotnet\sdk\7.0.304\Extensions,C:\Program Files\dotnet\sdk\7.0.304
TpTrace Information: 0 : 43100, 1, 2023/08/11, 11:20:45.634, 1749092584037, vstest.console.dll, AssemblyResolver.AddSearchDirectories: Adding more searchDirectories C:\Program Files\dotnet\sdk\7.0.304\Extensions,C:\Program Files\dotnet\sdk\7.0.304
TpTrace Information: 0 : 43100, 1, 2023/08/11, 11:20:45.634, 1749092586557, vstest.console.dll, AssemblyResolver.OnResolve: Microsoft.Diagnostics.NETCore.Client: Resolving assembly.
TpTrace Information: 0 : 43100, 1, 2023/08/11, 11:20:45.634, 1749092587021, vstest.console.dll, AssemblyResolver.OnResolve: Microsoft.Diagnostics.NETCore.Client: Searching in: 'C:\Program Files\dotnet\sdk\7.0.304\Extensions'.
TpTrace Information: 0 : 43100, 1, 2023/08/11, 11:20:45.638, 1749092628213, vstest.console.dll, AssemblyResolver.OnResolve: Microsoft.Diagnostics.NETCore.Client: Loading assembly 'C:\Program Files\dotnet\sdk\7.0.304\Extensions\Microsoft.Diagnostics.NETCore.Client.dll'.
TpTrace Information: 0 : 43100, 1, 2023/08/11, 11:20:45.638, 1749092631620, vstest.console.dll, AssemblyResolver.OnResolve: Resolved assembly: Microsoft.Diagnostics.NETCore.Client, from path: C:\Program Files\dotnet\sdk\7.0.304\Extensions\Microsoft.Diagnostics.NETCore.Client.dll
TpTrace Verbose: 0 : 43100, 1, 2023/08/11, 11:20:45.639, 1749092638902, vstest.console.dll, MetadataReaderExtensionsHelper: Discovering extensions inside assembly 'Microsoft.Diagnostics.NETCore.Client, Version=0.2.6.42401, Culture=neutral, PublicKeyToken=31bf3856ad364e35' file path 'C:\Program Files\dotnet\sdk\7.0.304\Extensions\Microsoft.Diagnostics.NETCore.Client.dll'
TpTrace Information: 0 : 43100, 1, 2023/08/11, 11:20:45.641, 1749092662713, vstest.console.dll, AssemblyResolver.OnResolve: Microsoft.Bcl.AsyncInterfaces: Resolving assembly.
TpTrace Information: 0 : 43100, 1, 2023/08/11, 11:20:45.641, 1749092663169, vstest.console.dll, AssemblyResolver.OnResolve: Microsoft.Bcl.AsyncInterfaces: Searching in: 'C:\Program Files\dotnet\sdk\7.0.304\Extensions'.
TpTrace Information: 0 : 43100, 1, 2023/08/11, 11:20:45.642, 1749092663677, vstest.console.dll, AssemblyResolver.OnResolve: Microsoft.Bcl.AsyncInterfaces: Assembly path does not exist: 'C:\Program Files\dotnet\sdk\7.0.304\Extensions\Microsoft.Bcl.AsyncInterfaces.dll', returning.
TpTrace Information: 0 : 43100, 1, 2023/08/11, 11:20:45.642, 1749092664284, vstest.console.dll, AssemblyResolver.OnResolve: Microsoft.Bcl.AsyncInterfaces: Assembly path does not exist: 'C:\Program Files\dotnet\sdk\7.0.304\Extensions\Microsoft.Bcl.AsyncInterfaces.exe', returning.
TpTrace Information: 0 : 43100, 1, 2023/08/11, 11:20:45.642, 1749092664470, vstest.console.dll, AssemblyResolver.OnResolve: Microsoft.Bcl.AsyncInterfaces: Searching in: 'C:\Program Files\dotnet\sdk\7.0.304'.
TpTrace Information: 0 : 43100, 1, 2023/08/11, 11:20:45.642, 1749092664829, vstest.console.dll, AssemblyResolver.OnResolve: Microsoft.Bcl.AsyncInterfaces: Assembly path does not exist: 'C:\Program Files\dotnet\sdk\7.0.304\Microsoft.Bcl.AsyncInterfaces.dll', returning.
TpTrace Information: 0 : 43100, 1, 2023/08/11, 11:20:45.642, 1749092665127, vstest.console.dll, AssemblyResolver.OnResolve: Microsoft.Bcl.AsyncInterfaces: Assembly path does not exist: 'C:\Program Files\dotnet\sdk\7.0.304\Microsoft.Bcl.AsyncInterfaces.exe', returning.
TpTrace Information: 0 : 43100, 1, 2023/08/11, 11:20:45.642, 1749092665289, vstest.console.dll, AssemblyResolver.OnResolve: Microsoft.Bcl.AsyncInterfaces: Failed to load assembly.
TpTrace Verbose: 0 : 43100, 1, 2023/08/11, 11:20:45.642, 1749092665480, vstest.console.dll, CurrentDomainAssemblyResolve: Resolving assembly 'Microsoft.Bcl.AsyncInterfaces'.
TpTrace Information: 0 : 43100, 1, 2023/08/11, 11:20:45.642, 1749092665795, vstest.console.dll, AssemblyResolver.OnResolve: Microsoft.Bcl.AsyncInterfaces: Resolving assembly.
TpTrace Information: 0 : 43100, 1, 2023/08/11, 11:20:45.642, 1749092665987, vstest.console.dll, AssemblyResolver.OnResolve: Microsoft.Bcl.AsyncInterfaces: Resolved from cache.
TpTrace Verbose: 0 : 43100, 1, 2023/08/11, 11:20:45.642, 1749092666128, vstest.console.dll, CurrentDomainAssemblyResolve: Resolving assembly 'Microsoft.Bcl.AsyncInterfaces'.
TpTrace Verbose: 0 : 43100, 1, 2023/08/11, 11:20:45.642, 1749092666301, vstest.console.dll, CurrentDomainAssemblyResolve: Failed to resolve assembly 'Microsoft.Bcl.AsyncInterfaces'.
TpTrace Verbose: 0 : 43100, 1, 2023/08/11, 11:20:45.642, 1749092671433, vstest.console.dll, CurrentDomainAssemblyResolve: Failed to resolve assembly 'Microsoft.Bcl.AsyncInterfaces'.
TpTrace Warning: 0 : 43100, 1, 2023/08/11, 11:20:45.646, 1749092710722, vstest.console.dll, TestPluginDiscoverer: Failed to get types from assembly 'Microsoft.Diagnostics.NETCore.Client, Version=0.2.6.42401, Culture=neutral, PublicKeyToken=31bf3856ad364e35'. Error: System.Reflection.ReflectionTypeLoadException: Unable to load one or more of the requested types.
Could not load file or assembly 'Microsoft.Bcl.AsyncInterfaces, Version=1.0.0.0, Culture=neutral, PublicKeyToken=cc7b13ffcd2ddd51'. The system cannot find the file specified.
   at System.Reflection.RuntimeModule.GetTypes(RuntimeModule module)
   at System.Reflection.Assembly.GetTypes()
   at Microsoft.VisualStudio.TestPlatform.Common.ExtensionFramework.TestPluginDiscoverer.GetTestExtensionsFromAssembly[TPluginInfo,TExtension](Assembly assembly, Dictionary`2 pluginInfos, String filePath)
System.IO.FileNotFoundException: Could not load file or assembly 'Microsoft.Bcl.AsyncInterfaces, Version=1.0.0.0, Culture=neutral, PublicKeyToken=cc7b13ffcd2ddd51'. The system cannot find the file specified.
File name: 'Microsoft.Bcl.AsyncInterfaces, Version=1.0.0.0, Culture=neutral, PublicKeyToken=cc7b13ffcd2ddd51'
 ---> System.IO.FileNotFoundException: Could not load file or assembly 'Microsoft.Bcl.AsyncInterfaces, Culture=neutral, PublicKeyToken=null'. The system cannot find the file specified.
File name: 'Microsoft.Bcl.AsyncInterfaces, Culture=neutral, PublicKeyToken=null'
   at System.Reflection.RuntimeAssembly.InternalLoad(AssemblyName assemblyName, StackCrawlMark& stackMark, AssemblyLoadContext assemblyLoadContext, RuntimeAssembly requestingAssembly, Boolean throwOnFileNotFound)
   at System.Reflection.Assembly.Load(AssemblyName assemblyRef)
   at Microsoft.VisualStudio.TestPlatform.Common.ExtensionFramework.TestPluginCache.CurrentDomainAssemblyResolve(Object sender, AssemblyResolveEventArgs args)
   at System.Runtime.Loader.AssemblyLoadContext.GetFirstResolvedAssemblyFromResolvingEvent(AssemblyName assemblyName)
   at System.Runtime.Loader.AssemblyLoadContext.ResolveUsingEvent(AssemblyName assemblyName)
   at System.Runtime.Loader.AssemblyLoadContext.ResolveUsingResolvingEvent(IntPtr gchManagedAssemblyLoadContext, AssemblyName assemblyName)
TpTrace Warning: 0 : 43100, 1, 2023/08/11, 11:20:45.646, 1749092712973, vstest.console.dll, LoaderExceptions: System.IO.FileNotFoundException: Could not load file or assembly 'Microsoft.Bcl.AsyncInterfaces, Version=1.0.0.0, Culture=neutral, PublicKeyToken=cc7b13ffcd2ddd51'. The system cannot find the file specified.
File name: 'Microsoft.Bcl.AsyncInterfaces, Version=1.0.0.0, Culture=neutral, PublicKeyToken=cc7b13ffcd2ddd51'
 ---> System.IO.FileNotFoundException: Could not load file or assembly 'Microsoft.Bcl.AsyncInterfaces, Culture=neutral, PublicKeyToken=null'. The system cannot find the file specified.
File name: 'Microsoft.Bcl.AsyncInterfaces, Culture=neutral, PublicKeyToken=null'
   at System.Reflection.RuntimeAssembly.InternalLoad(AssemblyName assemblyName, StackCrawlMark& stackMark, AssemblyLoadContext assemblyLoadContext, RuntimeAssembly requestingAssembly, Boolean throwOnFileNotFound)
   at System.Reflection.Assembly.Load(AssemblyName assemblyRef)
   at Microsoft.VisualStudio.TestPlatform.Common.ExtensionFramework.TestPluginCache.CurrentDomainAssemblyResolve(Object sender, AssemblyResolveEventArgs args)
   at System.Runtime.Loader.AssemblyLoadContext.GetFirstResolvedAssemblyFromResolvingEvent(AssemblyName assemblyName)
   at System.Runtime.Loader.AssemblyLoadContext.ResolveUsingEvent(AssemblyName assemblyName)
   at System.Runtime.Loader.AssemblyLoadContext.ResolveUsingResolvingEvent(IntPtr gchManagedAssemblyLoadContext, AssemblyName assemblyName)
TpTrace Information: 0 : 43100, 1, 2023/08/11, 11:20:45.647, 1749092714007, vstest.console.dll, AssemblyResolver.OnResolve: Microsoft.TestPlatform.Extensions.BlameDataCollector: Resolving assembly.
TpTrace Information: 0 : 43100, 1, 2023/08/11, 11:20:45.647, 1749092714256, vstest.console.dll, AssemblyResolver.OnResolve: Microsoft.TestPlatform.Extensions.BlameDataCollector: Searching in: 'C:\Program Files\dotnet\sdk\7.0.304\Extensions'.
TpTrace Information: 0 : 43100, 1, 2023/08/11, 11:20:45.647, 1749092715941, vstest.console.dll, AssemblyResolver.OnResolve: Microsoft.TestPlatform.Extensions.BlameDataCollector: Loading assembly 'C:\Program Files\dotnet\sdk\7.0.304\Extensions\Microsoft.TestPlatform.Extensions.BlameDataCollector.dll'.
TpTrace Information: 0 : 43100, 1, 2023/08/11, 11:20:45.647, 1749092718145, vstest.console.dll, AssemblyResolver.OnResolve: Resolved assembly: Microsoft.TestPlatform.Extensions.BlameDataCollector, from path: C:\Program Files\dotnet\sdk\7.0.304\Extensions\Microsoft.TestPlatform.Extensions.BlameDataCollector.dll
TpTrace Verbose: 0 : 43100, 1, 2023/08/11, 11:20:45.647, 1749092718762, vstest.console.dll, MetadataReaderExtensionsHelper: Discovering extensions inside assembly 'Microsoft.TestPlatform.Extensions.BlameDataCollector, Version=15.0.0.0, Culture=neutral, PublicKeyToken=b03f5f7f11d50a3a' file path 'C:\Program Files\dotnet\sdk\7.0.304\Extensions\Microsoft.TestPlatform.Extensions.BlameDataCollector.dll'
TpTrace Information: 0 : 43100, 1, 2023/08/11, 11:20:45.648, 1749092726836, vstest.console.dll, AssemblyResolver.OnResolve: Microsoft.TestPlatform.Extensions.EventLogCollector: Resolving assembly.
TpTrace Information: 0 : 43100, 1, 2023/08/11, 11:20:45.648, 1749092727187, vstest.console.dll, AssemblyResolver.OnResolve: Microsoft.TestPlatform.Extensions.EventLogCollector: Searching in: 'C:\Program Files\dotnet\sdk\7.0.304\Extensions'.
TpTrace Information: 0 : 43100, 1, 2023/08/11, 11:20:45.648, 1749092728679, vstest.console.dll, AssemblyResolver.OnResolve: Microsoft.TestPlatform.Extensions.EventLogCollector: Loading assembly 'C:\Program Files\dotnet\sdk\7.0.304\Extensions\Microsoft.TestPlatform.Extensions.EventLogCollector.dll'.
TpTrace Information: 0 : 43100, 1, 2023/08/11, 11:20:45.648, 1749092730265, vstest.console.dll, AssemblyResolver.OnResolve: Resolved assembly: Microsoft.TestPlatform.Extensions.EventLogCollector, from path: C:\Program Files\dotnet\sdk\7.0.304\Extensions\Microsoft.TestPlatform.Extensions.EventLogCollector.dll
TpTrace Verbose: 0 : 43100, 1, 2023/08/11, 11:20:45.648, 1749092730612, vstest.console.dll, MetadataReaderExtensionsHelper: Discovering extensions inside assembly 'Microsoft.TestPlatform.Extensions.EventLogCollector, Version=15.0.0.0, Culture=neutral, PublicKeyToken=b03f5f7f11d50a3a' file path 'C:\Program Files\dotnet\sdk\7.0.304\Extensions\Microsoft.TestPlatform.Extensions.EventLogCollector.dll'
TpTrace Information: 0 : 43100, 1, 2023/08/11, 11:20:45.649, 1749092740568, vstest.console.dll, AssemblyResolver.OnResolve: Microsoft.TestPlatform.TestHostRuntimeProvider: Resolving assembly.
TpTrace Information: 0 : 43100, 1, 2023/08/11, 11:20:45.649, 1749092741209, vstest.console.dll, AssemblyResolver.OnResolve: Microsoft.TestPlatform.TestHostRuntimeProvider: Searching in: 'C:\Program Files\dotnet\sdk\7.0.304\Extensions'.
TpTrace Information: 0 : 43100, 1, 2023/08/11, 11:20:45.649, 1749092742476, vstest.console.dll, AssemblyResolver.OnResolve: Microsoft.TestPlatform.TestHostRuntimeProvider: Loading assembly 'C:\Program Files\dotnet\sdk\7.0.304\Extensions\Microsoft.TestPlatform.TestHostRuntimeProvider.dll'.
TpTrace Information: 0 : 43100, 1, 2023/08/11, 11:20:45.650, 1749092744586, vstest.console.dll, AssemblyResolver.OnResolve: Resolved assembly: Microsoft.TestPlatform.TestHostRuntimeProvider, from path: C:\Program Files\dotnet\sdk\7.0.304\Extensions\Microsoft.TestPlatform.TestHostRuntimeProvider.dll
TpTrace Verbose: 0 : 43100, 1, 2023/08/11, 11:20:45.650, 1749092744953, vstest.console.dll, MetadataReaderExtensionsHelper: Discovering extensions inside assembly 'Microsoft.TestPlatform.TestHostRuntimeProvider, Version=15.0.0.0, Culture=neutral, PublicKeyToken=b03f5f7f11d50a3a' file path 'C:\Program Files\dotnet\sdk\7.0.304\Extensions\Microsoft.TestPlatform.TestHostRuntimeProvider.dll'
TpTrace Information: 0 : 43100, 1, 2023/08/11, 11:20:45.651, 1749092753752, vstest.console.dll, GetTestExtensionFromType: Register extension with identifier data 'HostProvider://DefaultTestHost' and type 'Microsoft.VisualStudio.TestPlatform.CrossPlatEngine.Hosting.DefaultTestHostManager, Microsoft.TestPlatform.TestHostRuntimeProvider, Version=15.0.0.0, Culture=neutral, PublicKeyToken=b03f5f7f11d50a3a' inside file 'C:\Program Files\dotnet\sdk\7.0.304\Extensions\Microsoft.TestPlatform.TestHostRuntimeProvider.dll'
TpTrace Information: 0 : 43100, 1, 2023/08/11, 11:20:45.651, 1749092755235, vstest.console.dll, GetTestExtensionFromType: Register extension with identifier data 'HostProvider://DotnetTestHost' and type 'Microsoft.VisualStudio.TestPlatform.CrossPlatEngine.Hosting.DotnetTestHostManager, Microsoft.TestPlatform.TestHostRuntimeProvider, Version=15.0.0.0, Culture=neutral, PublicKeyToken=b03f5f7f11d50a3a' inside file 'C:\Program Files\dotnet\sdk\7.0.304\Extensions\Microsoft.TestPlatform.TestHostRuntimeProvider.dll'
TpTrace Information: 0 : 43100, 1, 2023/08/11, 11:20:45.651, 1749092755685, vstest.console.dll, AssemblyResolver.OnResolve: Microsoft.VisualStudio.TestPlatform.Extensions.Html.TestLogger: Resolving assembly.
TpTrace Information: 0 : 43100, 1, 2023/08/11, 11:20:45.651, 1749092755859, vstest.console.dll, AssemblyResolver.OnResolve: Microsoft.VisualStudio.TestPlatform.Extensions.Html.TestLogger: Searching in: 'C:\Program Files\dotnet\sdk\7.0.304\Extensions'.
TpTrace Information: 0 : 43100, 1, 2023/08/11, 11:20:45.651, 1749092757429, vstest.console.dll, AssemblyResolver.OnResolve: Microsoft.VisualStudio.TestPlatform.Extensions.Html.TestLogger: Loading assembly 'C:\Program Files\dotnet\sdk\7.0.304\Extensions\Microsoft.VisualStudio.TestPlatform.Extensions.Html.TestLogger.dll'.
TpTrace Information: 0 : 43100, 1, 2023/08/11, 11:20:45.651, 1749092759383, vstest.console.dll, AssemblyResolver.OnResolve: Resolved assembly: Microsoft.VisualStudio.TestPlatform.Extensions.Html.TestLogger, from path: C:\Program Files\dotnet\sdk\7.0.304\Extensions\Microsoft.VisualStudio.TestPlatform.Extensions.Html.TestLogger.dll
TpTrace Verbose: 0 : 43100, 1, 2023/08/11, 11:20:45.651, 1749092759788, vstest.console.dll, MetadataReaderExtensionsHelper: Discovering extensions inside assembly 'Microsoft.VisualStudio.TestPlatform.Extensions.Html.TestLogger, Version=15.0.0.0, Culture=neutral, PublicKeyToken=b03f5f7f11d50a3a' file path 'C:\Program Files\dotnet\sdk\7.0.304\Extensions\Microsoft.VisualStudio.TestPlatform.Extensions.Html.TestLogger.dll'
TpTrace Information: 0 : 43100, 1, 2023/08/11, 11:20:45.651, 1749092763443, vstest.console.dll, AssemblyResolver.OnResolve: Microsoft.VisualStudio.TestPlatform.Extensions.Trx.TestLogger: Resolving assembly.
TpTrace Information: 0 : 43100, 1, 2023/08/11, 11:20:45.652, 1749092763793, vstest.console.dll, AssemblyResolver.OnResolve: Microsoft.VisualStudio.TestPlatform.Extensions.Trx.TestLogger: Searching in: 'C:\Program Files\dotnet\sdk\7.0.304\Extensions'.
TpTrace Information: 0 : 43100, 1, 2023/08/11, 11:20:45.652, 1749092765108, vstest.console.dll, AssemblyResolver.OnResolve: Microsoft.VisualStudio.TestPlatform.Extensions.Trx.TestLogger: Loading assembly 'C:\Program Files\dotnet\sdk\7.0.304\Extensions\Microsoft.VisualStudio.TestPlatform.Extensions.Trx.TestLogger.dll'.
TpTrace Information: 0 : 43100, 1, 2023/08/11, 11:20:45.652, 1749092767336, vstest.console.dll, AssemblyResolver.OnResolve: Resolved assembly: Microsoft.VisualStudio.TestPlatform.Extensions.Trx.TestLogger, from path: C:\Program Files\dotnet\sdk\7.0.304\Extensions\Microsoft.VisualStudio.TestPlatform.Extensions.Trx.TestLogger.dll
TpTrace Verbose: 0 : 43100, 1, 2023/08/11, 11:20:45.652, 1749092767757, vstest.console.dll, MetadataReaderExtensionsHelper: Discovering extensions inside assembly 'Microsoft.VisualStudio.TestPlatform.Extensions.Trx.TestLogger, Version=15.0.0.0, Culture=neutral, PublicKeyToken=b03f5f7f11d50a3a' file path 'C:\Program Files\dotnet\sdk\7.0.304\Extensions\Microsoft.VisualStudio.TestPlatform.Extensions.Trx.TestLogger.dll'
TpTrace Verbose: 0 : 43100, 1, 2023/08/11, 11:20:45.652, 1749092773436, vstest.console.dll, TestPluginCache: Discovered the extensions using extension path ''.
TpTrace Verbose: 0 : 43100, 1, 2023/08/11, 11:20:45.653, 1749092773882, vstest.console.dll, TestPluginCache: Discoverers are ''.
TpTrace Verbose: 0 : 43100, 1, 2023/08/11, 11:20:45.653, 1749092774034, vstest.console.dll, TestPluginCache: Executors are ''.
TpTrace Verbose: 0 : 43100, 1, 2023/08/11, 11:20:45.653, 1749092774216, vstest.console.dll, TestPluginCache: Executors2 are ''.
TpTrace Verbose: 0 : 43100, 1, 2023/08/11, 11:20:45.653, 1749092774359, vstest.console.dll, TestPluginCache: Setting providers are ''.
TpTrace Verbose: 0 : 43100, 1, 2023/08/11, 11:20:45.653, 1749092774485, vstest.console.dll, TestPluginCache: Loggers are ''.
TpTrace Verbose: 0 : 43100, 1, 2023/08/11, 11:20:45.653, 1749092775260, vstest.console.dll, TestPluginCache: TestHosts are 'HostProvider://DefaultTestHost,HostProvider://DotnetTestHost'.
TpTrace Verbose: 0 : 43100, 1, 2023/08/11, 11:20:45.653, 1749092775474, vstest.console.dll, TestPluginCache: DataCollectors are ''.
TpTrace Information: 0 : 43100, 1, 2023/08/11, 11:20:45.659, 1749092834900, vstest.console.dll, RunTestsArgumentProcessor:Execute: Test run is starting.
TpTrace Verbose: 0 : 43100, 1, 2023/08/11, 11:20:45.659, 1749092835331, vstest.console.dll, RunTestsArgumentProcessor:Execute: Queuing Test run.
TpTrace Information: 0 : 43100, 1, 2023/08/11, 11:20:45.659, 1749092836784, vstest.console.dll, TestRequestManager.RunTests: run tests started.
TpTrace Information: 0 : 43100, 1, 2023/08/11, 11:20:45.660, 1749092844229, vstest.console.dll, AssemblyMetadataProvider.GetFrameworkName: Determined framework:'.NETCoreApp,Version=v7.0' for source: 'C:\Projects\TalentConsulting\talentsuite-project-api\tests\TalentConsulting.TalentSuite.Projects.FunctionalTests\bin\Debug\net7.0\fine-code-coverage\build-output\TalentConsulting.TalentSuite.Projects.FunctionalTests.dll'
TpTrace Information: 0 : 43100, 1, 2023/08/11, 11:20:45.660, 1749092845255, vstest.console.dll, Determined framework for all sources: .NETCoreApp,Version=v7.0
TpTrace Verbose: 0 : 43100, 1, 2023/08/11, 11:20:45.660, 1749092847905, vstest.console.dll, TestRequestManager.UpdateRunSettingsIfRequired: Default architecture: X64 IsDefaultTargetArchitecture: True, Current process architecture: X64 OperatingSystem: Windows.
TpTrace Information: 0 : 43100, 1, 2023/08/11, 11:20:45.661, 1749092859694, vstest.console.dll, AssemblyMetadataProvider.GetArchitecture: Determined architecture:AnyCPU info for assembly: C:\Projects\TalentConsulting\talentsuite-project-api\tests\TalentConsulting.TalentSuite.Projects.FunctionalTests\bin\Debug\net7.0\fine-code-coverage\build-output\TalentConsulting.TalentSuite.Projects.FunctionalTests.dll
TpTrace Information: 0 : 43100, 1, 2023/08/11, 11:20:45.661, 1749092860068, vstest.console.dll, Determined platform for source 'C:\Projects\TalentConsulting\talentsuite-project-api\tests\TalentConsulting.TalentSuite.Projects.FunctionalTests\bin\Debug\net7.0\fine-code-coverage\build-output\TalentConsulting.TalentSuite.Projects.FunctionalTests.dll' was AnyCPU and it will use the default plaform X64.
TpTrace Information: 0 : 43100, 1, 2023/08/11, 11:20:45.661, 1749092860237, vstest.console.dll, None of the sources provided any runnable platform, using the default platform: X64
TpTrace Information: 0 : 43100, 1, 2023/08/11, 11:20:45.661, 1749092860779, vstest.console.dll, Platform was updated to 'X64'.
TpTrace Information: 0 : 43100, 1, 2023/08/11, 11:20:45.663, 1749092881627, vstest.console.dll, InferRunSettingsHelper.IsTestSettingsEnabled: Unable to navigate to RunSettings/MSTest. Current node: RunSettings
TpTrace Information: 0 : 43100, 1, 2023/08/11, 11:20:45.664, 1749092886451, vstest.console.dll, AssemblyResolver.OnResolve: Microsoft.VisualStudio.TestPlatform.Fakes: Resolving assembly.
TpTrace Information: 0 : 43100, 1, 2023/08/11, 11:20:45.664, 1749092886988, vstest.console.dll, AssemblyResolver.OnResolve: Microsoft.VisualStudio.TestPlatform.Fakes: Searching in: 'C:\Program Files\dotnet\sdk\7.0.304\Extensions'.
TpTrace Information: 0 : 43100, 1, 2023/08/11, 11:20:45.664, 1749092887665, vstest.console.dll, AssemblyResolver.OnResolve: Microsoft.VisualStudio.TestPlatform.Fakes: Assembly path does not exist: 'C:\Program Files\dotnet\sdk\7.0.304\Extensions\Microsoft.VisualStudio.TestPlatform.Fakes.dll', returning.
TpTrace Information: 0 : 43100, 1, 2023/08/11, 11:20:45.664, 1749092888162, vstest.console.dll, AssemblyResolver.OnResolve: Microsoft.VisualStudio.TestPlatform.Fakes: Assembly path does not exist: 'C:\Program Files\dotnet\sdk\7.0.304\Extensions\Microsoft.VisualStudio.TestPlatform.Fakes.exe', returning.
TpTrace Information: 0 : 43100, 1, 2023/08/11, 11:20:45.664, 1749092888321, vstest.console.dll, AssemblyResolver.OnResolve: Microsoft.VisualStudio.TestPlatform.Fakes: Searching in: 'C:\Program Files\dotnet\sdk\7.0.304'.
TpTrace Information: 0 : 43100, 1, 2023/08/11, 11:20:45.664, 1749092888717, vstest.console.dll, AssemblyResolver.OnResolve: Microsoft.VisualStudio.TestPlatform.Fakes: Assembly path does not exist: 'C:\Program Files\dotnet\sdk\7.0.304\Microsoft.VisualStudio.TestPlatform.Fakes.dll', returning.
TpTrace Information: 0 : 43100, 1, 2023/08/11, 11:20:45.664, 1749092889284, vstest.console.dll, AssemblyResolver.OnResolve: Microsoft.VisualStudio.TestPlatform.Fakes: Assembly path does not exist: 'C:\Program Files\dotnet\sdk\7.0.304\Microsoft.VisualStudio.TestPlatform.Fakes.exe', returning.
TpTrace Information: 0 : 43100, 1, 2023/08/11, 11:20:45.664, 1749092889445, vstest.console.dll, AssemblyResolver.OnResolve: Microsoft.VisualStudio.TestPlatform.Fakes: Failed to load assembly.
TpTrace Information: 0 : 43100, 1, 2023/08/11, 11:20:45.664, 1749092891443, vstest.console.dll, Failed to load assembly Microsoft.VisualStudio.TestPlatform.Fakes, Version=17.0.0.0, Culture=neutral. Reason:System.IO.FileNotFoundException: Could not load file or assembly 'Microsoft.VisualStudio.TestPlatform.Fakes, Version=17.0.0.0, Culture=neutral, PublicKeyToken=null'. The system cannot find the file specified.
File name: 'Microsoft.VisualStudio.TestPlatform.Fakes, Version=17.0.0.0, Culture=neutral, PublicKeyToken=null'
   at System.Reflection.RuntimeAssembly.InternalLoad(AssemblyName assemblyName, StackCrawlMark& stackMark, AssemblyLoadContext assemblyLoadContext, RuntimeAssembly requestingAssembly, Boolean throwOnFileNotFound)
   at System.Reflection.Assembly.Load(AssemblyName assemblyRef)
   at Microsoft.VisualStudio.TestPlatform.Common.Utilities.FakesUtilities.LoadTestPlatformAssembly()
TpTrace Verbose: 0 : 43100, 1, 2023/08/11, 11:20:45.667, 1749092914074, vstest.console.dll, TestPluginCache.DiscoverTestExtensions: finding test extensions in assemblies ends with: TestLogger.dll TPluginInfo: Microsoft.VisualStudio.TestPlatform.Common.ExtensionFramework.Utilities.TestLoggerPluginInformation TExtension: Microsoft.VisualStudio.TestPlatform.ObjectModel.Client.ITestLogger
TpTrace Verbose: 0 : 43100, 1, 2023/08/11, 11:20:45.667, 1749092914657, vstest.console.dll, TestPluginCache.GetExtensionPaths: Filtered extension paths: 
TpTrace Verbose: 0 : 43100, 1, 2023/08/11, 11:20:45.667, 1749092914855, vstest.console.dll, TestPluginCache.GetExtensionPaths: Added default extension paths: C:\Program Files\dotnet\sdk\7.0.304\Extensions\Microsoft.Diagnostics.NETCore.Client.dll
C:\Program Files\dotnet\sdk\7.0.304\Extensions\Microsoft.TestPlatform.Extensions.BlameDataCollector.dll
C:\Program Files\dotnet\sdk\7.0.304\Extensions\Microsoft.TestPlatform.Extensions.EventLogCollector.dll
C:\Program Files\dotnet\sdk\7.0.304\Extensions\Microsoft.TestPlatform.TestHostRuntimeProvider.dll
C:\Program Files\dotnet\sdk\7.0.304\Extensions\Microsoft.VisualStudio.TestPlatform.Extensions.Html.TestLogger.dll
C:\Program Files\dotnet\sdk\7.0.304\Extensions\Microsoft.VisualStudio.TestPlatform.Extensions.Trx.TestLogger.dll
TpTrace Verbose: 0 : 43100, 1, 2023/08/11, 11:20:45.667, 1749092915047, vstest.console.dll, TestPluginCache.GetExtensionPaths: Added unfilterableExtensionPaths: 
TpTrace Information: 0 : 43100, 1, 2023/08/11, 11:20:45.667, 1749092915838, vstest.console.dll, AssemblyResolver.AddSearchDirectories: Adding more searchDirectories C:\Program Files\dotnet\sdk\7.0.304\Extensions,C:\Program Files\dotnet\sdk\7.0.304
TpTrace Verbose: 0 : 43100, 1, 2023/08/11, 11:20:45.667, 1749092916091, vstest.console.dll, TestPluginCache.DiscoverTestExtensions: Discovering the extensions using extension path.
TpTrace Verbose: 0 : 43100, 1, 2023/08/11, 11:20:45.667, 1749092916272, vstest.console.dll, TestPluginCache.GetExtensionPaths: Filtered extension paths: 
TpTrace Verbose: 0 : 43100, 1, 2023/08/11, 11:20:45.667, 1749092916450, vstest.console.dll, TestPluginCache.GetExtensionPaths: Added default extension paths: C:\Program Files\dotnet\sdk\7.0.304\Extensions\Microsoft.Diagnostics.NETCore.Client.dll
C:\Program Files\dotnet\sdk\7.0.304\Extensions\Microsoft.TestPlatform.Extensions.BlameDataCollector.dll
C:\Program Files\dotnet\sdk\7.0.304\Extensions\Microsoft.TestPlatform.Extensions.EventLogCollector.dll
C:\Program Files\dotnet\sdk\7.0.304\Extensions\Microsoft.TestPlatform.TestHostRuntimeProvider.dll
C:\Program Files\dotnet\sdk\7.0.304\Extensions\Microsoft.VisualStudio.TestPlatform.Extensions.Html.TestLogger.dll
C:\Program Files\dotnet\sdk\7.0.304\Extensions\Microsoft.VisualStudio.TestPlatform.Extensions.Trx.TestLogger.dll
TpTrace Verbose: 0 : 43100, 1, 2023/08/11, 11:20:45.667, 1749092916596, vstest.console.dll, TestPluginCache.GetExtensionPaths: Added unfilterableExtensionPaths: 
TpTrace Verbose: 0 : 43100, 1, 2023/08/11, 11:20:45.667, 1749092916756, vstest.console.dll, TestPluginCache.DiscoverTestExtensions: Discovering the extensions using allExtensionPaths: C:\Program Files\dotnet\sdk\7.0.304\Extensions\Microsoft.Diagnostics.NETCore.Client.dll
C:\Program Files\dotnet\sdk\7.0.304\Extensions\Microsoft.TestPlatform.Extensions.BlameDataCollector.dll
C:\Program Files\dotnet\sdk\7.0.304\Extensions\Microsoft.TestPlatform.Extensions.EventLogCollector.dll
C:\Program Files\dotnet\sdk\7.0.304\Extensions\Microsoft.TestPlatform.TestHostRuntimeProvider.dll
C:\Program Files\dotnet\sdk\7.0.304\Extensions\Microsoft.VisualStudio.TestPlatform.Extensions.Html.TestLogger.dll
C:\Program Files\dotnet\sdk\7.0.304\Extensions\Microsoft.VisualStudio.TestPlatform.Extensions.Trx.TestLogger.dll
TpTrace Information: 0 : 43100, 1, 2023/08/11, 11:20:45.667, 1749092917435, vstest.console.dll, AssemblyResolver.AddSearchDirectories: Adding more searchDirectories C:\Program Files\dotnet\sdk\7.0.304\Extensions,C:\Program Files\dotnet\sdk\7.0.304
TpTrace Information: 0 : 43100, 1, 2023/08/11, 11:20:45.667, 1749092917702, vstest.console.dll, AssemblyResolver.AddSearchDirectories: Adding more searchDirectories C:\Program Files\dotnet\sdk\7.0.304\Extensions,C:\Program Files\dotnet\sdk\7.0.304
TpTrace Information: 0 : 43100, 1, 2023/08/11, 11:20:45.667, 1749092917858, vstest.console.dll, AssemblyResolver.AddSearchDirectories: Adding more searchDirectories C:\Program Files\dotnet\sdk\7.0.304\Extensions,C:\Program Files\dotnet\sdk\7.0.304
TpTrace Information: 0 : 43100, 1, 2023/08/11, 11:20:45.667, 1749092918008, vstest.console.dll, AssemblyResolver.AddSearchDirectories: Adding more searchDirectories C:\Program Files\dotnet\sdk\7.0.304\Extensions,C:\Program Files\dotnet\sdk\7.0.304
TpTrace Information: 0 : 43100, 1, 2023/08/11, 11:20:45.667, 1749092918181, vstest.console.dll, AssemblyResolver.AddSearchDirectories: Adding more searchDirectories C:\Program Files\dotnet\sdk\7.0.304\Extensions,C:\Program Files\dotnet\sdk\7.0.304
TpTrace Information: 0 : 43100, 1, 2023/08/11, 11:20:45.667, 1749092918332, vstest.console.dll, AssemblyResolver.AddSearchDirectories: Adding more searchDirectories C:\Program Files\dotnet\sdk\7.0.304\Extensions,C:\Program Files\dotnet\sdk\7.0.304
TpTrace Verbose: 0 : 43100, 1, 2023/08/11, 11:20:45.667, 1749092918956, vstest.console.dll, MetadataReaderExtensionsHelper: Discovering extensions inside assembly 'Microsoft.Diagnostics.NETCore.Client, Version=0.2.6.42401, Culture=neutral, PublicKeyToken=31bf3856ad364e35' file path 'C:\Program Files\dotnet\sdk\7.0.304\Extensions\Microsoft.Diagnostics.NETCore.Client.dll'
TpTrace Information: 0 : 43100, 1, 2023/08/11, 11:20:45.667, 1749092922733, vstest.console.dll, AssemblyResolver.OnResolve: Microsoft.Bcl.AsyncInterfaces: Resolving assembly.
TpTrace Information: 0 : 43100, 1, 2023/08/11, 11:20:45.667, 1749092923079, vstest.console.dll, AssemblyResolver.OnResolve: Microsoft.Bcl.AsyncInterfaces: Resolved from cache.
TpTrace Verbose: 0 : 43100, 1, 2023/08/11, 11:20:45.667, 1749092923233, vstest.console.dll, CurrentDomainAssemblyResolve: Resolving assembly 'Microsoft.Bcl.AsyncInterfaces'.
TpTrace Information: 0 : 43100, 1, 2023/08/11, 11:20:45.667, 1749092923462, vstest.console.dll, AssemblyResolver.OnResolve: Microsoft.Bcl.AsyncInterfaces: Resolving assembly.
TpTrace Information: 0 : 43100, 1, 2023/08/11, 11:20:45.668, 1749092923606, vstest.console.dll, AssemblyResolver.OnResolve: Microsoft.Bcl.AsyncInterfaces: Resolved from cache.
TpTrace Verbose: 0 : 43100, 1, 2023/08/11, 11:20:45.668, 1749092923761, vstest.console.dll, CurrentDomainAssemblyResolve: Resolving assembly 'Microsoft.Bcl.AsyncInterfaces'.
TpTrace Verbose: 0 : 43100, 1, 2023/08/11, 11:20:45.668, 1749092923896, vstest.console.dll, CurrentDomainAssemblyResolve: Failed to resolve assembly 'Microsoft.Bcl.AsyncInterfaces'.
TpTrace Verbose: 0 : 43100, 1, 2023/08/11, 11:20:45.668, 1749092924742, vstest.console.dll, CurrentDomainAssemblyResolve: Failed to resolve assembly 'Microsoft.Bcl.AsyncInterfaces'.
TpTrace Warning: 0 : 43100, 1, 2023/08/11, 11:20:45.668, 1749092926685, vstest.console.dll, TestPluginDiscoverer: Failed to get types from assembly 'Microsoft.Diagnostics.NETCore.Client, Version=0.2.6.42401, Culture=neutral, PublicKeyToken=31bf3856ad364e35'. Error: System.Reflection.ReflectionTypeLoadException: Unable to load one or more of the requested types.
Could not load file or assembly 'Microsoft.Bcl.AsyncInterfaces, Version=1.0.0.0, Culture=neutral, PublicKeyToken=cc7b13ffcd2ddd51'. The system cannot find the file specified.
   at System.Reflection.RuntimeModule.GetTypes(RuntimeModule module)
   at System.Reflection.Assembly.GetTypes()
   at Microsoft.VisualStudio.TestPlatform.Common.ExtensionFramework.TestPluginDiscoverer.GetTestExtensionsFromAssembly[TPluginInfo,TExtension](Assembly assembly, Dictionary`2 pluginInfos, String filePath)
System.IO.FileNotFoundException: Could not load file or assembly 'Microsoft.Bcl.AsyncInterfaces, Version=1.0.0.0, Culture=neutral, PublicKeyToken=cc7b13ffcd2ddd51'. The system cannot find the file specified.
File name: 'Microsoft.Bcl.AsyncInterfaces, Version=1.0.0.0, Culture=neutral, PublicKeyToken=cc7b13ffcd2ddd51'
 ---> System.IO.FileNotFoundException: Could not load file or assembly 'Microsoft.Bcl.AsyncInterfaces, Culture=neutral, PublicKeyToken=null'. The system cannot find the file specified.
File name: 'Microsoft.Bcl.AsyncInterfaces, Culture=neutral, PublicKeyToken=null'
   at System.Reflection.RuntimeAssembly.InternalLoad(AssemblyName assemblyName, StackCrawlMark& stackMark, AssemblyLoadContext assemblyLoadContext, RuntimeAssembly requestingAssembly, Boolean throwOnFileNotFound)
   at System.Reflection.Assembly.Load(AssemblyName assemblyRef)
   at Microsoft.VisualStudio.TestPlatform.Common.ExtensionFramework.TestPluginCache.CurrentDomainAssemblyResolve(Object sender, AssemblyResolveEventArgs args)
   at System.Runtime.Loader.AssemblyLoadContext.GetFirstResolvedAssemblyFromResolvingEvent(AssemblyName assemblyName)
   at System.Runtime.Loader.AssemblyLoadContext.ResolveUsingEvent(AssemblyName assemblyName)
   at System.Runtime.Loader.AssemblyLoadContext.ResolveUsingResolvingEvent(IntPtr gchManagedAssemblyLoadContext, AssemblyName assemblyName)
TpTrace Warning: 0 : 43100, 1, 2023/08/11, 11:20:45.668, 1749092927555, vstest.console.dll, LoaderExceptions: System.IO.FileNotFoundException: Could not load file or assembly 'Microsoft.Bcl.AsyncInterfaces, Version=1.0.0.0, Culture=neutral, PublicKeyToken=cc7b13ffcd2ddd51'. The system cannot find the file specified.
File name: 'Microsoft.Bcl.AsyncInterfaces, Version=1.0.0.0, Culture=neutral, PublicKeyToken=cc7b13ffcd2ddd51'
 ---> System.IO.FileNotFoundException: Could not load file or assembly 'Microsoft.Bcl.AsyncInterfaces, Culture=neutral, PublicKeyToken=null'. The system cannot find the file specified.
File name: 'Microsoft.Bcl.AsyncInterfaces, Culture=neutral, PublicKeyToken=null'
   at System.Reflection.RuntimeAssembly.InternalLoad(AssemblyName assemblyName, StackCrawlMark& stackMark, AssemblyLoadContext assemblyLoadContext, RuntimeAssembly requestingAssembly, Boolean throwOnFileNotFound)
   at System.Reflection.Assembly.Load(AssemblyName assemblyRef)
   at Microsoft.VisualStudio.TestPlatform.Common.ExtensionFramework.TestPluginCache.CurrentDomainAssemblyResolve(Object sender, AssemblyResolveEventArgs args)
   at System.Runtime.Loader.AssemblyLoadContext.GetFirstResolvedAssemblyFromResolvingEvent(AssemblyName assemblyName)
   at System.Runtime.Loader.AssemblyLoadContext.ResolveUsingEvent(AssemblyName assemblyName)
   at System.Runtime.Loader.AssemblyLoadContext.ResolveUsingResolvingEvent(IntPtr gchManagedAssemblyLoadContext, AssemblyName assemblyName)
TpTrace Verbose: 0 : 43100, 1, 2023/08/11, 11:20:45.668, 1749092927994, vstest.console.dll, MetadataReaderExtensionsHelper: Discovering extensions inside assembly 'Microsoft.TestPlatform.Extensions.BlameDataCollector, Version=15.0.0.0, Culture=neutral, PublicKeyToken=b03f5f7f11d50a3a' file path 'C:\Program Files\dotnet\sdk\7.0.304\Extensions\Microsoft.TestPlatform.Extensions.BlameDataCollector.dll'
TpTrace Information: 0 : 43100, 1, 2023/08/11, 11:20:45.668, 1749092930324, vstest.console.dll, GetTestExtensionFromType: Register extension with identifier data 'logger://Microsoft/TestPlatform/Extensions/Blame/v1' and type 'Microsoft.TestPlatform.Extensions.BlameDataCollector.BlameLogger, Microsoft.TestPlatform.Extensions.BlameDataCollector, Version=15.0.0.0, Culture=neutral, PublicKeyToken=b03f5f7f11d50a3a' inside file 'C:\Program Files\dotnet\sdk\7.0.304\Extensions\Microsoft.TestPlatform.Extensions.BlameDataCollector.dll'
TpTrace Verbose: 0 : 43100, 1, 2023/08/11, 11:20:45.668, 1749092930753, vstest.console.dll, MetadataReaderExtensionsHelper: Discovering extensions inside assembly 'Microsoft.TestPlatform.Extensions.EventLogCollector, Version=15.0.0.0, Culture=neutral, PublicKeyToken=b03f5f7f11d50a3a' file path 'C:\Program Files\dotnet\sdk\7.0.304\Extensions\Microsoft.TestPlatform.Extensions.EventLogCollector.dll'
TpTrace Verbose: 0 : 43100, 1, 2023/08/11, 11:20:45.668, 1749092932321, vstest.console.dll, MetadataReaderExtensionsHelper: Discovering extensions inside assembly 'Microsoft.TestPlatform.TestHostRuntimeProvider, Version=15.0.0.0, Culture=neutral, PublicKeyToken=b03f5f7f11d50a3a' file path 'C:\Program Files\dotnet\sdk\7.0.304\Extensions\Microsoft.TestPlatform.TestHostRuntimeProvider.dll'
TpTrace Verbose: 0 : 43100, 1, 2023/08/11, 11:20:45.669, 1749092933887, vstest.console.dll, MetadataReaderExtensionsHelper: Discovering extensions inside assembly 'Microsoft.VisualStudio.TestPlatform.Extensions.Html.TestLogger, Version=15.0.0.0, Culture=neutral, PublicKeyToken=b03f5f7f11d50a3a' file path 'C:\Program Files\dotnet\sdk\7.0.304\Extensions\Microsoft.VisualStudio.TestPlatform.Extensions.Html.TestLogger.dll'
TpTrace Information: 0 : 43100, 1, 2023/08/11, 11:20:45.669, 1749092936509, vstest.console.dll, GetTestExtensionFromType: Register extension with identifier data 'logger://Microsoft/TestPlatform/HtmlLogger/v1' and type 'Microsoft.VisualStudio.TestPlatform.Extensions.HtmlLogger.HtmlLogger, Microsoft.VisualStudio.TestPlatform.Extensions.Html.TestLogger, Version=15.0.0.0, Culture=neutral, PublicKeyToken=b03f5f7f11d50a3a' inside file 'C:\Program Files\dotnet\sdk\7.0.304\Extensions\Microsoft.VisualStudio.TestPlatform.Extensions.Html.TestLogger.dll'
TpTrace Verbose: 0 : 43100, 1, 2023/08/11, 11:20:45.669, 1749092936920, vstest.console.dll, MetadataReaderExtensionsHelper: Discovering extensions inside assembly 'Microsoft.VisualStudio.TestPlatform.Extensions.Trx.TestLogger, Version=15.0.0.0, Culture=neutral, PublicKeyToken=b03f5f7f11d50a3a' file path 'C:\Program Files\dotnet\sdk\7.0.304\Extensions\Microsoft.VisualStudio.TestPlatform.Extensions.Trx.TestLogger.dll'
TpTrace Information: 0 : 43100, 1, 2023/08/11, 11:20:45.669, 1749092938808, vstest.console.dll, GetTestExtensionFromType: Register extension with identifier data 'logger://Microsoft/TestPlatform/TrxLogger/v1' and type 'Microsoft.VisualStudio.TestPlatform.Extensions.TrxLogger.TrxLogger, Microsoft.VisualStudio.TestPlatform.Extensions.Trx.TestLogger, Version=15.0.0.0, Culture=neutral, PublicKeyToken=b03f5f7f11d50a3a' inside file 'C:\Program Files\dotnet\sdk\7.0.304\Extensions\Microsoft.VisualStudio.TestPlatform.Extensions.Trx.TestLogger.dll'
TpTrace Verbose: 0 : 43100, 1, 2023/08/11, 11:20:45.669, 1749092939299, vstest.console.dll, TestPluginCache: Discovered the extensions using extension path ''.
TpTrace Verbose: 0 : 43100, 1, 2023/08/11, 11:20:45.669, 1749092939503, vstest.console.dll, TestPluginCache: Discoverers are ''.
TpTrace Verbose: 0 : 43100, 1, 2023/08/11, 11:20:45.669, 1749092939635, vstest.console.dll, TestPluginCache: Executors are ''.
TpTrace Verbose: 0 : 43100, 1, 2023/08/11, 11:20:45.669, 1749092939761, vstest.console.dll, TestPluginCache: Executors2 are ''.
TpTrace Verbose: 0 : 43100, 1, 2023/08/11, 11:20:45.669, 1749092939886, vstest.console.dll, TestPluginCache: Setting providers are ''.
TpTrace Verbose: 0 : 43100, 1, 2023/08/11, 11:20:45.669, 1749092940231, vstest.console.dll, TestPluginCache: Loggers are 'logger://Microsoft/TestPlatform/Extensions/Blame/v1,logger://Microsoft/TestPlatform/HtmlLogger/v1,logger://Microsoft/TestPlatform/TrxLogger/v1'.
TpTrace Verbose: 0 : 43100, 1, 2023/08/11, 11:20:45.669, 1749092940488, vstest.console.dll, TestPluginCache: TestHosts are 'HostProvider://DefaultTestHost,HostProvider://DotnetTestHost'.
TpTrace Verbose: 0 : 43100, 1, 2023/08/11, 11:20:45.669, 1749092940680, vstest.console.dll, TestPluginCache: DataCollectors are ''.
TpTrace Information: 0 : 43100, 1, 2023/08/11, 11:20:45.670, 1749092945462, vstest.console.dll, TestPluginManager.CreateTestExtension: Attempting to load test extension: Microsoft.TestPlatform.Extensions.BlameDataCollector.BlameLogger
TpTrace Verbose: 0 : 43100, 1, 2023/08/11, 11:20:45.674, 1749092988432, vstest.console.dll, TestEngine: Initializing Parallel Execution as MaxCpuCount is set to: 1
TpTrace Information: 0 : 43100, 1, 2023/08/11, 11:20:45.675, 1749092998263, vstest.console.dll, TestPluginManager.CreateTestExtension: Attempting to load test extension: Microsoft.VisualStudio.TestPlatform.CrossPlatEngine.Hosting.DefaultTestHostManager
TpTrace Information: 0 : 43100, 1, 2023/08/11, 11:20:45.675, 1749093002299, vstest.console.dll, TestPluginManager.CreateTestExtension: Attempting to load test extension: Microsoft.VisualStudio.TestPlatform.CrossPlatEngine.Hosting.DotnetTestHostManager
TpTrace Information: 0 : 43100, 1, 2023/08/11, 11:20:45.676, 1749093005967, vstest.console.dll, InferRunSettingsHelper.IsTestSettingsEnabled: Unable to navigate to RunSettings/MSTest. Current node: RunSettings
TpTrace Verbose: 0 : 43100, 1, 2023/08/11, 11:20:45.678, 1749093031036, vstest.console.dll, TestEngine.GetExecutionManager: Chosen execution manager 'Microsoft.VisualStudio.TestPlatform.CrossPlatEngine.Client.Parallel.ParallelProxyExecutionManager, Microsoft.TestPlatform.CrossPlatEngine, Version=15.0.0.0, Culture=neutral, PublicKeyToken=b03f5f7f11d50a3a' ParallelLevel '1'.
TpTrace Verbose: 0 : 43100, 1, 2023/08/11, 11:20:45.678, 1749093031878, vstest.console.dll, TestRunRequest.ExecuteAsync: Creating test run request.
TpTrace Verbose: 0 : 43100, 1, 2023/08/11, 11:20:45.678, 1749093033436, vstest.console.dll, TestRunRequest.ExecuteAsync: Starting.
TpTrace Information: 0 : 43100, 1, 2023/08/11, 11:20:45.679, 1749093034928, vstest.console.dll, TestRunRequest.ExecuteAsync: Starting run with settings:TestRunCriteria:
   KeepAlive=False,FrequencyOfRunStatsChangeEvent=10,RunStatsChangeEventTimeout=00:00:01.5000000,TestCaseFilter=,TestExecutorLauncher=
   Settingsxml=<RunSettings>
  <RunConfiguration>
    <ResultsDirectory>C:\Projects\TalentConsulting\talentsuite-project-api\tests\TalentConsulting.TalentSuite.Projects.FunctionalTests\bin\Debug\net7.0\fine-code-coverage\coverage-tool-output</ResultsDirectory>
    <TargetPlatform>X64</TargetPlatform>
    <TargetFrameworkVersion>.NETCoreApp,Version=v7.0</TargetFrameworkVersion>
    <DesignMode>False</DesignMode>
    <CollectSourceInformation>False</CollectSourceInformation>
  </RunConfiguration>
  <LoggerRunSettings>
    <Loggers>
      <Logger friendlyName="blame" enabled="True" />
      <Logger friendlyName="Console" uri="logger://microsoft/TestPlatform/ConsoleLogger/v1" assemblyQualifiedName="Microsoft.VisualStudio.TestPlatform.CommandLine.Internal.ConsoleLogger, vstest.console, Version=15.0.0.0, Culture=neutral, PublicKeyToken=b03f5f7f11d50a3a" codeBase="C:\Program Files\dotnet\sdk\7.0.304\vstest.console.dll" enabled="True" />
    </Loggers>
  </LoggerRunSettings>
  <DataCollectionRunSettings>
    <DataCollectors>
      <DataCollector friendlyName="blame" enabled="True">
        <Configuration>
          <ResultsDirectory>C:\Projects\TalentConsulting\talentsuite-project-api\tests\TalentConsulting.TalentSuite.Projects.FunctionalTests\bin\Debug\net7.0\fine-code-coverage\coverage-tool-output</ResultsDirectory>
        </Configuration>
      </DataCollector>
    </DataCollectors>
  </DataCollectionRunSettings>
</RunSettings>

TpTrace Verbose: 0 : 43100, 1, 2023/08/11, 11:20:45.679, 1749093035250, vstest.console.dll, TestRunRequest.ExecuteAsync: Wait for the first run request is over.
TpTrace Verbose: 0 : 43100, 1, 2023/08/11, 11:20:45.679, 1749093036689, vstest.console.dll, MulticastDelegateUtilities.SafeInvoke: TestRun.TestRunStart: Invoking callbacks was skipped because there are no subscribers.
TpTrace Verbose: 0 : 43100, 4, 2023/08/11, 11:20:45.679, 1749093038119, vstest.console.dll, MulticastDelegateUtilities.SafeInvoke: InternalTestLoggerEvents.SendTestRunStart: Invoking callback 1/1 for Microsoft.VisualStudio.TestPlatform.CommandLine.Internal.ConsoleLogger., took 0 ms.
TpTrace Verbose: 0 : 43100, 1, 2023/08/11, 11:20:45.680, 1749093044506, vstest.console.dll, ParallelProxyExecutionManager: Start execution. Total sources: 1
TpTrace Verbose: 0 : 43100, 1, 2023/08/11, 11:20:45.681, 1749093055171, vstest.console.dll, TestRequestSender is acting as server.
TpTrace Verbose: 0 : 43100, 1, 2023/08/11, 11:20:45.682, 1749093068701, vstest.console.dll, ParallelOperationManager.RunWorkInParallel: Started work on a host.
TpTrace Verbose: 0 : 43100, 1, 2023/08/11, 11:20:45.683, 1749093074670, vstest.console.dll, ProxyParallelExecutionManager: No sources available for execution.
TpTrace Information: 0 : 43100, 1, 2023/08/11, 11:20:45.683, 1749093075113, vstest.console.dll, TestRunRequest.ExecuteAsync: Started.
TpTrace Verbose: 0 : 43100, 1, 2023/08/11, 11:20:45.683, 1749093075647, vstest.console.dll, TestRunRequest.WaitForCompletion: Waiting with timeout -1.
TpTrace Verbose: 0 : 43100, 5, 2023/08/11, 11:20:45.683, 1749093077013, vstest.console.dll, DataCollectionRequestSender.InitializeCommunication : Initialize communication. 
TpTrace Information: 0 : 43100, 5, 2023/08/11, 11:20:45.685, 1749093102138, vstest.console.dll, Listening on Endpoint : 127.0.0.1:51505
TpTrace Verbose: 0 : 43100, 5, 2023/08/11, 11:20:45.690, 1749093147262, vstest.console.dll, DotnetDataCollectionLauncher: Adding  --runtimeconfig "C:\Program Files\dotnet\sdk\7.0.304\datacollector.runtimeconfig.json" in args
TpTrace Verbose: 0 : 43100, 5, 2023/08/11, 11:20:45.690, 1749093148134, vstest.console.dll, DotnetDataCollectionLauncher: Adding  --depsfile "C:\Program Files\dotnet\sdk\7.0.304\datacollector.deps.json" in args
TpTrace Verbose: 0 : 43100, 5, 2023/08/11, 11:20:45.690, 1749093148998, vstest.console.dll, DotnetDataCollectionLauncher: Full path of dotnet.exe is C:\Program Files\dotnet\dotnet.exe
TpTrace Information: 0 : 43100, 5, 2023/08/11, 11:20:45.694, 1749093183839, vstest.console.dll, ProxyDataCollectionManager.Initialize: Launched datacollector processId: 3028 port: 51505
TpTrace Information: 0 : 43100, 5, 2023/08/11, 11:20:45.694, 1749093184552, vstest.console.dll, ProxyDataCollectionManager.Initialize: waiting for connection with timeout: 90 seconds
TpTrace Verbose: 0 : 43100, 5, 2023/08/11, 11:20:45.694, 1749093184845, vstest.console.dll, DataCollectionRequestSender.WaitForRequestHandlerConnection : Waiting for connection with timeout: 90000
TpTrace Information: 0 : 43100, 7, 2023/08/11, 11:20:45.778, 1749094027259, vstest.console.dll, Using the buffer size of 16384 bytes
TpTrace Verbose: 0 : 43100, 5, 2023/08/11, 11:20:45.778, 1749094027638, vstest.console.dll, SocketCommunicationManager.WaitForClientConnection took: 84 ms, with 90000 ms timeout, and finished with True.
TpTrace Information: 0 : 43100, 7, 2023/08/11, 11:20:45.778, 1749094028074, vstest.console.dll, Accepted Client request and set the flag
TpTrace Verbose: 0 : 43100, 5, 2023/08/11, 11:20:45.778, 1749094028897, vstest.console.dll, ProxyDataCollectionManager.InvokeDataCollectionServiceAction: Starting.
TpTrace Information: 0 : 43100, 5, 2023/08/11, 11:20:45.778, 1749094029749, vstest.console.dll, ProxyDataCollectionManager.BeforeTestRunStart: Get environment variable and port for datacollector processId: 3028 port: 51505
TpTrace Verbose: 0 : 43100, 5, 2023/08/11, 11:20:45.778, 1749094030422, vstest.console.dll, DataCollectionRequestSender.SendBeforeTestRunStartAndGetResult: Send BeforeTestRunStart message with settingsXml <RunSettings><RunConfiguration><ResultsDirectory>C:\Projects\TalentConsulting\talentsuite-project-api\tests\TalentConsulting.TalentSuite.Projects.FunctionalTests\bin\Debug\net7.0\fine-code-coverage\coverage-tool-output</ResultsDirectory><TargetPlatform>X64</TargetPlatform><TargetFrameworkVersion>.NETCoreApp,Version=v7.0</TargetFrameworkVersion><DesignMode>False</DesignMode><CollectSourceInformation>False</CollectSourceInformation><TestAdaptersPaths>C:\Program Files\dotnet\sdk\7.0.304\Extensions</TestAdaptersPaths></RunConfiguration><LoggerRunSettings><Loggers><Logger friendlyName="blame" enabled="True" /><Logger friendlyName="Console" uri="logger://microsoft/TestPlatform/ConsoleLogger/v1" assemblyQualifiedName="Microsoft.VisualStudio.TestPlatform.CommandLine.Internal.ConsoleLogger, vstest.console, Version=15.0.0.0, Culture=neutral, PublicKeyToken=b03f5f7f11d50a3a" codeBase="C:\Program Files\dotnet\sdk\7.0.304\vstest.console.dll" enabled="True" /></Loggers></LoggerRunSettings><DataCollectionRunSettings><DataCollectors><DataCollector friendlyName="blame" enabled="True"><Configuration><ResultsDirectory>C:\Projects\TalentConsulting\talentsuite-project-api\tests\TalentConsulting.TalentSuite.Projects.FunctionalTests\bin\Debug\net7.0\fine-code-coverage\coverage-tool-output</ResultsDirectory></Configuration></DataCollector></DataCollectors></DataCollectionRunSettings></RunSettings> and sources System.Collections.Generic.List`1[System.String]: 
TpTrace Verbose: 0 : 43100, 5, 2023/08/11, 11:20:45.819, 1749094442181, vstest.console.dll, DataCollectionRequestSender.SendBeforeTestRunStartAndGetResult: Received message: (DataCollection.SendMessage) -> {"MessageType":"DataCollection.SendMessage","Payload":{"FriendlyName":null,"Uri":null,"TestCaseId":"00000000-0000-0000-0000-000000000000","Message":"Logging DataCollector Diagnostics in file: C:\\Projects\\TalentConsulting\\talentsuite-project-api\\tests\\TalentConsulting.TalentSuite.Projects.FunctionalTests\\bin\\Debug\\net7.0\\fine-code-coverage\\coverage-tool-output\\diagnostics.datacollector.23-08-11_11-20-45_69019_5.log","Level":0}}
TpTrace Verbose: 0 : 43100, 5, 2023/08/11, 11:20:45.873, 1749094975822, vstest.console.dll, DataCollectionRequestSender.SendBeforeTestRunStartAndGetResult: Received message: (DataCollection.BeforeTestRunStartResult) -> {"MessageType":"DataCollection.BeforeTestRunStartResult","Payload":{"EnvironmentVariables":{},"DataCollectionEventsPort":51507}}
TpTrace Information: 0 : 43100, 5, 2023/08/11, 11:20:45.876, 1749095007814, vstest.console.dll, ProxyDataCollectionManager.BeforeTestRunStart: SendBeforeTestRunStartAndGetResult successful, env variable from datacollector:   and testhost port: 51507
TpTrace Information: 0 : 43100, 5, 2023/08/11, 11:20:45.876, 1749095008376, vstest.console.dll, ProxyDataCollectionManager.InvokeDataCollectionServiceAction: Completed.
TpTrace Verbose: 0 : 43100, 5, 2023/08/11, 11:20:45.876, 1749095008969, vstest.console.dll, ProxyExecutionManager: Test host is always Lazy initialize.
TpTrace Verbose: 0 : 43100, 5, 2023/08/11, 11:20:45.876, 1749095010676, vstest.console.dll, TestRequestSender.InitializeCommunication: initialize communication. 
TpTrace Information: 0 : 43100, 5, 2023/08/11, 11:20:45.877, 1749095015496, vstest.console.dll, SocketServer.Start: Listening on endpoint : 127.0.0.1:51508
TpTrace Verbose: 0 : 43100, 5, 2023/08/11, 11:20:45.877, 1749095020962, vstest.console.dll, DotnetTestHostmanager.GetTestHostProcessStartInfo: Platform environment 'X64' target architecture 'X64' framework '.NETCoreApp,Version=v7.0' OS 'Windows'
TpTrace Verbose: 0 : 43100, 5, 2023/08/11, 11:20:45.877, 1749095022439, vstest.console.dll, DotnetTestHostmanager: Adding  --runtimeconfig "C:\Projects\TalentConsulting\talentsuite-project-api\tests\TalentConsulting.TalentSuite.Projects.FunctionalTests\bin\Debug\net7.0\fine-code-coverage\build-output\TalentConsulting.TalentSuite.Projects.FunctionalTests.runtimeconfig.json" in args
TpTrace Verbose: 0 : 43100, 5, 2023/08/11, 11:20:45.877, 1749095023052, vstest.console.dll, DotnetTestHostmanager: Adding  --depsfile "C:\Projects\TalentConsulting\talentsuite-project-api\tests\TalentConsulting.TalentSuite.Projects.FunctionalTests\bin\Debug\net7.0\fine-code-coverage\build-output\TalentConsulting.TalentSuite.Projects.FunctionalTests.deps.json" in args
TpTrace Verbose: 0 : 43100, 5, 2023/08/11, 11:20:45.878, 1749095024159, vstest.console.dll, DotnetTestHostmanager.IsWinOnArm: Current PROCESSOR_ARCHITECTURE from environment variable 'AMD64'
TpTrace Verbose: 0 : 43100, 5, 2023/08/11, 11:20:45.878, 1749095024498, vstest.console.dll, DotnetTestHostmanager.IsWinOnArm: Is Windows on ARM 'False'
TpTrace Verbose: 0 : 43100, 5, 2023/08/11, 11:20:45.878, 1749095025068, vstest.console.dll, DotnetTestHostManager: testhost.exe found at path: C:\Projects\TalentConsulting\talentsuite-project-api\tests\TalentConsulting.TalentSuite.Projects.FunctionalTests\bin\Debug\net7.0\fine-code-coverage\build-output\testhost.exe
TpTrace Verbose: 0 : 43100, 5, 2023/08/11, 11:20:45.878, 1749095025290, vstest.console.dll, DotnetTestHostmanager: Full path of host exe is C:\Projects\TalentConsulting\talentsuite-project-api\tests\TalentConsulting.TalentSuite.Projects.FunctionalTests\bin\Debug\net7.0\fine-code-coverage\build-output\testhost.exe
TpTrace Verbose: 0 : 43100, 5, 2023/08/11, 11:20:45.878, 1749095026109, vstest.console.dll, DotnetTestHostmanager.LaunchTestHostAsync: Found 'VSTEST_WINAPPHOST_DOTNET_ROOT' in env variables, value 'C:\Program Files\dotnet', forwarding to 'DOTNET_ROOT'
TpTrace Verbose: 0 : 43100, 5, 2023/08/11, 11:20:45.878, 1749095027097, vstest.console.dll, DotnetTestHostManager: Starting process 'C:\Projects\TalentConsulting\talentsuite-project-api\tests\TalentConsulting.TalentSuite.Projects.FunctionalTests\bin\Debug\net7.0\fine-code-coverage\build-output\testhost.exe' with command line ' --runtimeconfig "C:\Projects\TalentConsulting\talentsuite-project-api\tests\TalentConsulting.TalentSuite.Projects.FunctionalTests\bin\Debug\net7.0\fine-code-coverage\build-output\TalentConsulting.TalentSuite.Projects.FunctionalTests.runtimeconfig.json" --depsfile "C:\Projects\TalentConsulting\talentsuite-project-api\tests\TalentConsulting.TalentSuite.Projects.FunctionalTests\bin\Debug\net7.0\fine-code-coverage\build-output\TalentConsulting.TalentSuite.Projects.FunctionalTests.deps.json" --port 51508 --endpoint 127.0.0.1:051508 --role client --parentprocessid 43100 --diag "C:\Projects\TalentConsulting\talentsuite-project-api\tests\TalentConsulting.TalentSuite.Projects.FunctionalTests\bin\Debug\net7.0\fine-code-coverage\coverage-tool-output\diagnostics.host.23-08-11_11-20-45_87744_5.log" --tracelevel 4 --datacollectionport 51507 --telemetryoptedin false'
TpTrace Verbose: 0 : 43100, 5, 2023/08/11, 11:20:45.881, 1749095059818, vstest.console.dll, MulticastDelegateUtilities.SafeInvoke: HostProviderEvents.OnHostLaunched: Invoking callback 1/2 for Microsoft.VisualStudio.TestPlatform.CrossPlatEngine.Client.ProxyExecutionManagerWithDataCollection., took 0 ms.
TpTrace Verbose: 0 : 43100, 5, 2023/08/11, 11:20:45.881, 1749095061493, vstest.console.dll, Test Runtime launched
TpTrace Verbose: 0 : 43100, 5, 2023/08/11, 11:20:45.881, 1749095061864, vstest.console.dll, MulticastDelegateUtilities.SafeInvoke: HostProviderEvents.OnHostLaunched: Invoking callback 2/2 for Microsoft.VisualStudio.TestPlatform.CrossPlatEngine.Client.ProxyOperationManager., took 0 ms.
TpTrace Verbose: 0 : 43100, 5, 2023/08/11, 11:20:45.881, 1749095062805, vstest.console.dll, TestRequestSender.WaitForRequestHandlerConnection: waiting for connection with timeout: 90000.
TpTrace Verbose: 0 : 43100, 7, 2023/08/11, 11:20:45.982, 1749096069029, vstest.console.dll, MulticastDelegateUtilities.SafeInvoke: SocketServer: ClientConnected: Invoking callback 1/1 for Microsoft.VisualStudio.TestPlatform.CommunicationUtilities.TestRequestSender., took 0 ms.
TpTrace Verbose: 0 : 43100, 5, 2023/08/11, 11:20:45.982, 1749096069030, vstest.console.dll, TestRequestSender.WaitForRequestHandlerConnection: waiting took 100 ms, with timeout 90000 ms, and result 0, which is success.
TpTrace Verbose: 0 : 43100, 7, 2023/08/11, 11:20:45.982, 1749096070199, vstest.console.dll, SocketServer.OnClientConnected: Client connected for endPoint: 127.0.0.1:51508, starting MessageLoopAsync:
TpTrace Verbose: 0 : 43100, 7, 2023/08/11, 11:20:45.982, 1749096072617, vstest.console.dll, TcpClientExtensions.MessageLoopAsync: Polling on remoteEndPoint: 127.0.0.1:51509 localEndPoint: 127.0.0.1:51508
TpTrace Verbose: 0 : 43100, 5, 2023/08/11, 11:20:45.983, 1749096077453, vstest.console.dll, TestRequestSender.CheckVersionWithTestHost: Sending check version message: {"MessageType":"ProtocolVersion","Payload":7}
TpTrace Verbose: 0 : 43100, 7, 2023/08/11, 11:20:46.057, 1749096815688, vstest.console.dll, TcpClientExtensions.MessageLoopAsync: NotifyDataAvailable remoteEndPoint: 127.0.0.1:51509 localEndPoint: 127.0.0.1:51508
TpTrace Verbose: 0 : 43100, 7, 2023/08/11, 11:20:46.057, 1749096817519, vstest.console.dll, TestRequestSender.CheckVersionWithTestHost: onMessageReceived received message: (ProtocolVersion) -> {"MessageType":"ProtocolVersion","Payload":7}
TpTrace Verbose: 0 : 43100, 7, 2023/08/11, 11:20:46.057, 1749096821680, vstest.console.dll, MulticastDelegateUtilities.SafeInvoke: LengthPrefixCommunicationChannel: MessageReceived: Invoking callback 1/1 for Microsoft.VisualStudio.TestPlatform.CommunicationUtilities.TestRequestSender+<>c__DisplayClass29_0., took 0 ms.
TpTrace Verbose: 0 : 43100, 7, 2023/08/11, 11:20:46.057, 1749096822423, vstest.console.dll, TcpClientExtensions.MessageLoopAsync: Polling on remoteEndPoint: 127.0.0.1:51509 localEndPoint: 127.0.0.1:51508
TpTrace Verbose: 0 : 43100, 5, 2023/08/11, 11:20:46.057, 1749096822496, vstest.console.dll, TestPluginCache.GetExtensionPaths: Filtered extension paths: 
TpTrace Verbose: 0 : 43100, 5, 2023/08/11, 11:20:46.057, 1749096823059, vstest.console.dll, TestPluginCache.GetExtensionPaths: Added default extension paths: C:\Program Files\dotnet\sdk\7.0.304\Extensions\Microsoft.Diagnostics.NETCore.Client.dll
C:\Program Files\dotnet\sdk\7.0.304\Extensions\Microsoft.TestPlatform.Extensions.BlameDataCollector.dll
C:\Program Files\dotnet\sdk\7.0.304\Extensions\Microsoft.TestPlatform.Extensions.EventLogCollector.dll
C:\Program Files\dotnet\sdk\7.0.304\Extensions\Microsoft.TestPlatform.TestHostRuntimeProvider.dll
C:\Program Files\dotnet\sdk\7.0.304\Extensions\Microsoft.VisualStudio.TestPlatform.Extensions.Html.TestLogger.dll
C:\Program Files\dotnet\sdk\7.0.304\Extensions\Microsoft.VisualStudio.TestPlatform.Extensions.Trx.TestLogger.dll
TpTrace Verbose: 0 : 43100, 5, 2023/08/11, 11:20:46.057, 1749096823310, vstest.console.dll, TestPluginCache.GetExtensionPaths: Added unfilterableExtensionPaths: 
TpTrace Verbose: 0 : 43100, 5, 2023/08/11, 11:20:46.059, 1749096843060, vstest.console.dll, TestRequestSender.InitializeExecution: Sending initialize execution with message: {"Version":7,"MessageType":"TestExecution.Initialize","Payload":["C:\\Projects\\TalentConsulting\\talentsuite-project-api\\tests\\TalentConsulting.TalentSuite.Projects.FunctionalTests\\bin\\Debug\\net7.0\\fine-code-coverage\\build-output\\xunit.runner.visualstudio.dotnetcore.testadapter.dll"]}
TpTrace Verbose: 0 : 43100, 5, 2023/08/11, 11:20:46.060, 1749096844418, vstest.console.dll, ParallelProxyExecutionManager: Execution started. Started clients: 1
TpTrace Verbose: 0 : 43100, 5, 2023/08/11, 11:20:46.060, 1749096846137, vstest.console.dll, TestRunRequest:SendTestRunMessage: Starting.
TpTrace Verbose: 0 : 43100, 5, 2023/08/11, 11:20:46.060, 1749096847110, vstest.console.dll, MulticastDelegateUtilities.SafeInvoke: TestRun.LogMessages: Invoking callback 1/1 for Microsoft.VisualStudio.TestPlatform.CommandLine.TestRunResultAggregator., took 0 ms.
TpTrace Information: 0 : 43100, 5, 2023/08/11, 11:20:46.060, 1749096847351, vstest.console.dll, TestRunRequest:SendTestRunMessage: Completed.
TpTrace Verbose: 0 : 43100, 4, 2023/08/11, 11:20:46.060, 1749096848637, vstest.console.dll, MulticastDelegateUtilities.SafeInvoke: InternalTestLoggerEvents.SendTestRunMessage: Invoking callback 1/1 for Microsoft.VisualStudio.TestPlatform.CommandLine.Internal.ConsoleLogger., took 0 ms.
TpTrace Warning: 0 : 43100, 5, 2023/08/11, 11:20:46.060, 1749096849985, vstest.console.dll, InferRunSettingsHelper.MakeRunsettingsCompatible: Removing the following settings: TargetPlatform from RunSettings file. To use those settings please move to latest version of Microsoft.NET.Test.Sdk
TpTrace Verbose: 0 : 43100, 7, 2023/08/11, 11:20:46.060, 1749096851602, vstest.console.dll, TcpClientExtensions.MessageLoopAsync: NotifyDataAvailable remoteEndPoint: 127.0.0.1:51509 localEndPoint: 127.0.0.1:51508
TpTrace Verbose: 0 : 43100, 7, 2023/08/11, 11:20:46.060, 1749096852012, vstest.console.dll, LengthPrefixCommunicationChannel.NotifyDataAvailable: New data are waiting to be received, but there is no subscriber to be notified. Not reading them from the stream.
TpTrace Verbose: 0 : 43100, 7, 2023/08/11, 11:20:46.060, 1749096853160, vstest.console.dll, TcpClientExtensions.MessageLoopAsync: Polling on remoteEndPoint: 127.0.0.1:51509 localEndPoint: 127.0.0.1:51508
TpTrace Verbose: 0 : 43100, 7, 2023/08/11, 11:20:46.060, 1749096853373, vstest.console.dll, TcpClientExtensions.MessageLoopAsync: NotifyDataAvailable remoteEndPoint: 127.0.0.1:51509 localEndPoint: 127.0.0.1:51508
TpTrace Verbose: 0 : 43100, 7, 2023/08/11, 11:20:46.061, 1749096854969, vstest.console.dll, TestRequestSender.OnExecutionMessageReceived: Received message: {"Version":7,"MessageType":"TestSession.Message","Payload":{"MessageLevel":0,"Message":"Logging TestHost Diagnostics in file: C:\\Projects\\TalentConsulting\\talentsuite-project-api\\tests\\TalentConsulting.TalentSuite.Projects.FunctionalTests\\bin\\Debug\\net7.0\\fine-code-coverage\\coverage-tool-output\\diagnostics.host.23-08-11_11-20-45_87744_5.log"}}
TpTrace Verbose: 0 : 43100, 7, 2023/08/11, 11:20:46.062, 1749096869026, vstest.console.dll, TestRunRequest:SendTestRunMessage: Starting.
TpTrace Verbose: 0 : 43100, 7, 2023/08/11, 11:20:46.062, 1749096869880, vstest.console.dll, MulticastDelegateUtilities.SafeInvoke: TestRun.LogMessages: Invoking callback 1/1 for Microsoft.VisualStudio.TestPlatform.CommandLine.TestRunResultAggregator., took 0 ms.
TpTrace Information: 0 : 43100, 7, 2023/08/11, 11:20:46.062, 1749096870236, vstest.console.dll, TestRunRequest:SendTestRunMessage: Completed.
TpTrace Verbose: 0 : 43100, 7, 2023/08/11, 11:20:46.062, 1749096870472, vstest.console.dll, MulticastDelegateUtilities.SafeInvoke: LengthPrefixCommunicationChannel: MessageReceived: Invoking callback 1/1 for Microsoft.VisualStudio.TestPlatform.CommunicationUtilities.TestRequestSender+<>c__DisplayClass34_0., took 1 ms.
TpTrace Verbose: 0 : 43100, 7, 2023/08/11, 11:20:46.062, 1749096870652, vstest.console.dll, TcpClientExtensions.MessageLoopAsync: Polling on remoteEndPoint: 127.0.0.1:51509 localEndPoint: 127.0.0.1:51508
TpTrace Verbose: 0 : 43100, 4, 2023/08/11, 11:20:46.062, 1749096870835, vstest.console.dll, MulticastDelegateUtilities.SafeInvoke: InternalTestLoggerEvents.SendTestRunMessage: Invoking callback 1/1 for Microsoft.VisualStudio.TestPlatform.CommandLine.Internal.ConsoleLogger., took 0 ms.
TpTrace Verbose: 0 : 43100, 5, 2023/08/11, 11:20:46.065, 1749096894783, vstest.console.dll, TestRequestSender.StartTestRun: Sending test run with message: {"Version":7,"MessageType":"TestExecution.StartWithSources","Payload":{"AdapterSourceMap":{"_none_":["C:\\Projects\\TalentConsulting\\talentsuite-project-api\\tests\\TalentConsulting.TalentSuite.Projects.FunctionalTests\\bin\\Debug\\net7.0\\fine-code-coverage\\build-output\\TalentConsulting.TalentSuite.Projects.FunctionalTests.dll"]},"RunSettings":"<RunSettings>\r\n  <RunConfiguration>\r\n    <ResultsDirectory>C:\\Projects\\TalentConsulting\\talentsuite-project-api\\tests\\TalentConsulting.TalentSuite.Projects.FunctionalTests\\bin\\Debug\\net7.0\\fine-code-coverage\\coverage-tool-output</ResultsDirectory>\r\n    <TargetFrameworkVersion>.NETCoreApp,Version=v7.0</TargetFrameworkVersion>\r\n    <DesignMode>False</DesignMode>\r\n    <CollectSourceInformation>False</CollectSourceInformation>\r\n  </RunConfiguration>\r\n  <LoggerRunSettings>\r\n    <Loggers>\r\n      <Logger friendlyName=\"blame\" enabled=\"True\" />\r\n      <Logger friendlyName=\"Console\" uri=\"logger://microsoft/TestPlatform/ConsoleLogger/v1\" assemblyQualifiedName=\"Microsoft.VisualStudio.TestPlatform.CommandLine.Internal.ConsoleLogger, vstest.console, Version=15.0.0.0, Culture=neutral, PublicKeyToken=b03f5f7f11d50a3a\" codeBase=\"C:\\Program Files\\dotnet\\sdk\\7.0.304\\vstest.console.dll\" enabled=\"True\" />\r\n    </Loggers>\r\n  </LoggerRunSettings>\r\n  <DataCollectionRunSettings>\r\n    <DataCollectors>\r\n      <DataCollector friendlyName=\"blame\" enabled=\"True\">\r\n        <Configuration>\r\n          <ResultsDirectory>C:\\Projects\\TalentConsulting\\talentsuite-project-api\\tests\\TalentConsulting.TalentSuite.Projects.FunctionalTests\\bin\\Debug\\net7.0\\fine-code-coverage\\coverage-tool-output</ResultsDirectory>\r\n        </Configuration>\r\n      </DataCollector>\r\n    </DataCollectors>\r\n  </DataCollectionRunSettings>\r\n</RunSettings>","TestExecutionContext":{"FrequencyOfRunStatsChangeEvent":10,"RunStatsChangeEventTimeout":"00:00:01.5000000","InIsolation":false,"KeepAlive":false,"AreTestCaseLevelEventsRequired":false,"IsDebug":false,"TestCaseFilter":null,"FilterOptions":null},"Package":null}}
TpTrace Verbose: 0 : 43100, 7, 2023/08/11, 11:20:46.143, 1749097675315, vstest.console.dll, TcpClientExtensions.MessageLoopAsync: NotifyDataAvailable remoteEndPoint: 127.0.0.1:51509 localEndPoint: 127.0.0.1:51508
TpTrace Verbose: 0 : 43100, 7, 2023/08/11, 11:20:46.143, 1749097677530, vstest.console.dll, TestRequestSender.OnExecutionMessageReceived: Received message: {"Version":7,"MessageType":"TestSession.Message","Payload":{"MessageLevel":0,"Message":"[xUnit.net 00:00:00.00] xUnit.net VSTest Adapter v2.4.5+1caef2f33e (64-bit .NET 7.0.7)"}}
TpTrace Verbose: 0 : 43100, 7, 2023/08/11, 11:20:46.143, 1749097680897, vstest.console.dll, TestRunRequest:SendTestRunMessage: Starting.
TpTrace Verbose: 0 : 43100, 7, 2023/08/11, 11:20:46.143, 1749097681353, vstest.console.dll, MulticastDelegateUtilities.SafeInvoke: TestRun.LogMessages: Invoking callback 1/1 for Microsoft.VisualStudio.TestPlatform.CommandLine.TestRunResultAggregator., took 0 ms.
TpTrace Information: 0 : 43100, 7, 2023/08/11, 11:20:46.143, 1749097681617, vstest.console.dll, TestRunRequest:SendTestRunMessage: Completed.
TpTrace Verbose: 0 : 43100, 4, 2023/08/11, 11:20:46.143, 1749097681712, vstest.console.dll, MulticastDelegateUtilities.SafeInvoke: InternalTestLoggerEvents.SendTestRunMessage: Invoking callback 1/1 for Microsoft.VisualStudio.TestPlatform.CommandLine.Internal.ConsoleLogger., took 0 ms.
TpTrace Verbose: 0 : 43100, 7, 2023/08/11, 11:20:46.143, 1749097681781, vstest.console.dll, MulticastDelegateUtilities.SafeInvoke: LengthPrefixCommunicationChannel: MessageReceived: Invoking callback 1/1 for Microsoft.VisualStudio.TestPlatform.CommunicationUtilities.TestRequestSender+<>c__DisplayClass34_0., took 0 ms.
TpTrace Verbose: 0 : 43100, 7, 2023/08/11, 11:20:46.144, 1749097683733, vstest.console.dll, TcpClientExtensions.MessageLoopAsync: Polling on remoteEndPoint: 127.0.0.1:51509 localEndPoint: 127.0.0.1:51508
TpTrace Verbose: 0 : 43100, 7, 2023/08/11, 11:20:46.714, 1749103391908, vstest.console.dll, TcpClientExtensions.MessageLoopAsync: NotifyDataAvailable remoteEndPoint: 127.0.0.1:51509 localEndPoint: 127.0.0.1:51508
TpTrace Verbose: 0 : 43100, 7, 2023/08/11, 11:20:46.715, 1749103393727, vstest.console.dll, TestRequestSender.OnExecutionMessageReceived: Received message: {"Version":7,"MessageType":"TestSession.Message","Payload":{"MessageLevel":0,"Message":"[xUnit.net 00:00:00.57]   Discovering: TalentConsulting.TalentSuite.Projects.FunctionalTests"}}
TpTrace Verbose: 0 : 43100, 7, 2023/08/11, 11:20:46.715, 1749103395038, vstest.console.dll, TestRunRequest:SendTestRunMessage: Starting.
TpTrace Verbose: 0 : 43100, 7, 2023/08/11, 11:20:46.715, 1749103395489, vstest.console.dll, MulticastDelegateUtilities.SafeInvoke: TestRun.LogMessages: Invoking callback 1/1 for Microsoft.VisualStudio.TestPlatform.CommandLine.TestRunResultAggregator., took 0 ms.
TpTrace Information: 0 : 43100, 7, 2023/08/11, 11:20:46.715, 1749103395677, vstest.console.dll, TestRunRequest:SendTestRunMessage: Completed.
TpTrace Verbose: 0 : 43100, 4, 2023/08/11, 11:20:46.715, 1749103396410, vstest.console.dll, MulticastDelegateUtilities.SafeInvoke: InternalTestLoggerEvents.SendTestRunMessage: Invoking callback 1/1 for Microsoft.VisualStudio.TestPlatform.CommandLine.Internal.ConsoleLogger., took 0 ms.
TpTrace Verbose: 0 : 43100, 7, 2023/08/11, 11:20:46.715, 1749103396431, vstest.console.dll, MulticastDelegateUtilities.SafeInvoke: LengthPrefixCommunicationChannel: MessageReceived: Invoking callback 1/1 for Microsoft.VisualStudio.TestPlatform.CommunicationUtilities.TestRequestSender+<>c__DisplayClass34_0., took 0 ms.
TpTrace Verbose: 0 : 43100, 7, 2023/08/11, 11:20:46.715, 1749103397727, vstest.console.dll, TcpClientExtensions.MessageLoopAsync: Polling on remoteEndPoint: 127.0.0.1:51509 localEndPoint: 127.0.0.1:51508
TpTrace Verbose: 0 : 43100, 7, 2023/08/11, 11:20:46.734, 1749103589076, vstest.console.dll, TcpClientExtensions.MessageLoopAsync: NotifyDataAvailable remoteEndPoint: 127.0.0.1:51509 localEndPoint: 127.0.0.1:51508
TpTrace Verbose: 0 : 43100, 7, 2023/08/11, 11:20:46.734, 1749103590562, vstest.console.dll, TestRequestSender.OnExecutionMessageReceived: Received message: {"Version":7,"MessageType":"TestSession.Message","Payload":{"MessageLevel":0,"Message":"[xUnit.net 00:00:00.59]   Discovered:  TalentConsulting.TalentSuite.Projects.FunctionalTests"}}
TpTrace Verbose: 0 : 43100, 7, 2023/08/11, 11:20:46.734, 1749103591642, vstest.console.dll, TestRunRequest:SendTestRunMessage: Starting.
TpTrace Verbose: 0 : 43100, 7, 2023/08/11, 11:20:46.734, 1749103592029, vstest.console.dll, MulticastDelegateUtilities.SafeInvoke: TestRun.LogMessages: Invoking callback 1/1 for Microsoft.VisualStudio.TestPlatform.CommandLine.TestRunResultAggregator., took 0 ms.
TpTrace Information: 0 : 43100, 7, 2023/08/11, 11:20:46.734, 1749103592191, vstest.console.dll, TestRunRequest:SendTestRunMessage: Completed.
TpTrace Verbose: 0 : 43100, 7, 2023/08/11, 11:20:46.734, 1749103592359, vstest.console.dll, MulticastDelegateUtilities.SafeInvoke: LengthPrefixCommunicationChannel: MessageReceived: Invoking callback 1/1 for Microsoft.VisualStudio.TestPlatform.CommunicationUtilities.TestRequestSender+<>c__DisplayClass34_0., took 0 ms.
TpTrace Verbose: 0 : 43100, 7, 2023/08/11, 11:20:46.734, 1749103592565, vstest.console.dll, TcpClientExtensions.MessageLoopAsync: Polling on remoteEndPoint: 127.0.0.1:51509 localEndPoint: 127.0.0.1:51508
TpTrace Verbose: 0 : 43100, 4, 2023/08/11, 11:20:46.734, 1749103592566, vstest.console.dll, MulticastDelegateUtilities.SafeInvoke: InternalTestLoggerEvents.SendTestRunMessage: Invoking callback 1/1 for Microsoft.VisualStudio.TestPlatform.CommandLine.Internal.ConsoleLogger., took 0 ms.
TpTrace Verbose: 0 : 43100, 7, 2023/08/11, 11:20:46.736, 1749103608365, vstest.console.dll, TcpClientExtensions.MessageLoopAsync: NotifyDataAvailable remoteEndPoint: 127.0.0.1:51509 localEndPoint: 127.0.0.1:51508
TpTrace Verbose: 0 : 43100, 7, 2023/08/11, 11:20:46.736, 1749103609122, vstest.console.dll, TestRequestSender.OnExecutionMessageReceived: Received message: {"Version":7,"MessageType":"TestSession.Message","Payload":{"MessageLevel":0,"Message":"[xUnit.net 00:00:00.59]   Starting:    TalentConsulting.TalentSuite.Projects.FunctionalTests"}}
TpTrace Verbose: 0 : 43100, 7, 2023/08/11, 11:20:46.736, 1749103609707, vstest.console.dll, TestRunRequest:SendTestRunMessage: Starting.
TpTrace Verbose: 0 : 43100, 7, 2023/08/11, 11:20:46.736, 1749103610020, vstest.console.dll, MulticastDelegateUtilities.SafeInvoke: TestRun.LogMessages: Invoking callback 1/1 for Microsoft.VisualStudio.TestPlatform.CommandLine.TestRunResultAggregator., took 0 ms.
TpTrace Information: 0 : 43100, 7, 2023/08/11, 11:20:46.736, 1749103610179, vstest.console.dll, TestRunRequest:SendTestRunMessage: Completed.
TpTrace Verbose: 0 : 43100, 4, 2023/08/11, 11:20:46.736, 1749103610270, vstest.console.dll, MulticastDelegateUtilities.SafeInvoke: InternalTestLoggerEvents.SendTestRunMessage: Invoking callback 1/1 for Microsoft.VisualStudio.TestPlatform.CommandLine.Internal.ConsoleLogger., took 0 ms.
TpTrace Verbose: 0 : 43100, 7, 2023/08/11, 11:20:46.736, 1749103610325, vstest.console.dll, MulticastDelegateUtilities.SafeInvoke: LengthPrefixCommunicationChannel: MessageReceived: Invoking callback 1/1 for Microsoft.VisualStudio.TestPlatform.CommunicationUtilities.TestRequestSender+<>c__DisplayClass34_0., took 0 ms.
TpTrace Verbose: 0 : 43100, 7, 2023/08/11, 11:20:46.736, 1749103611789, vstest.console.dll, TcpClientExtensions.MessageLoopAsync: Polling on remoteEndPoint: 127.0.0.1:51509 localEndPoint: 127.0.0.1:51508
TpTrace Verbose: 0 : 43100, 7, 2023/08/11, 11:20:47.625, 1749112503094, vstest.console.dll, TcpClientExtensions.MessageLoopAsync: NotifyDataAvailable remoteEndPoint: 127.0.0.1:51509 localEndPoint: 127.0.0.1:51508
TpTrace Verbose: 0 : 43100, 7, 2023/08/11, 11:20:47.626, 1749112505159, vstest.console.dll, TestRequestSender.OnExecutionMessageReceived: Received message: {"Version":7,"MessageType":"TestExecution.StatsChange","Payload":{"NewTestResults":[],"TestRunStatistics":{"ExecutedTests":0,"Stats":{}},"ActiveTests":[{"Id":"9e583e8e-d235-19a3-2e81-2259d73113f8","FullyQualifiedName":"TalentConsulting.TalentSuite.Projects.FunctionalTests.WhenUsingProjectsApiUnitTests.ThenProjectsAreRetrieved","DisplayName":"TalentConsulting.TalentSuite.Projects.FunctionalTests.WhenUsingProjectsApiUnitTests.ThenProjectsAreRetrieved","ExecutorUri":"executor://xunit/VsTestRunner2/netcoreapp","Source":"C:\\Projects\\TalentConsulting\\talentsuite-project-api\\tests\\TalentConsulting.TalentSuite.Projects.FunctionalTests\\bin\\Debug\\net7.0\\fine-code-coverage\\build-output\\TalentConsulting.TalentSuite.Projects.FunctionalTests.dll","CodeFilePath":null,"LineNumber":0,"Properties":[]}]}}
TpTrace Verbose: 0 : 43100, 7, 2023/08/11, 11:20:47.634, 1749112591242, vstest.console.dll, TestRunRequest:SendTestRunStatsChange: Starting.
TpTrace Verbose: 0 : 43100, 7, 2023/08/11, 11:20:47.634, 1749112592604, vstest.console.dll, InProgress is TalentConsulting.TalentSuite.Projects.FunctionalTests.WhenUsingProjectsApiUnitTests.ThenProjectsAreRetrieved
TpTrace Verbose: 0 : 43100, 7, 2023/08/11, 11:20:47.634, 1749112593259, vstest.console.dll, MulticastDelegateUtilities.SafeInvoke: TestRun.RunStatsChanged: Invoking callbacks was skipped because there are no subscribers.
TpTrace Information: 0 : 43100, 7, 2023/08/11, 11:20:47.634, 1749112593528, vstest.console.dll, TestRunRequest:SendTestRunStatsChange: Completed.
TpTrace Verbose: 0 : 43100, 7, 2023/08/11, 11:20:47.635, 1749112593908, vstest.console.dll, MulticastDelegateUtilities.SafeInvoke: LengthPrefixCommunicationChannel: MessageReceived: Invoking callback 1/1 for Microsoft.VisualStudio.TestPlatform.CommunicationUtilities.TestRequestSender+<>c__DisplayClass34_0., took 8 ms.
TpTrace Verbose: 0 : 43100, 7, 2023/08/11, 11:20:47.635, 1749112594103, vstest.console.dll, TcpClientExtensions.MessageLoopAsync: Polling on remoteEndPoint: 127.0.0.1:51509 localEndPoint: 127.0.0.1:51508
TpTrace Verbose: 0 : 43100, 7, 2023/08/11, 11:20:47.922, 1749115469921, vstest.console.dll, TcpClientExtensions.MessageLoopAsync: NotifyDataAvailable remoteEndPoint: 127.0.0.1:51509 localEndPoint: 127.0.0.1:51508
TpTrace Verbose: 0 : 43100, 7, 2023/08/11, 11:20:47.922, 1749115471710, vstest.console.dll, TestRequestSender.OnExecutionMessageReceived: Received message: {"Version":7,"MessageType":"TestSession.Message","Payload":{"MessageLevel":0,"Message":"[xUnit.net 00:00:01.78]   Finished:    TalentConsulting.TalentSuite.Projects.FunctionalTests"}}
TpTrace Verbose: 0 : 43100, 7, 2023/08/11, 11:20:47.922, 1749115473587, vstest.console.dll, TestRunRequest:SendTestRunMessage: Starting.
TpTrace Verbose: 0 : 43100, 7, 2023/08/11, 11:20:47.923, 1749115474022, vstest.console.dll, MulticastDelegateUtilities.SafeInvoke: TestRun.LogMessages: Invoking callback 1/1 for Microsoft.VisualStudio.TestPlatform.CommandLine.TestRunResultAggregator., took 0 ms.
TpTrace Information: 0 : 43100, 7, 2023/08/11, 11:20:47.923, 1749115474207, vstest.console.dll, TestRunRequest:SendTestRunMessage: Completed.
TpTrace Verbose: 0 : 43100, 7, 2023/08/11, 11:20:47.923, 1749115474487, vstest.console.dll, MulticastDelegateUtilities.SafeInvoke: LengthPrefixCommunicationChannel: MessageReceived: Invoking callback 1/1 for Microsoft.VisualStudio.TestPlatform.CommunicationUtilities.TestRequestSender+<>c__DisplayClass34_0., took 0 ms.
TpTrace Verbose: 0 : 43100, 4, 2023/08/11, 11:20:47.923, 1749115474436, vstest.console.dll, MulticastDelegateUtilities.SafeInvoke: InternalTestLoggerEvents.SendTestRunMessage: Invoking callback 1/1 for Microsoft.VisualStudio.TestPlatform.CommandLine.Internal.ConsoleLogger., took 0 ms.
TpTrace Verbose: 0 : 43100, 7, 2023/08/11, 11:20:47.923, 1749115474814, vstest.console.dll, TcpClientExtensions.MessageLoopAsync: Polling on remoteEndPoint: 127.0.0.1:51509 localEndPoint: 127.0.0.1:51508
TpTrace Verbose: 0 : 43100, 7, 2023/08/11, 11:20:47.939, 1749115638666, vstest.console.dll, TcpClientExtensions.MessageLoopAsync: NotifyDataAvailable remoteEndPoint: 127.0.0.1:51509 localEndPoint: 127.0.0.1:51508
TpTrace Verbose: 0 : 43100, 7, 2023/08/11, 11:20:47.939, 1749115640612, vstest.console.dll, TestRequestSender.OnExecutionMessageReceived: Received message: {"Version":7,"MessageType":"TestExecution.Completed","Payload":{"TestRunCompleteArgs":{"TestRunStatistics":{"ExecutedTests":3,"Stats":{"Passed":3}},"IsCanceled":false,"IsAborted":false,"Error":null,"AttachmentSets":[],"InvokedDataCollectors":[],"ElapsedTimeInRunningTests":"00:00:01.7875858","Metrics":{},"DiscoveredExtensions":{"TestDiscoverers":["Xunit.Runner.VisualStudio.VsTestRunner, xunit.runner.visualstudio.dotnetcore.testadapter, Version=2.4.0.0, Culture=neutral, PublicKeyToken=8d05b1bb7a6fdb6c"],"TestExecutors":["executor://xunit/VsTestRunner2/netcoreapp"],"TestExecutors2":[],"TestSettingsProviders":[]}},"LastRunTests":{"NewTestResults":[{"TestCase":{"Id":"9e583e8e-d235-19a3-2e81-2259d73113f8","FullyQualifiedName":"TalentConsulting.TalentSuite.Projects.FunctionalTests.WhenUsingProjectsApiUnitTests.ThenProjectsAreRetrieved","DisplayName":"TalentConsulting.TalentSuite.Projects.FunctionalTests.WhenUsingProjectsApiUnitTests.ThenProjectsAreRetrieved","ExecutorUri":"executor://xunit/VsTestRunner2/netcoreapp","Source":"C:\\Projects\\TalentConsulting\\talentsuite-project-api\\tests\\TalentConsulting.TalentSuite.Projects.FunctionalTests\\bin\\Debug\\net7.0\\fine-code-coverage\\build-output\\TalentConsulting.TalentSuite.Projects.FunctionalTests.dll","CodeFilePath":null,"LineNumber":0,"Properties":[]},"Attachments":[],"Outcome":1,"ErrorMessage":null,"ErrorStackTrace":null,"DisplayName":"TalentConsulting.TalentSuite.Projects.FunctionalTests.WhenUsingProjectsApiUnitTests.ThenProjectsAreRetrieved","Messages":[],"ComputerName":"BRSM0011","Duration":"00:00:00.9536625","StartTime":"2023-08-11T10:20:47.7234968+00:00","EndTime":"2023-08-11T10:20:47.7235108+00:00","Properties":[]},{"TestCase":{"Id":"00e2dfc4-b237-d8d9-ed03-5329c16d6c1e","FullyQualifiedName":"TalentConsulting.TalentSuite.Projects.FunctionalTests.WhenUsingProjectsApiUnitTests.ThenTheProjectIsUpdated","DisplayName":"TalentConsulting.TalentSuite.Projects.FunctionalTests.WhenUsingProjectsApiUnitTests.ThenTheProjectIsUpdated","ExecutorUri":"executor://xunit/VsTestRunner2/netcoreapp","Source":"C:\\Projects\\TalentConsulting\\talentsuite-project-api\\tests\\TalentConsulting.TalentSuite.Projects.FunctionalTests\\bin\\Debug\\net7.0\\fine-code-coverage\\build-output\\TalentConsulting.TalentSuite.Projects.FunctionalTests.dll","CodeFilePath":null,"LineNumber":0,"Properties":[]},"Attachments":[],"Outcome":1,"ErrorMessage":null,"ErrorStackTrace":null,"DisplayName":"TalentConsulting.TalentSuite.Projects.FunctionalTests.WhenUsingProjectsApiUnitTests.ThenTheProjectIsUpdated","Messages":[],"ComputerName":"BRSM0011","Duration":"00:00:00.1365790","StartTime":"2023-08-11T10:20:47.8607835+00:00","EndTime":"2023-08-11T10:20:47.8607836+00:00","Properties":[]},{"TestCase":{"Id":"c144706a-5d7f-ea63-4955-3e1c8a89866d","FullyQualifiedName":"TalentConsulting.TalentSuite.Projects.FunctionalTests.WhenUsingProjectsApiUnitTests.ThenTheProjectIsCreated","DisplayName":"TalentConsulting.TalentSuite.Projects.FunctionalTests.WhenUsingProjectsApiUnitTests.ThenTheProjectIsCreated","ExecutorUri":"executor://xunit/VsTestRunner2/netcoreapp","Source":"C:\\Projects\\TalentConsulting\\talentsuite-project-api\\tests\\TalentConsulting.TalentSuite.Projects.FunctionalTests\\bin\\Debug\\net7.0\\fine-code-coverage\\build-output\\TalentConsulting.TalentSuite.Projects.FunctionalTests.dll","CodeFilePath":null,"LineNumber":0,"Properties":[]},"Attachments":[],"Outcome":1,"ErrorMessage":null,"ErrorStackTrace":null,"DisplayName":"TalentConsulting.TalentSuite.Projects.FunctionalTests.WhenUsingProjectsApiUnitTests.ThenTheProjectIsCreated","Messages":[],"ComputerName":"BRSM0011","Duration":"00:00:00.0571174","StartTime":"2023-08-11T10:20:47.9179648+00:00","EndTime":"2023-08-11T10:20:47.917965+00:00","Properties":[]}],"TestRunStatistics":{"ExecutedTests":3,"Stats":{"Passed":3}},"ActiveTests":[]},"RunAttachments":[],"ExecutorUris":["executor://xunit/VsTestRunner2/netcoreapp"]}}
TpTrace Verbose: 0 : 43100, 7, 2023/08/11, 11:20:47.939, 1749115641374, vstest.console.dll, TestRequestSender.EndSession: Sending end session.
TpTrace Verbose: 0 : 43100, 7, 2023/08/11, 11:20:47.939, 1749115642619, vstest.console.dll, ProxyOperationManager.Close: waiting for test host to exit for 100 ms
TpTrace Warning: 0 : 43100, 12, 2023/08/11, 11:20:47.961, 1749115855832, vstest.console.dll, TestHostManagerCallbacks.ErrorReceivedCallback Test host standard error line: 
TpTrace Verbose: 0 : 43100, 12, 2023/08/11, 11:20:47.983, 1749116082255, vstest.console.dll, TestHostProvider.ExitCallBack: Host exited starting callback.
TpTrace Information: 0 : 43100, 12, 2023/08/11, 11:20:47.984, 1749116083954, vstest.console.dll, TestHostManagerCallbacks.ExitCallBack: Testhost processId: 47064 exited with exitcode: 0 error: ''
TpTrace Verbose: 0 : 43100, 12, 2023/08/11, 11:20:47.984, 1749116084244, vstest.console.dll, DotnetTestHostManager.OnHostExited: invoking OnHostExited callback
TpTrace Verbose: 0 : 43100, 12, 2023/08/11, 11:20:47.984, 1749116084588, vstest.console.dll, CrossPlatEngine.TestHostManagerHostExited: calling on client process exit callback.
TpTrace Information: 0 : 43100, 12, 2023/08/11, 11:20:47.984, 1749116084913, vstest.console.dll, TestRequestSender.OnClientProcessExit: Test host process exited. Standard error: 
TpTrace Information: 0 : 43100, 12, 2023/08/11, 11:20:47.984, 1749116085250, vstest.console.dll, SocketServer.Stop: Stop server endPoint: 127.0.0.1:51508
TpTrace Information: 0 : 43100, 12, 2023/08/11, 11:20:47.984, 1749116085429, vstest.console.dll, SocketServer.Stop: Cancellation requested. Stopping message loop.
TpTrace Verbose: 0 : 43100, 12, 2023/08/11, 11:20:47.984, 1749116085885, vstest.console.dll, MulticastDelegateUtilities.SafeInvoke: HostProviderEvents.OnHostExited: Invoking callback 1/1 for Microsoft.VisualStudio.TestPlatform.CrossPlatEngine.Client.ProxyOperationManager., took 0 ms.
TpTrace Information: 0 : 43100, 7, 2023/08/11, 11:20:47.984, 1749116086442, vstest.console.dll, SocketServer.Stop: Stop server endPoint: 127.0.0.1:51508
TpTrace Information: 0 : 43100, 7, 2023/08/11, 11:20:47.984, 1749116086977, vstest.console.dll, SocketServer.Stop: Cancellation requested. Stopping message loop.
TpTrace Information: 0 : 43100, 7, 2023/08/11, 11:20:47.984, 1749116087332, vstest.console.dll, Closing the connection
TpTrace Verbose: 0 : 43100, 7, 2023/08/11, 11:20:47.984, 1749116088838, vstest.console.dll, ProxyDataCollectionManager.InvokeDataCollectionServiceAction: Starting.
TpTrace Information: 0 : 43100, 7, 2023/08/11, 11:20:47.984, 1749116089123, vstest.console.dll, ProxyDataCollectionManager.AfterTestRunEnd: Get attachment set and invoked data collectors processId: 3028 port: 51505
TpTrace Verbose: 0 : 43100, 7, 2023/08/11, 11:20:47.984, 1749116089396, vstest.console.dll, DataCollectionRequestSender.SendAfterTestRunStartAndGetResult: Send AfterTestRunEnd message with isCancelled: False
TpTrace Verbose: 0 : 43100, 7, 2023/08/11, 11:20:47.990, 1749116147659, vstest.console.dll, DataCollectionRequestSender.SendAfterTestRunStartAndGetResult: Received message: (DataCollection.AfterTestRunEndResult) -> {"MessageType":"DataCollection.AfterTestRunEndResult","Payload":{"AttachmentSets":[],"InvokedDataCollectors":[{"Uri":"datacollector://Microsoft/TestPlatform/Extensions/Blame/v1","FriendlyName":"Blame","AssemblyQualifiedName":"Microsoft.TestPlatform.Extensions.BlameDataCollector.BlameCollector, Microsoft.TestPlatform.Extensions.BlameDataCollector, Version=15.0.0.0, Culture=neutral, PublicKeyToken=b03f5f7f11d50a3a","FilePath":"C:\\Program Files\\dotnet\\sdk\\7.0.304\\Extensions\\Microsoft.TestPlatform.Extensions.BlameDataCollector.dll","HasAttachmentProcessor":false}],"Metrics":{}}}
TpTrace Warning: 0 : 43100, 11, 2023/08/11, 11:20:47.994, 1749116186560, vstest.console.dll, DataCollectionLauncher.ErrorReceivedCallback datacollector standard error line: 
TpTrace Information: 0 : 43100, 7, 2023/08/11, 11:20:47.995, 1749116194054, vstest.console.dll, ProxyDataCollectionManager.InvokeDataCollectionServiceAction: Completed.
TpTrace Information: 0 : 43100, 11, 2023/08/11, 11:20:47.999, 1749116235694, vstest.console.dll, DataCollectionLauncher.ExitCallBack: Data collector exited with exitcode: 0 error: ''
TpTrace Verbose: 0 : 43100, 7, 2023/08/11, 11:20:48.022, 1749116470428, vstest.console.dll, TestRunRequest:SendTestRunStatsChange: Starting.
TpTrace Verbose: 0 : 43100, 7, 2023/08/11, 11:20:48.022, 1749116472481, vstest.console.dll, MulticastDelegateUtilities.SafeInvoke: TestRun.RunStatsChanged: Invoking callbacks was skipped because there are no subscribers.
TpTrace Information: 0 : 43100, 7, 2023/08/11, 11:20:48.022, 1749116472775, vstest.console.dll, TestRunRequest:SendTestRunStatsChange: Completed.
TpTrace Verbose: 0 : 43100, 7, 2023/08/11, 11:20:48.023, 1749116475441, vstest.console.dll, ParallelProxyExecutionManager: HandlePartialRunComplete: Total completed clients = 1, Run complete = True, Run canceled: False.
TpTrace Verbose: 0 : 43100, 4, 2023/08/11, 11:20:48.023, 1749116483588, vstest.console.dll, MulticastDelegateUtilities.SafeInvoke: InternalTestLoggerEvents.SendTestResult: Invoking callback 1/1 for Microsoft.VisualStudio.TestPlatform.CommandLine.Internal.ConsoleLogger., took 1 ms.
TpTrace Verbose: 0 : 43100, 4, 2023/08/11, 11:20:48.024, 1749116485424, vstest.console.dll, MulticastDelegateUtilities.SafeInvoke: InternalTestLoggerEvents.SendTestResult: Invoking callback 1/1 for Microsoft.VisualStudio.TestPlatform.CommandLine.Internal.ConsoleLogger., took 0 ms.
TpTrace Verbose: 0 : 43100, 4, 2023/08/11, 11:20:48.024, 1749116485898, vstest.console.dll, MulticastDelegateUtilities.SafeInvoke: InternalTestLoggerEvents.SendTestResult: Invoking callback 1/1 for Microsoft.VisualStudio.TestPlatform.CommandLine.Internal.ConsoleLogger., took 0 ms.
TpTrace Verbose: 0 : 43100, 4, 2023/08/11, 11:20:48.029, 1749116534121, vstest.console.dll, MulticastDelegateUtilities.SafeInvoke: InternalTestLoggerEvents.SendTestRunComplete: Invoking callback 1/2 for Microsoft.TestPlatform.Extensions.BlameDataCollector.BlameLogger., took 0 ms.
TpTrace Verbose: 0 : 43100, 4, 2023/08/11, 11:20:48.032, 1749116568771, vstest.console.dll, MulticastDelegateUtilities.SafeInvoke: InternalTestLoggerEvents.SendTestRunComplete: Invoking callback 2/2 for Microsoft.VisualStudio.TestPlatform.CommandLine.Internal.ConsoleLogger., took 3 ms.
TpTrace Verbose: 0 : 43100, 7, 2023/08/11, 11:20:48.032, 1749116570705, vstest.console.dll, TestRunRequest:TestRunComplete: Starting. IsAborted:False IsCanceled:False.
TpTrace Verbose: 0 : 43100, 7, 2023/08/11, 11:20:48.033, 1749116578793, vstest.console.dll, TestLoggerManager.HandleTestRunComplete: Ignoring as the object is disposed.
TpTrace Verbose: 0 : 43100, 7, 2023/08/11, 11:20:48.033, 1749116579979, vstest.console.dll, MulticastDelegateUtilities.SafeInvoke: TestRun.TestRunComplete: Invoking callback 1/2 for Microsoft.VisualStudio.TestPlatform.CommandLine.TestRunResultAggregator., took 0 ms.
TpTrace Verbose: 0 : 43100, 7, 2023/08/11, 11:20:48.033, 1749116580841, vstest.console.dll, MulticastDelegateUtilities.SafeInvoke: TestRun.TestRunComplete: Invoking callback 2/2 for Microsoft.VisualStudio.TestPlatform.CommandLine.Processors.RunTestsArgumentExecutor+TestRunRequestEventsRegistrar., took 0 ms.
TpTrace Information: 0 : 43100, 7, 2023/08/11, 11:20:48.033, 1749116581435, vstest.console.dll, TestRunRequest:TestRunComplete: Completed.
TpTrace Verbose: 0 : 43100, 7, 2023/08/11, 11:20:48.033, 1749116581661, vstest.console.dll, TestRequestSender.SetOperationComplete: Setting operation complete.
TpTrace Information: 0 : 43100, 7, 2023/08/11, 11:20:48.033, 1749116581806, vstest.console.dll, SocketServer.Stop: Stop server endPoint: 127.0.0.1:51508
TpTrace Information: 0 : 43100, 7, 2023/08/11, 11:20:48.033, 1749116581928, vstest.console.dll, SocketServer.Stop: Cancellation requested. Stopping message loop.
TpTrace Verbose: 0 : 43100, 7, 2023/08/11, 11:20:48.033, 1749116582078, vstest.console.dll, MulticastDelegateUtilities.SafeInvoke: LengthPrefixCommunicationChannel: MessageReceived: Invoking callback 1/1 for Microsoft.VisualStudio.TestPlatform.CommunicationUtilities.TestRequestSender+<>c__DisplayClass34_0., took 94 ms.
TpTrace Information: 0 : 43100, 7, 2023/08/11, 11:20:48.033, 1749116582288, vstest.console.dll, SocketServer.PrivateStop: Stopping server endPoint: 127.0.0.1:51508 error: 
TpTrace Verbose: 0 : 43100, 1, 2023/08/11, 11:20:48.034, 1749116583691, vstest.console.dll, TestRunRequest.Dispose: Starting.
TpTrace Information: 0 : 43100, 1, 2023/08/11, 11:20:48.034, 1749116584414, vstest.console.dll, TestRunRequest.Dispose: Completed.
TpTrace Information: 0 : 43100, 1, 2023/08/11, 11:20:48.034, 1749116584638, vstest.console.dll, TestRequestManager.RunTests: run tests completed.
TpTrace Information: 0 : 43100, 1, 2023/08/11, 11:20:48.034, 1749116585310, vstest.console.dll, RunTestsArgumentProcessor:Execute: Test run is completed.
TpTrace Verbose: 0 : 43100, 7, 2023/08/11, 11:20:48.034, 1749116585605, vstest.console.dll, LengthPrefixCommunicationChannel.Dispose: Dispose reader and writer.
TpTrace Information: 0 : 43100, 7, 2023/08/11, 11:20:48.034, 1749116586103, vstest.console.dll, SocketServer.Stop: Raise disconnected event endPoint: 127.0.0.1:51508 error: 
TpTrace Verbose: 0 : 43100, 7, 2023/08/11, 11:20:48.034, 1749116586630, vstest.console.dll, TestRequestSender: OnTestRunAbort: Operation is already complete. Skip error message.
TpTrace Verbose: 0 : 43100, 1, 2023/08/11, 11:20:48.034, 1749116586684, vstest.console.dll, Executor.Execute: Exiting with exit code of 0
TpTrace Verbose: 0 : 43100, 7, 2023/08/11, 11:20:48.034, 1749116588159, vstest.console.dll, MulticastDelegateUtilities.SafeInvoke: SocketServer: ClientDisconnected: Invoking callback 1/1 for Microsoft.VisualStudio.TestPlatform.CommunicationUtilities.TestRequestSender., took 0 ms.
TpTrace Verbose: 0 : 43100, 7, 2023/08/11, 11:20:48.034, 1749116588586, vstest.console.dll, TcpClientExtensions.MessageLoopAsync: exiting MessageLoopAsync remoteEndPoint: 127.0.0.1:51509 localEndPoint: 127.0.0.1:51508
